<?xml version="1.0" encoding="UTF-8" standalone="yes"?><!DOCTYPE report PUBLIC "-//JACOCO//DTD Report 1.1//EN" "report.dtd"><report name="junrar"><sessioninfo id="LAPTOP-0DNPIBQS-32af4739" start="1648413799435" dump="1648413812651"/><package name="com/github/junrar/crypt"><class name="com/github/junrar/crypt/Rijndael" sourcefilename="Rijndael.java"><method name="&lt;init&gt;" desc="()V" line="37"><counter type="INSTRUCTION" missed="3" covered="0"/><counter type="LINE" missed="1" covered="0"/><counter type="COMPLEXITY" missed="1" covered="0"/><counter type="METHOD" missed="1" covered="0"/></method><method name="buildDecipherer" desc="(Ljava/lang/String;[B)Ljavax/crypto/Cipher;" line="40"><counter type="INSTRUCTION" missed="5" covered="205"/><counter type="BRANCH" missed="1" covered="11"/><counter type="LINE" missed="1" covered="33"/><counter type="COMPLEXITY" missed="1" covered="6"/><counter type="METHOD" missed="0" covered="1"/></method><counter type="INSTRUCTION" missed="8" covered="205"/><counter type="BRANCH" missed="1" covered="11"/><counter type="LINE" missed="2" covered="33"/><counter type="COMPLEXITY" missed="2" covered="6"/><counter type="METHOD" missed="1" covered="1"/><counter type="CLASS" missed="0" covered="1"/></class><sourcefile name="Rijndael.java"><line nr="37" mi="3" ci="0" mb="0" cb="0"/><line nr="40" mi="0" ci="2" mb="1" cb="1"/><line nr="41" mi="5" ci="0" mb="0" cb="0"/><line nr="43" mi="0" ci="3" mb="0" cb="0"/><line nr="44" mi="0" ci="3" mb="0" cb="0"/><line nr="45" mi="0" ci="5" mb="0" cb="0"/><line nr="46" mi="0" ci="5" mb="0" cb="0"/><line nr="47" mi="0" ci="3" mb="0" cb="0"/><line nr="48" mi="0" ci="8" mb="0" cb="2"/><line nr="49" mi="0" ci="8" mb="0" cb="0"/><line nr="50" mi="0" ci="8" mb="0" cb="0"/><line nr="52" mi="0" ci="7" mb="0" cb="0"/><line nr="54" mi="0" ci="3" mb="0" cb="0"/><line nr="56" mi="0" ci="2" mb="0" cb="0"/><line nr="57" mi="0" ci="2" mb="0" cb="0"/><line nr="59" mi="0" ci="4" mb="0" cb="0"/><line nr="60" mi="0" ci="2" mb="0" cb="0"/><line nr="62" mi="0" ci="7" mb="0" cb="2"/><line nr="63" mi="0" ci="3" mb="0" cb="0"/><line nr="64" mi="0" ci="4" mb="0" cb="0"/><line nr="65" mi="0" ci="6" mb="0" cb="0"/><line nr="66" mi="0" ci="6" mb="0" cb="0"/><line nr="68" mi="0" ci="4" mb="0" cb="2"/><line nr="69" mi="0" ci="3" mb="0" cb="0"/><line nr="70" mi="0" ci="3" mb="0" cb="0"/><line nr="71" mi="0" ci="3" mb="0" cb="0"/><line nr="72" mi="0" ci="8" mb="0" cb="0"/><line nr="76" mi="0" ci="4" mb="0" cb="0"/><line nr="77" mi="0" ci="3" mb="0" cb="0"/><line nr="78" mi="0" ci="7" mb="0" cb="2"/><line nr="79" mi="0" ci="7" mb="0" cb="2"/><line nr="80" mi="0" ci="55" mb="0" cb="0"/><line nr="86" mi="0" ci="3" mb="0" cb="0"/><line nr="87" mi="0" ci="12" mb="0" cb="0"/><line nr="88" mi="0" ci="2" mb="0" cb="0"/><counter type="INSTRUCTION" missed="8" covered="205"/><counter type="BRANCH" missed="1" covered="11"/><counter type="LINE" missed="2" covered="33"/><counter type="COMPLEXITY" missed="2" covered="6"/><counter type="METHOD" missed="1" covered="1"/><counter type="CLASS" missed="0" covered="1"/></sourcefile><counter type="INSTRUCTION" missed="8" covered="205"/><counter type="BRANCH" missed="1" covered="11"/><counter type="LINE" missed="2" covered="33"/><counter type="COMPLEXITY" missed="2" covered="6"/><counter type="METHOD" missed="1" covered="1"/><counter type="CLASS" missed="0" covered="1"/></package><package name="com/github/junrar/io"><class name="com/github/junrar/io/RawDataIo" sourcefilename="RawDataIo.java"><method name="&lt;init&gt;" desc="(Lcom/github/junrar/io/SeekableReadOnlyByteChannel;)V" line="8"><counter type="INSTRUCTION" missed="0" covered="21"/><counter type="LINE" missed="0" covered="7"/><counter type="COMPLEXITY" missed="0" covered="1"/><counter type="METHOD" missed="0" covered="1"/></method><method name="getCipher" desc="()Ljavax/crypto/Cipher;" line="19"><counter type="INSTRUCTION" missed="3" covered="0"/><counter type="LINE" missed="1" covered="0"/><counter type="COMPLEXITY" missed="1" covered="0"/><counter type="METHOD" missed="1" covered="0"/></method><method name="setCipher" desc="(Ljavax/crypto/Cipher;)V" line="23"><counter type="INSTRUCTION" missed="0" covered="7"/><counter type="LINE" missed="0" covered="3"/><counter type="COMPLEXITY" missed="0" covered="1"/><counter type="METHOD" missed="0" covered="1"/></method><method name="getPosition" desc="()J" line="29"><counter type="INSTRUCTION" missed="4" covered="0"/><counter type="LINE" missed="1" covered="0"/><counter type="COMPLEXITY" missed="1" covered="0"/><counter type="METHOD" missed="1" covered="0"/></method><method name="setPosition" desc="(J)V" line="34"><counter type="INSTRUCTION" missed="5" covered="0"/><counter type="LINE" missed="2" covered="0"/><counter type="COMPLEXITY" missed="1" covered="0"/><counter type="METHOD" missed="1" covered="0"/></method><method name="read" desc="()I" line="39"><counter type="INSTRUCTION" missed="12" covered="0"/><counter type="LINE" missed="2" covered="0"/><counter type="COMPLEXITY" missed="1" covered="0"/><counter type="METHOD" missed="1" covered="0"/></method><method name="read" desc="([BII)I" line="45"><counter type="INSTRUCTION" missed="0" covered="16"/><counter type="LINE" missed="0" covered="4"/><counter type="COMPLEXITY" missed="0" covered="1"/><counter type="METHOD" missed="0" covered="1"/></method><method name="readFully" desc="([BI)I" line="53"><counter type="INSTRUCTION" missed="0" covered="83"/><counter type="BRANCH" missed="1" covered="9"/><counter type="LINE" missed="0" covered="16"/><counter type="COMPLEXITY" missed="1" covered="5"/><counter type="METHOD" missed="0" covered="1"/></method><method name="close" desc="()V" line="81"><counter type="INSTRUCTION" missed="4" covered="0"/><counter type="LINE" missed="2" covered="0"/><counter type="COMPLEXITY" missed="1" covered="0"/><counter type="METHOD" missed="1" covered="0"/></method><counter type="INSTRUCTION" missed="28" covered="127"/><counter type="BRANCH" missed="1" covered="9"/><counter type="LINE" missed="8" covered="30"/><counter type="COMPLEXITY" missed="6" covered="8"/><counter type="METHOD" missed="5" covered="4"/><counter type="CLASS" missed="0" covered="1"/></class><class name="com/github/junrar/io/SeekableReadOnlyInputStream" sourcefilename="SeekableReadOnlyInputStream.java"><method name="&lt;init&gt;" desc="(Ljava/io/InputStream;)V" line="25"><counter type="INSTRUCTION" missed="0" covered="12"/><counter type="LINE" missed="0" covered="3"/><counter type="COMPLEXITY" missed="0" covered="1"/><counter type="METHOD" missed="0" covered="1"/></method><method name="getPosition" desc="()J" line="31"><counter type="INSTRUCTION" missed="0" covered="4"/><counter type="LINE" missed="0" covered="1"/><counter type="COMPLEXITY" missed="0" covered="1"/><counter type="METHOD" missed="0" covered="1"/></method><method name="setPosition" desc="(J)V" line="36"><counter type="INSTRUCTION" missed="0" covered="5"/><counter type="LINE" missed="0" covered="2"/><counter type="COMPLEXITY" missed="0" covered="1"/><counter type="METHOD" missed="0" covered="1"/></method><method name="read" desc="()I" line="41"><counter type="INSTRUCTION" missed="4" covered="0"/><counter type="LINE" missed="1" covered="0"/><counter type="COMPLEXITY" missed="1" covered="0"/><counter type="METHOD" missed="1" covered="0"/></method><method name="read" desc="([BII)I" line="46"><counter type="INSTRUCTION" missed="7" covered="0"/><counter type="LINE" missed="1" covered="0"/><counter type="COMPLEXITY" missed="1" covered="0"/><counter type="METHOD" missed="1" covered="0"/></method><method name="readFully" desc="([BI)I" line="51"><counter type="INSTRUCTION" missed="0" covered="7"/><counter type="LINE" missed="0" covered="2"/><counter type="COMPLEXITY" missed="0" covered="1"/><counter type="METHOD" missed="0" covered="1"/></method><method name="close" desc="()V" line="57"><counter type="INSTRUCTION" missed="0" covered="4"/><counter type="LINE" missed="0" covered="2"/><counter type="COMPLEXITY" missed="0" covered="1"/><counter type="METHOD" missed="0" covered="1"/></method><counter type="INSTRUCTION" missed="11" covered="32"/><counter type="LINE" missed="2" covered="10"/><counter type="COMPLEXITY" missed="2" covered="5"/><counter type="METHOD" missed="2" covered="5"/><counter type="CLASS" missed="0" covered="1"/></class><class name="com/github/junrar/io/RandomAccessInputStream" sourcefilename="RandomAccessInputStream.java"><method name="&lt;init&gt;" desc="(Ljava/io/InputStream;)V" line="34"><counter type="INSTRUCTION" missed="0" covered="20"/><counter type="LINE" missed="0" covered="7"/><counter type="COMPLEXITY" missed="0" covered="1"/><counter type="METHOD" missed="0" covered="1"/></method><method name="getFilePointer" desc="()I" line="43"><counter type="INSTRUCTION" missed="4" covered="0"/><counter type="LINE" missed="1" covered="0"/><counter type="COMPLEXITY" missed="1" covered="0"/><counter type="METHOD" missed="1" covered="0"/></method><method name="getLongFilePointer" desc="()J" line="47"><counter type="INSTRUCTION" missed="0" covered="3"/><counter type="LINE" missed="0" covered="1"/><counter type="COMPLEXITY" missed="0" covered="1"/><counter type="METHOD" missed="0" covered="1"/></method><method name="read" desc="()I" line="51"><counter type="INSTRUCTION" missed="40" covered="0"/><counter type="BRANCH" missed="2" covered="0"/><counter type="LINE" missed="7" covered="0"/><counter type="COMPLEXITY" missed="2" covered="0"/><counter type="METHOD" missed="1" covered="0"/></method><method name="read" desc="([BII)I" line="63"><counter type="INSTRUCTION" missed="10" covered="68"/><counter type="BRANCH" missed="5" covered="7"/><counter type="LINE" missed="3" covered="12"/><counter type="COMPLEXITY" missed="5" covered="2"/><counter type="METHOD" missed="0" covered="1"/></method><method name="readFully" desc="([B)V" line="87"><counter type="INSTRUCTION" missed="6" covered="0"/><counter type="LINE" missed="2" covered="0"/><counter type="COMPLEXITY" missed="1" covered="0"/><counter type="METHOD" missed="1" covered="0"/></method><method name="readFully" desc="([BI)V" line="91"><counter type="INSTRUCTION" missed="1" covered="20"/><counter type="BRANCH" missed="1" covered="3"/><counter type="LINE" missed="1" covered="6"/><counter type="COMPLEXITY" missed="1" covered="2"/><counter type="METHOD" missed="0" covered="1"/></method><method name="readUntil" desc="(J)J" line="103"><counter type="INSTRUCTION" missed="0" covered="81"/><counter type="BRANCH" missed="0" covered="10"/><counter type="LINE" missed="0" covered="21"/><counter type="COMPLEXITY" missed="0" covered="6"/><counter type="METHOD" missed="0" covered="1"/></method><method name="seek" desc="(J)V" line="133"><counter type="INSTRUCTION" missed="4" covered="8"/><counter type="BRANCH" missed="1" covered="1"/><counter type="LINE" missed="1" covered="3"/><counter type="COMPLEXITY" missed="1" covered="1"/><counter type="METHOD" missed="0" covered="1"/></method><method name="seek" desc="(I)V" line="141"><counter type="INSTRUCTION" missed="17" covered="0"/><counter type="BRANCH" missed="2" covered="0"/><counter type="LINE" missed="5" covered="0"/><counter type="COMPLEXITY" missed="2" covered="0"/><counter type="METHOD" missed="1" covered="0"/></method><method name="readInt" desc="()I" line="150"><counter type="INSTRUCTION" missed="38" covered="0"/><counter type="BRANCH" missed="2" covered="0"/><counter type="LINE" missed="7" covered="0"/><counter type="COMPLEXITY" missed="2" covered="0"/><counter type="METHOD" missed="1" covered="0"/></method><method name="readLong" desc="()J" line="162"><counter type="INSTRUCTION" missed="12" covered="0"/><counter type="LINE" missed="1" covered="0"/><counter type="COMPLEXITY" missed="1" covered="0"/><counter type="METHOD" missed="1" covered="0"/></method><method name="readDouble" desc="()D" line="166"><counter type="INSTRUCTION" missed="4" covered="0"/><counter type="LINE" missed="1" covered="0"/><counter type="COMPLEXITY" missed="1" covered="0"/><counter type="METHOD" missed="1" covered="0"/></method><method name="readShort" desc="()S" line="170"><counter type="INSTRUCTION" missed="21" covered="0"/><counter type="BRANCH" missed="2" covered="0"/><counter type="LINE" missed="5" covered="0"/><counter type="COMPLEXITY" missed="2" covered="0"/><counter type="METHOD" missed="1" covered="0"/></method><method name="readFloat" desc="()F" line="180"><counter type="INSTRUCTION" missed="4" covered="0"/><counter type="LINE" missed="1" covered="0"/><counter type="COMPLEXITY" missed="1" covered="0"/><counter type="METHOD" missed="1" covered="0"/></method><method name="close" desc="()V" line="184"><counter type="INSTRUCTION" missed="0" covered="7"/><counter type="LINE" missed="0" covered="3"/><counter type="COMPLEXITY" missed="0" covered="1"/><counter type="METHOD" missed="0" covered="1"/></method><counter type="INSTRUCTION" missed="161" covered="207"/><counter type="BRANCH" missed="15" covered="21"/><counter type="LINE" missed="35" covered="53"/><counter type="COMPLEXITY" missed="20" covered="14"/><counter type="METHOD" missed="9" covered="7"/><counter type="CLASS" missed="0" covered="1"/></class><class name="com/github/junrar/io/Raw" sourcefilename="Raw.java"><method name="&lt;init&gt;" desc="()V" line="26"><counter type="INSTRUCTION" missed="3" covered="0"/><counter type="LINE" missed="1" covered="0"/><counter type="COMPLEXITY" missed="1" covered="0"/><counter type="METHOD" missed="1" covered="0"/></method><method name="readShortBigEndian" desc="([BI)S" line="35"><counter type="INSTRUCTION" missed="29" covered="0"/><counter type="LINE" missed="5" covered="0"/><counter type="COMPLEXITY" missed="1" covered="0"/><counter type="METHOD" missed="1" covered="0"/></method><method name="readIntBigEndian" desc="([BI)I" line="52"><counter type="INSTRUCTION" missed="54" covered="0"/><counter type="LINE" missed="9" covered="0"/><counter type="COMPLEXITY" missed="1" covered="0"/><counter type="METHOD" missed="1" covered="0"/></method><method name="readLongBigEndian" desc="([BI)J" line="73"><counter type="INSTRUCTION" missed="111" covered="0"/><counter type="LINE" missed="17" covered="0"/><counter type="COMPLEXITY" missed="1" covered="0"/><counter type="METHOD" missed="1" covered="0"/></method><method name="readShortLittleEndian" desc="([BI)S" line="103"><counter type="INSTRUCTION" missed="0" covered="29"/><counter type="LINE" missed="0" covered="5"/><counter type="COMPLEXITY" missed="0" covered="1"/><counter type="METHOD" missed="0" covered="1"/></method><method name="readIntLittleEndian" desc="([BI)I" line="121"><counter type="INSTRUCTION" missed="0" covered="36"/><counter type="LINE" missed="0" covered="1"/><counter type="COMPLEXITY" missed="0" covered="1"/><counter type="METHOD" missed="0" covered="1"/></method><method name="readIntLittleEndianAsLong" desc="([BI)J" line="135"><counter type="INSTRUCTION" missed="0" covered="40"/><counter type="LINE" missed="0" covered="1"/><counter type="COMPLEXITY" missed="0" covered="1"/><counter type="METHOD" missed="0" covered="1"/></method><method name="readLongLittleEndian" desc="([BI)J" line="152"><counter type="INSTRUCTION" missed="118" covered="0"/><counter type="LINE" missed="17" covered="0"/><counter type="COMPLEXITY" missed="1" covered="0"/><counter type="METHOD" missed="1" covered="0"/></method><method name="writeShortBigEndian" desc="([BIS)V" line="183"><counter type="INSTRUCTION" missed="17" covered="0"/><counter type="LINE" missed="3" covered="0"/><counter type="COMPLEXITY" missed="1" covered="0"/><counter type="METHOD" missed="1" covered="0"/></method><method name="writeIntBigEndian" desc="([BII)V" line="198"><counter type="INSTRUCTION" missed="41" covered="0"/><counter type="LINE" missed="5" covered="0"/><counter type="COMPLEXITY" missed="1" covered="0"/><counter type="METHOD" missed="1" covered="0"/></method><method name="writeLongBigEndian" desc="([BIJ)V" line="215"><counter type="INSTRUCTION" missed="79" covered="0"/><counter type="LINE" missed="9" covered="0"/><counter type="COMPLEXITY" missed="1" covered="0"/><counter type="METHOD" missed="1" covered="0"/></method><method name="writeShortLittleEndian" desc="([BIS)V" line="237"><counter type="INSTRUCTION" missed="0" covered="17"/><counter type="LINE" missed="0" covered="3"/><counter type="COMPLEXITY" missed="0" covered="1"/><counter type="METHOD" missed="0" covered="1"/></method><method name="incShortLittleEndian" desc="([BII)V" line="251"><counter type="INSTRUCTION" missed="0" covered="45"/><counter type="BRANCH" missed="1" covered="3"/><counter type="LINE" missed="0" covered="5"/><counter type="COMPLEXITY" missed="1" covered="2"/><counter type="METHOD" missed="0" covered="1"/></method><method name="writeIntLittleEndian" desc="([BII)V" line="270"><counter type="INSTRUCTION" missed="0" covered="35"/><counter type="LINE" missed="0" covered="5"/><counter type="COMPLEXITY" missed="0" covered="1"/><counter type="METHOD" missed="0" covered="1"/></method><method name="writeLongLittleEndian" desc="([BIJ)V" line="288"><counter type="INSTRUCTION" missed="79" covered="0"/><counter type="LINE" missed="9" covered="0"/><counter type="COMPLEXITY" missed="1" covered="0"/><counter type="METHOD" missed="1" covered="0"/></method><counter type="INSTRUCTION" missed="531" covered="202"/><counter type="BRANCH" missed="1" covered="3"/><counter type="LINE" missed="75" covered="20"/><counter type="COMPLEXITY" missed="10" covered="7"/><counter type="METHOD" missed="9" covered="6"/><counter type="CLASS" missed="0" covered="1"/></class><class name="com/github/junrar/io/SeekableReadOnlyByteChannel" sourcefilename="SeekableReadOnlyByteChannel.java"/><class name="com/github/junrar/io/SeekableReadOnlyFile" sourcefilename="SeekableReadOnlyFile.java"><method name="&lt;init&gt;" desc="(Ljava/io/File;)V" line="39"><counter type="INSTRUCTION" missed="0" covered="10"/><counter type="LINE" missed="0" covered="3"/><counter type="COMPLEXITY" missed="0" covered="1"/><counter type="METHOD" missed="0" covered="1"/></method><method name="readFully" desc="([BI)I" line="45"><counter type="INSTRUCTION" missed="5" covered="12"/><counter type="BRANCH" missed="2" covered="2"/><counter type="LINE" missed="0" covered="3"/><counter type="COMPLEXITY" missed="2" covered="1"/><counter type="METHOD" missed="0" covered="1"/></method><method name="close" desc="()V" line="52"><counter type="INSTRUCTION" missed="0" covered="4"/><counter type="LINE" missed="0" covered="2"/><counter type="COMPLEXITY" missed="0" covered="1"/><counter type="METHOD" missed="0" covered="1"/></method><method name="getPosition" desc="()J" line="57"><counter type="INSTRUCTION" missed="0" covered="4"/><counter type="LINE" missed="0" covered="1"/><counter type="COMPLEXITY" missed="0" covered="1"/><counter type="METHOD" missed="0" covered="1"/></method><method name="setPosition" desc="(J)V" line="62"><counter type="INSTRUCTION" missed="0" covered="5"/><counter type="LINE" missed="0" covered="2"/><counter type="COMPLEXITY" missed="0" covered="1"/><counter type="METHOD" missed="0" covered="1"/></method><method name="read" desc="()I" line="67"><counter type="INSTRUCTION" missed="4" covered="0"/><counter type="LINE" missed="1" covered="0"/><counter type="COMPLEXITY" missed="1" covered="0"/><counter type="METHOD" missed="1" covered="0"/></method><method name="read" desc="([BII)I" line="72"><counter type="INSTRUCTION" missed="7" covered="0"/><counter type="LINE" missed="1" covered="0"/><counter type="COMPLEXITY" missed="1" covered="0"/><counter type="METHOD" missed="1" covered="0"/></method><method name="&lt;clinit&gt;" desc="()V" line="31"><counter type="INSTRUCTION" missed="2" covered="6"/><counter type="BRANCH" missed="1" covered="1"/><counter type="LINE" missed="0" covered="1"/><counter type="COMPLEXITY" missed="1" covered="1"/><counter type="METHOD" missed="0" covered="1"/></method><counter type="INSTRUCTION" missed="18" covered="41"/><counter type="BRANCH" missed="3" covered="3"/><counter type="LINE" missed="2" covered="12"/><counter type="COMPLEXITY" missed="5" covered="6"/><counter type="METHOD" missed="2" covered="6"/><counter type="CLASS" missed="0" covered="1"/></class><sourcefile name="SeekableReadOnlyFile.java"><line nr="31" mi="2" ci="6" mb="1" cb="1"/><line nr="39" mi="0" ci="2" mb="0" cb="0"/><line nr="40" mi="0" ci="7" mb="0" cb="0"/><line nr="41" mi="0" ci="1" mb="0" cb="0"/><line nr="45" mi="5" ci="4" mb="2" cb="2"/><line nr="46" mi="0" ci="6" mb="0" cb="0"/><line nr="47" mi="0" ci="2" mb="0" cb="0"/><line nr="52" mi="0" ci="3" mb="0" cb="0"/><line nr="53" mi="0" ci="1" mb="0" cb="0"/><line nr="57" mi="0" ci="4" mb="0" cb="0"/><line nr="62" mi="0" ci="4" mb="0" cb="0"/><line nr="63" mi="0" ci="1" mb="0" cb="0"/><line nr="67" mi="4" ci="0" mb="0" cb="0"/><line nr="72" mi="7" ci="0" mb="0" cb="0"/><counter type="INSTRUCTION" missed="18" covered="41"/><counter type="BRANCH" missed="3" covered="3"/><counter type="LINE" missed="2" covered="12"/><counter type="COMPLEXITY" missed="5" covered="6"/><counter type="METHOD" missed="2" covered="6"/><counter type="CLASS" missed="0" covered="1"/></sourcefile><sourcefile name="RandomAccessInputStream.java"><line nr="34" mi="0" ci="2" mb="0" cb="0"/><line nr="35" mi="0" ci="3" mb="0" cb="0"/><line nr="36" mi="0" ci="5" mb="0" cb="0"/><line nr="37" mi="0" ci="3" mb="0" cb="0"/><line nr="38" mi="0" ci="3" mb="0" cb="0"/><line nr="39" mi="0" ci="3" mb="0" cb="0"/><line nr="40" mi="0" ci="1" mb="0" cb="0"/><line nr="43" mi="4" ci="0" mb="0" cb="0"/><line nr="47" mi="0" ci="3" mb="0" cb="0"/><line nr="51" mi="5" ci="0" mb="0" cb="0"/><line nr="52" mi="4" ci="0" mb="0" cb="0"/><line nr="53" mi="4" ci="0" mb="2" cb="0"/><line nr="54" mi="7" ci="0" mb="0" cb="0"/><line nr="55" mi="3" ci="0" mb="0" cb="0"/><line nr="56" mi="15" ci="0" mb="0" cb="0"/><line nr="58" mi="2" ci="0" mb="0" cb="0"/><line nr="63" mi="0" ci="2" mb="1" cb="1"/><line nr="64" mi="4" ci="0" mb="0" cb="0"/><line nr="66" mi="0" ci="10" mb="3" cb="3"/><line nr="67" mi="4" ci="0" mb="0" cb="0"/><line nr="69" mi="0" ci="2" mb="0" cb="2"/><line nr="70" mi="0" ci="2" mb="0" cb="0"/><line nr="72" mi="0" ci="8" mb="0" cb="0"/><line nr="73" mi="0" ci="5" mb="1" cb="1"/><line nr="74" mi="2" ci="0" mb="0" cb="0"/><line nr="76" mi="0" ci="7" mb="0" cb="0"/><line nr="77" mi="0" ci="3" mb="0" cb="0"/><line nr="78" mi="0" ci="10" mb="0" cb="0"/><line nr="79" mi="0" ci="10" mb="0" cb="0"/><line nr="81" mi="0" ci="7" mb="0" cb="0"/><line nr="82" mi="0" ci="2" mb="0" cb="0"/><line nr="87" mi="5" ci="0" mb="0" cb="0"/><line nr="88" mi="1" ci="0" mb="0" cb="0"/><line nr="91" mi="0" ci="2" mb="0" cb="0"/><line nr="93" mi="0" ci="8" mb="0" cb="0"/><line nr="94" mi="0" ci="2" mb="1" cb="1"/><line nr="95" mi="1" ci="0" mb="0" cb="0"/><line nr="97" mi="0" ci="4" mb="0" cb="0"/><line nr="98" mi="0" ci="3" mb="0" cb="2"/><line nr="99" mi="0" ci="1" mb="0" cb="0"/><line nr="103" mi="0" ci="6" mb="0" cb="2"/><line nr="104" mi="0" ci="2" mb="0" cb="0"/><line nr="106" mi="0" ci="3" mb="0" cb="2"/><line nr="107" mi="0" ci="4" mb="0" cb="0"/><line nr="109" mi="0" ci="5" mb="0" cb="0"/><line nr="110" mi="0" ci="5" mb="0" cb="0"/><line nr="111" mi="0" ci="7" mb="0" cb="2"/><line nr="112" mi="0" ci="3" mb="0" cb="0"/><line nr="113" mi="0" ci="4" mb="0" cb="0"/><line nr="114" mi="0" ci="2" mb="0" cb="0"/><line nr="115" mi="0" ci="2" mb="0" cb="0"/><line nr="116" mi="0" ci="2" mb="0" cb="2"/><line nr="117" mi="0" ci="7" mb="0" cb="0"/><line nr="118" mi="0" ci="3" mb="0" cb="2"/><line nr="119" mi="0" ci="3" mb="0" cb="0"/><line nr="120" mi="0" ci="4" mb="0" cb="0"/><line nr="122" mi="0" ci="4" mb="0" cb="0"/><line nr="123" mi="0" ci="4" mb="0" cb="0"/><line nr="124" mi="0" ci="6" mb="0" cb="0"/><line nr="125" mi="0" ci="1" mb="0" cb="0"/><line nr="129" mi="0" ci="4" mb="0" cb="0"/><line nr="133" mi="0" ci="4" mb="1" cb="1"/><line nr="134" mi="4" ci="0" mb="0" cb="0"/><line nr="136" mi="0" ci="3" mb="0" cb="0"/><line nr="138" mi="0" ci="1" mb="0" cb="0"/><line nr="141" mi="5" ci="0" mb="0" cb="0"/><line nr="142" mi="4" ci="0" mb="2" cb="0"/><line nr="143" mi="4" ci="0" mb="0" cb="0"/><line nr="145" mi="3" ci="0" mb="0" cb="0"/><line nr="147" mi="1" ci="0" mb="0" cb="0"/><line nr="150" mi="3" ci="0" mb="0" cb="0"/><line nr="151" mi="3" ci="0" mb="0" cb="0"/><line nr="152" mi="3" ci="0" mb="0" cb="0"/><line nr="153" mi="3" ci="0" mb="0" cb="0"/><line nr="154" mi="8" ci="0" mb="2" cb="0"/><line nr="155" mi="4" ci="0" mb="0" cb="0"/><line nr="157" mi="14" ci="0" mb="0" cb="0"/><line nr="162" mi="12" ci="0" mb="0" cb="0"/><line nr="166" mi="4" ci="0" mb="0" cb="0"/><line nr="170" mi="3" ci="0" mb="0" cb="0"/><line nr="171" mi="3" ci="0" mb="0" cb="0"/><line nr="172" mi="4" ci="0" mb="2" cb="0"/><line nr="173" mi="4" ci="0" mb="0" cb="0"/><line nr="175" mi="7" ci="0" mb="0" cb="0"/><line nr="180" mi="4" ci="0" mb="0" cb="0"/><line nr="184" mi="0" ci="3" mb="0" cb="0"/><line nr="185" mi="0" ci="3" mb="0" cb="0"/><line nr="186" mi="0" ci="1" mb="0" cb="0"/><counter type="INSTRUCTION" missed="161" covered="207"/><counter type="BRANCH" missed="15" covered="21"/><counter type="LINE" missed="35" covered="53"/><counter type="COMPLEXITY" missed="20" covered="14"/><counter type="METHOD" missed="9" covered="7"/><counter type="CLASS" missed="0" covered="1"/></sourcefile><sourcefile name="RawDataIo.java"><line nr="8" mi="0" ci="3" mb="0" cb="0"/><line nr="10" mi="0" ci="3" mb="0" cb="0"/><line nr="11" mi="0" ci="5" mb="0" cb="0"/><line nr="12" mi="0" ci="4" mb="0" cb="0"/><line nr="14" mi="0" ci="2" mb="0" cb="0"/><line nr="15" mi="0" ci="3" mb="0" cb="0"/><line nr="16" mi="0" ci="1" mb="0" cb="0"/><line nr="19" mi="3" ci="0" mb="0" cb="0"/><line nr="23" mi="0" ci="3" mb="0" cb="0"/><line nr="24" mi="0" ci="3" mb="0" cb="0"/><line nr="25" mi="0" ci="1" mb="0" cb="0"/><line nr="29" mi="4" ci="0" mb="0" cb="0"/><line nr="34" mi="4" ci="0" mb="0" cb="0"/><line nr="35" mi="1" ci="0" mb="0" cb="0"/><line nr="39" mi="7" ci="0" mb="0" cb="0"/><line nr="40" mi="5" ci="0" mb="0" cb="0"/><line nr="45" mi="0" ci="3" mb="0" cb="0"/><line nr="46" mi="0" ci="5" mb="0" cb="0"/><line nr="47" mi="0" ci="6" mb="0" cb="0"/><line nr="48" mi="0" ci="2" mb="0" cb="0"/><line nr="53" mi="0" ci="3" mb="0" cb="2"/><line nr="54" mi="0" ci="4" mb="0" cb="0"/><line nr="55" mi="0" ci="4" mb="0" cb="0"/><line nr="56" mi="0" ci="10" mb="0" cb="0"/><line nr="57" mi="0" ci="3" mb="0" cb="0"/><line nr="59" mi="0" ci="2" mb="0" cb="2"/><line nr="60" mi="0" ci="6" mb="0" cb="0"/><line nr="61" mi="0" ci="5" mb="0" cb="0"/><line nr="62" mi="0" ci="8" mb="0" cb="2"/><line nr="63" mi="0" ci="8" mb="0" cb="0"/><line nr="67" mi="0" ci="2" mb="0" cb="0"/><line nr="68" mi="0" ci="11" mb="1" cb="3"/><line nr="69" mi="0" ci="8" mb="0" cb="0"/><line nr="70" mi="0" ci="1" mb="0" cb="0"/><line nr="72" mi="0" ci="2" mb="0" cb="0"/><line nr="75" mi="0" ci="6" mb="0" cb="0"/><line nr="81" mi="3" ci="0" mb="0" cb="0"/><line nr="82" mi="1" ci="0" mb="0" cb="0"/><counter type="INSTRUCTION" missed="28" covered="127"/><counter type="BRANCH" missed="1" covered="9"/><counter type="LINE" missed="8" covered="30"/><counter type="COMPLEXITY" missed="6" covered="8"/><counter type="METHOD" missed="5" covered="4"/><counter type="CLASS" missed="0" covered="1"/></sourcefile><sourcefile name="Raw.java"><line nr="26" mi="3" ci="0" mb="0" cb="0"/><line nr="35" mi="2" ci="0" mb="0" cb="0"/><line nr="36" mi="9" ci="0" mb="0" cb="0"/><line nr="37" mi="5" ci="0" mb="0" cb="0"/><line nr="38" mi="11" ci="0" mb="0" cb="0"/><line nr="39" mi="2" ci="0" mb="0" cb="0"/><line nr="52" mi="2" ci="0" mb="0" cb="0"/><line nr="53" mi="8" ci="0" mb="0" cb="0"/><line nr="54" mi="4" ci="0" mb="0" cb="0"/><line nr="55" mi="10" ci="0" mb="0" cb="0"/><line nr="56" mi="4" ci="0" mb="0" cb="0"/><line nr="57" mi="10" ci="0" mb="0" cb="0"/><line nr="58" mi="4" ci="0" mb="0" cb="0"/><line nr="59" mi="10" ci="0" mb="0" cb="0"/><line nr="60" mi="2" ci="0" mb="0" cb="0"/><line nr="73" mi="2" ci="0" mb="0" cb="0"/><line nr="74" mi="8" ci="0" mb="0" cb="0"/><line nr="75" mi="4" ci="0" mb="0" cb="0"/><line nr="76" mi="10" ci="0" mb="0" cb="0"/><line nr="77" mi="4" ci="0" mb="0" cb="0"/><line nr="78" mi="10" ci="0" mb="0" cb="0"/><line nr="79" mi="4" ci="0" mb="0" cb="0"/><line nr="80" mi="10" ci="0" mb="0" cb="0"/><line nr="81" mi="4" ci="0" mb="0" cb="0"/><line nr="82" mi="10" ci="0" mb="0" cb="0"/><line nr="83" mi="4" ci="0" mb="0" cb="0"/><line nr="84" mi="10" ci="0" mb="0" cb="0"/><line nr="85" mi="4" ci="0" mb="0" cb="0"/><line nr="86" mi="10" ci="0" mb="0" cb="0"/><line nr="87" mi="4" ci="0" mb="0" cb="0"/><line nr="88" mi="10" ci="0" mb="0" cb="0"/><line nr="89" mi="3" ci="0" mb="0" cb="0"/><line nr="103" mi="0" ci="2" mb="0" cb="0"/><line nr="104" mi="0" ci="11" mb="0" cb="0"/><line nr="105" mi="0" ci="5" mb="0" cb="0"/><line nr="106" mi="0" ci="9" mb="0" cb="0"/><line nr="107" mi="0" ci="2" mb="0" cb="0"/><line nr="121" mi="0" ci="36" mb="0" cb="0"/><line nr="135" mi="0" ci="40" mb="0" cb="0"/><line nr="152" mi="2" ci="0" mb="0" cb="0"/><line nr="153" mi="11" ci="0" mb="0" cb="0"/><line nr="154" mi="4" ci="0" mb="0" cb="0"/><line nr="155" mi="11" ci="0" mb="0" cb="0"/><line nr="156" mi="4" ci="0" mb="0" cb="0"/><line nr="157" mi="11" ci="0" mb="0" cb="0"/><line nr="158" mi="4" ci="0" mb="0" cb="0"/><line nr="159" mi="11" ci="0" mb="0" cb="0"/><line nr="160" mi="4" ci="0" mb="0" cb="0"/><line nr="161" mi="11" ci="0" mb="0" cb="0"/><line nr="162" mi="4" ci="0" mb="0" cb="0"/><line nr="163" mi="11" ci="0" mb="0" cb="0"/><line nr="164" mi="4" ci="0" mb="0" cb="0"/><line nr="165" mi="11" ci="0" mb="0" cb="0"/><line nr="166" mi="4" ci="0" mb="0" cb="0"/><line nr="167" mi="9" ci="0" mb="0" cb="0"/><line nr="168" mi="2" ci="0" mb="0" cb="0"/><line nr="183" mi="7" ci="0" mb="0" cb="0"/><line nr="184" mi="9" ci="0" mb="0" cb="0"/><line nr="185" mi="1" ci="0" mb="0" cb="0"/><line nr="198" mi="9" ci="0" mb="0" cb="0"/><line nr="199" mi="11" ci="0" mb="0" cb="0"/><line nr="200" mi="11" ci="0" mb="0" cb="0"/><line nr="201" mi="9" ci="0" mb="0" cb="0"/><line nr="202" mi="1" ci="0" mb="0" cb="0"/><line nr="215" mi="8" ci="0" mb="0" cb="0"/><line nr="216" mi="10" ci="0" mb="0" cb="0"/><line nr="217" mi="10" ci="0" mb="0" cb="0"/><line nr="218" mi="10" ci="0" mb="0" cb="0"/><line nr="219" mi="10" ci="0" mb="0" cb="0"/><line nr="220" mi="10" ci="0" mb="0" cb="0"/><line nr="221" mi="10" ci="0" mb="0" cb="0"/><line nr="222" mi="10" ci="0" mb="0" cb="0"/><line nr="223" mi="1" ci="0" mb="0" cb="0"/><line nr="237" mi="0" ci="9" mb="0" cb="0"/><line nr="238" mi="0" ci="7" mb="0" cb="0"/><line nr="239" mi="0" ci="1" mb="0" cb="0"/><line nr="251" mi="0" ci="12" mb="0" cb="0"/><line nr="252" mi="0" ci="10" mb="0" cb="0"/><line nr="253" mi="0" ci="6" mb="1" cb="3"/><line nr="254" mi="0" ci="16" mb="0" cb="0"/><line nr="256" mi="0" ci="1" mb="0" cb="0"/><line nr="270" mi="0" ci="9" mb="0" cb="0"/><line nr="271" mi="0" ci="9" mb="0" cb="0"/><line nr="272" mi="0" ci="9" mb="0" cb="0"/><line nr="273" mi="0" ci="7" mb="0" cb="0"/><line nr="274" mi="0" ci="1" mb="0" cb="0"/><line nr="288" mi="10" ci="0" mb="0" cb="0"/><line nr="289" mi="10" ci="0" mb="0" cb="0"/><line nr="290" mi="10" ci="0" mb="0" cb="0"/><line nr="291" mi="10" ci="0" mb="0" cb="0"/><line nr="292" mi="10" ci="0" mb="0" cb="0"/><line nr="293" mi="10" ci="0" mb="0" cb="0"/><line nr="294" mi="10" ci="0" mb="0" cb="0"/><line nr="295" mi="8" ci="0" mb="0" cb="0"/><line nr="296" mi="1" ci="0" mb="0" cb="0"/><counter type="INSTRUCTION" missed="531" covered="202"/><counter type="BRANCH" missed="1" covered="3"/><counter type="LINE" missed="75" covered="20"/><counter type="COMPLEXITY" missed="10" covered="7"/><counter type="METHOD" missed="9" covered="6"/><counter type="CLASS" missed="0" covered="1"/></sourcefile><sourcefile name="SeekableReadOnlyByteChannel.java"/><sourcefile name="SeekableReadOnlyInputStream.java"><line nr="25" mi="0" ci="2" mb="0" cb="0"/><line nr="26" mi="0" ci="9" mb="0" cb="0"/><line nr="27" mi="0" ci="1" mb="0" cb="0"/><line nr="31" mi="0" ci="4" mb="0" cb="0"/><line nr="36" mi="0" ci="4" mb="0" cb="0"/><line nr="37" mi="0" ci="1" mb="0" cb="0"/><line nr="41" mi="4" ci="0" mb="0" cb="0"/><line nr="46" mi="7" ci="0" mb="0" cb="0"/><line nr="51" mi="0" ci="5" mb="0" cb="0"/><line nr="52" mi="0" ci="2" mb="0" cb="0"/><line nr="57" mi="0" ci="3" mb="0" cb="0"/><line nr="58" mi="0" ci="1" mb="0" cb="0"/><counter type="INSTRUCTION" missed="11" covered="32"/><counter type="LINE" missed="2" covered="10"/><counter type="COMPLEXITY" missed="2" covered="5"/><counter type="METHOD" missed="2" covered="5"/><counter type="CLASS" missed="0" covered="1"/></sourcefile><counter type="INSTRUCTION" missed="749" covered="609"/><counter type="BRANCH" missed="20" covered="36"/><counter type="LINE" missed="122" covered="125"/><counter type="COMPLEXITY" missed="43" covered="40"/><counter type="METHOD" missed="27" covered="28"/><counter type="CLASS" missed="0" covered="5"/></package><package name="com/github/junrar/unpack/decode"><class name="com/github/junrar/unpack/decode/CodeType" sourcefilename="CodeType.java"><method name="&lt;clinit&gt;" desc="()V" line="26"><counter type="INSTRUCTION" missed="94" covered="0"/><counter type="LINE" missed="3" covered="0"/><counter type="COMPLEXITY" missed="1" covered="0"/><counter type="METHOD" missed="1" covered="0"/></method><counter type="INSTRUCTION" missed="94" covered="0"/><counter type="LINE" missed="3" covered="0"/><counter type="COMPLEXITY" missed="1" covered="0"/><counter type="METHOD" missed="1" covered="0"/><counter type="CLASS" missed="1" covered="0"/></class><class name="com/github/junrar/unpack/decode/MultDecode" sourcefilename="MultDecode.java"><method name="&lt;init&gt;" desc="()V" line="31"><counter type="INSTRUCTION" missed="0" covered="7"/><counter type="LINE" missed="0" covered="3"/><counter type="COMPLEXITY" missed="0" covered="1"/><counter type="METHOD" missed="0" covered="1"/></method><counter type="INSTRUCTION" missed="0" covered="7"/><counter type="LINE" missed="0" covered="3"/><counter type="COMPLEXITY" missed="0" covered="1"/><counter type="METHOD" missed="0" covered="1"/><counter type="CLASS" missed="0" covered="1"/></class><class name="com/github/junrar/unpack/decode/BitDecode" sourcefilename="BitDecode.java"><method name="&lt;init&gt;" desc="()V" line="30"><counter type="INSTRUCTION" missed="0" covered="7"/><counter type="LINE" missed="0" covered="3"/><counter type="COMPLEXITY" missed="0" covered="1"/><counter type="METHOD" missed="0" covered="1"/></method><counter type="INSTRUCTION" missed="0" covered="7"/><counter type="LINE" missed="0" covered="3"/><counter type="COMPLEXITY" missed="0" covered="1"/><counter type="METHOD" missed="0" covered="1"/><counter type="CLASS" missed="0" covered="1"/></class><class name="com/github/junrar/unpack/decode/Decode" sourcefilename="Decode.java"><method name="&lt;init&gt;" desc="()V" line="26"><counter type="INSTRUCTION" missed="0" covered="15"/><counter type="LINE" missed="0" covered="4"/><counter type="COMPLEXITY" missed="0" covered="1"/><counter type="METHOD" missed="0" covered="1"/></method><method name="getDecodeLen" desc="()[I" line="40"><counter type="INSTRUCTION" missed="0" covered="3"/><counter type="LINE" missed="0" covered="1"/><counter type="COMPLEXITY" missed="0" covered="1"/><counter type="METHOD" missed="0" covered="1"/></method><method name="getDecodeNum" desc="()[I" line="48"><counter type="INSTRUCTION" missed="0" covered="3"/><counter type="LINE" missed="0" covered="1"/><counter type="COMPLEXITY" missed="0" covered="1"/><counter type="METHOD" missed="0" covered="1"/></method><method name="getDecodePos" desc="()[I" line="56"><counter type="INSTRUCTION" missed="0" covered="3"/><counter type="LINE" missed="0" covered="1"/><counter type="COMPLEXITY" missed="0" covered="1"/><counter type="METHOD" missed="0" covered="1"/></method><method name="getMaxNum" desc="()I" line="64"><counter type="INSTRUCTION" missed="0" covered="3"/><counter type="LINE" missed="0" covered="1"/><counter type="COMPLEXITY" missed="0" covered="1"/><counter type="METHOD" missed="0" covered="1"/></method><method name="setMaxNum" desc="(I)V" line="72"><counter type="INSTRUCTION" missed="0" covered="4"/><counter type="LINE" missed="0" covered="2"/><counter type="COMPLEXITY" missed="0" covered="1"/><counter type="METHOD" missed="0" covered="1"/></method><counter type="INSTRUCTION" missed="0" covered="31"/><counter type="LINE" missed="0" covered="10"/><counter type="COMPLEXITY" missed="0" covered="6"/><counter type="METHOD" missed="0" covered="6"/><counter type="CLASS" missed="0" covered="1"/></class><class name="com/github/junrar/unpack/decode/DistDecode" sourcefilename="DistDecode.java"><method name="&lt;init&gt;" desc="()V" line="31"><counter type="INSTRUCTION" missed="0" covered="7"/><counter type="LINE" missed="0" covered="3"/><counter type="COMPLEXITY" missed="0" covered="1"/><counter type="METHOD" missed="0" covered="1"/></method><counter type="INSTRUCTION" missed="0" covered="7"/><counter type="LINE" missed="0" covered="3"/><counter type="COMPLEXITY" missed="0" covered="1"/><counter type="METHOD" missed="0" covered="1"/><counter type="CLASS" missed="0" covered="1"/></class><class name="com/github/junrar/unpack/decode/FilterType" sourcefilename="FilterType.java"><method name="&lt;clinit&gt;" desc="()V" line="26"><counter type="INSTRUCTION" missed="104" covered="0"/><counter type="LINE" missed="4" covered="0"/><counter type="COMPLEXITY" missed="1" covered="0"/><counter type="METHOD" missed="1" covered="0"/></method><counter type="INSTRUCTION" missed="104" covered="0"/><counter type="LINE" missed="4" covered="0"/><counter type="COMPLEXITY" missed="1" covered="0"/><counter type="METHOD" missed="1" covered="0"/><counter type="CLASS" missed="1" covered="0"/></class><class name="com/github/junrar/unpack/decode/LowDistDecode" sourcefilename="LowDistDecode.java"><method name="&lt;init&gt;" desc="()V" line="31"><counter type="INSTRUCTION" missed="0" covered="7"/><counter type="LINE" missed="0" covered="3"/><counter type="COMPLEXITY" missed="0" covered="1"/><counter type="METHOD" missed="0" covered="1"/></method><counter type="INSTRUCTION" missed="0" covered="7"/><counter type="LINE" missed="0" covered="3"/><counter type="COMPLEXITY" missed="0" covered="1"/><counter type="METHOD" missed="0" covered="1"/><counter type="CLASS" missed="0" covered="1"/></class><class name="com/github/junrar/unpack/decode/LitDecode" sourcefilename="LitDecode.java"><method name="&lt;init&gt;" desc="()V" line="30"><counter type="INSTRUCTION" missed="0" covered="7"/><counter type="LINE" missed="0" covered="3"/><counter type="COMPLEXITY" missed="0" covered="1"/><counter type="METHOD" missed="0" covered="1"/></method><counter type="INSTRUCTION" missed="0" covered="7"/><counter type="LINE" missed="0" covered="3"/><counter type="COMPLEXITY" missed="0" covered="1"/><counter type="METHOD" missed="0" covered="1"/><counter type="CLASS" missed="0" covered="1"/></class><class name="com/github/junrar/unpack/decode/Compress" sourcefilename="Compress.java"><method name="&lt;init&gt;" desc="()V" line="26"><counter type="INSTRUCTION" missed="3" covered="0"/><counter type="LINE" missed="1" covered="0"/><counter type="COMPLEXITY" missed="1" covered="0"/><counter type="METHOD" missed="1" covered="0"/></method><counter type="INSTRUCTION" missed="3" covered="0"/><counter type="LINE" missed="1" covered="0"/><counter type="COMPLEXITY" missed="1" covered="0"/><counter type="METHOD" missed="1" covered="0"/><counter type="CLASS" missed="1" covered="0"/></class><class name="com/github/junrar/unpack/decode/RepDecode" sourcefilename="RepDecode.java"><method name="&lt;init&gt;" desc="()V" line="30"><counter type="INSTRUCTION" missed="0" covered="7"/><counter type="LINE" missed="0" covered="3"/><counter type="COMPLEXITY" missed="0" covered="1"/><counter type="METHOD" missed="0" covered="1"/></method><counter type="INSTRUCTION" missed="0" covered="7"/><counter type="LINE" missed="0" covered="3"/><counter type="COMPLEXITY" missed="0" covered="1"/><counter type="METHOD" missed="0" covered="1"/><counter type="CLASS" missed="0" covered="1"/></class><class name="com/github/junrar/unpack/decode/AudioVariables" sourcefilename="AudioVariables.java"><method name="&lt;init&gt;" desc="()V" line="26"><counter type="INSTRUCTION" missed="0" covered="7"/><counter type="LINE" missed="0" covered="2"/><counter type="COMPLEXITY" missed="0" covered="1"/><counter type="METHOD" missed="0" covered="1"/></method><method name="getByteCount" desc="()I" line="40"><counter type="INSTRUCTION" missed="0" covered="3"/><counter type="LINE" missed="0" covered="1"/><counter type="COMPLEXITY" missed="0" covered="1"/><counter type="METHOD" missed="0" covered="1"/></method><method name="setByteCount" desc="(I)V" line="44"><counter type="INSTRUCTION" missed="0" covered="4"/><counter type="LINE" missed="0" covered="2"/><counter type="COMPLEXITY" missed="0" covered="1"/><counter type="METHOD" missed="0" covered="1"/></method><method name="getD1" desc="()I" line="48"><counter type="INSTRUCTION" missed="0" covered="3"/><counter type="LINE" missed="0" covered="1"/><counter type="COMPLEXITY" missed="0" covered="1"/><counter type="METHOD" missed="0" covered="1"/></method><method name="setD1" desc="(I)V" line="52"><counter type="INSTRUCTION" missed="0" covered="4"/><counter type="LINE" missed="0" covered="2"/><counter type="COMPLEXITY" missed="0" covered="1"/><counter type="METHOD" missed="0" covered="1"/></method><method name="getD2" desc="()I" line="56"><counter type="INSTRUCTION" missed="0" covered="3"/><counter type="LINE" missed="0" covered="1"/><counter type="COMPLEXITY" missed="0" covered="1"/><counter type="METHOD" missed="0" covered="1"/></method><method name="setD2" desc="(I)V" line="60"><counter type="INSTRUCTION" missed="0" covered="4"/><counter type="LINE" missed="0" covered="2"/><counter type="COMPLEXITY" missed="0" covered="1"/><counter type="METHOD" missed="0" covered="1"/></method><method name="getD3" desc="()I" line="64"><counter type="INSTRUCTION" missed="0" covered="3"/><counter type="LINE" missed="0" covered="1"/><counter type="COMPLEXITY" missed="0" covered="1"/><counter type="METHOD" missed="0" covered="1"/></method><method name="setD3" desc="(I)V" line="68"><counter type="INSTRUCTION" missed="0" covered="4"/><counter type="LINE" missed="0" covered="2"/><counter type="COMPLEXITY" missed="0" covered="1"/><counter type="METHOD" missed="0" covered="1"/></method><method name="getD4" desc="()I" line="72"><counter type="INSTRUCTION" missed="0" covered="3"/><counter type="LINE" missed="0" covered="1"/><counter type="COMPLEXITY" missed="0" covered="1"/><counter type="METHOD" missed="0" covered="1"/></method><method name="setD4" desc="(I)V" line="76"><counter type="INSTRUCTION" missed="0" covered="4"/><counter type="LINE" missed="0" covered="2"/><counter type="COMPLEXITY" missed="0" covered="1"/><counter type="METHOD" missed="0" covered="1"/></method><method name="getDif" desc="()[I" line="80"><counter type="INSTRUCTION" missed="0" covered="3"/><counter type="LINE" missed="0" covered="1"/><counter type="COMPLEXITY" missed="0" covered="1"/><counter type="METHOD" missed="0" covered="1"/></method><method name="setDif" desc="([I)V" line="84"><counter type="INSTRUCTION" missed="4" covered="0"/><counter type="LINE" missed="2" covered="0"/><counter type="COMPLEXITY" missed="1" covered="0"/><counter type="METHOD" missed="1" covered="0"/></method><method name="getK1" desc="()I" line="88"><counter type="INSTRUCTION" missed="0" covered="3"/><counter type="LINE" missed="0" covered="1"/><counter type="COMPLEXITY" missed="0" covered="1"/><counter type="METHOD" missed="0" covered="1"/></method><method name="setK1" desc="(I)V" line="92"><counter type="INSTRUCTION" missed="0" covered="4"/><counter type="LINE" missed="0" covered="2"/><counter type="COMPLEXITY" missed="0" covered="1"/><counter type="METHOD" missed="0" covered="1"/></method><method name="getK2" desc="()I" line="96"><counter type="INSTRUCTION" missed="0" covered="3"/><counter type="LINE" missed="0" covered="1"/><counter type="COMPLEXITY" missed="0" covered="1"/><counter type="METHOD" missed="0" covered="1"/></method><method name="setK2" desc="(I)V" line="100"><counter type="INSTRUCTION" missed="0" covered="4"/><counter type="LINE" missed="0" covered="2"/><counter type="COMPLEXITY" missed="0" covered="1"/><counter type="METHOD" missed="0" covered="1"/></method><method name="getK3" desc="()I" line="104"><counter type="INSTRUCTION" missed="0" covered="3"/><counter type="LINE" missed="0" covered="1"/><counter type="COMPLEXITY" missed="0" covered="1"/><counter type="METHOD" missed="0" covered="1"/></method><method name="setK3" desc="(I)V" line="108"><counter type="INSTRUCTION" missed="0" covered="4"/><counter type="LINE" missed="0" covered="2"/><counter type="COMPLEXITY" missed="0" covered="1"/><counter type="METHOD" missed="0" covered="1"/></method><method name="getK4" desc="()I" line="112"><counter type="INSTRUCTION" missed="0" covered="3"/><counter type="LINE" missed="0" covered="1"/><counter type="COMPLEXITY" missed="0" covered="1"/><counter type="METHOD" missed="0" covered="1"/></method><method name="setK4" desc="(I)V" line="116"><counter type="INSTRUCTION" missed="0" covered="4"/><counter type="LINE" missed="0" covered="2"/><counter type="COMPLEXITY" missed="0" covered="1"/><counter type="METHOD" missed="0" covered="1"/></method><method name="getK5" desc="()I" line="120"><counter type="INSTRUCTION" missed="0" covered="3"/><counter type="LINE" missed="0" covered="1"/><counter type="COMPLEXITY" missed="0" covered="1"/><counter type="METHOD" missed="0" covered="1"/></method><method name="setK5" desc="(I)V" line="124"><counter type="INSTRUCTION" missed="0" covered="4"/><counter type="LINE" missed="0" covered="2"/><counter type="COMPLEXITY" missed="0" covered="1"/><counter type="METHOD" missed="0" covered="1"/></method><method name="getLastChar" desc="()I" line="128"><counter type="INSTRUCTION" missed="0" covered="3"/><counter type="LINE" missed="0" covered="1"/><counter type="COMPLEXITY" missed="0" covered="1"/><counter type="METHOD" missed="0" covered="1"/></method><method name="setLastChar" desc="(I)V" line="132"><counter type="INSTRUCTION" missed="0" covered="4"/><counter type="LINE" missed="0" covered="2"/><counter type="COMPLEXITY" missed="0" covered="1"/><counter type="METHOD" missed="0" covered="1"/></method><method name="getLastDelta" desc="()I" line="136"><counter type="INSTRUCTION" missed="0" covered="3"/><counter type="LINE" missed="0" covered="1"/><counter type="COMPLEXITY" missed="0" covered="1"/><counter type="METHOD" missed="0" covered="1"/></method><method name="setLastDelta" desc="(I)V" line="140"><counter type="INSTRUCTION" missed="0" covered="4"/><counter type="LINE" missed="0" covered="2"/><counter type="COMPLEXITY" missed="0" covered="1"/><counter type="METHOD" missed="0" covered="1"/></method><counter type="INSTRUCTION" missed="4" covered="94"/><counter type="LINE" missed="2" covered="39"/><counter type="COMPLEXITY" missed="1" covered="26"/><counter type="METHOD" missed="1" covered="26"/><counter type="CLASS" missed="0" covered="1"/></class><sourcefile name="CodeType.java"><line nr="26" mi="40" ci="0" mb="0" cb="0"/><line nr="27" mi="30" ci="0" mb="0" cb="0"/><line nr="28" mi="24" ci="0" mb="0" cb="0"/><counter type="INSTRUCTION" missed="94" covered="0"/><counter type="LINE" missed="3" covered="0"/><counter type="COMPLEXITY" missed="1" covered="0"/><counter type="METHOD" missed="1" covered="0"/><counter type="CLASS" missed="1" covered="0"/></sourcefile><sourcefile name="Compress.java"><line nr="26" mi="3" ci="0" mb="0" cb="0"/><counter type="INSTRUCTION" missed="3" covered="0"/><counter type="LINE" missed="1" covered="0"/><counter type="COMPLEXITY" missed="1" covered="0"/><counter type="METHOD" missed="1" covered="0"/><counter type="CLASS" missed="1" covered="0"/></sourcefile><sourcefile name="AudioVariables.java"><line nr="26" mi="0" ci="2" mb="0" cb="0"/><line nr="33" mi="0" ci="5" mb="0" cb="0"/><line nr="40" mi="0" ci="3" mb="0" cb="0"/><line nr="44" mi="0" ci="3" mb="0" cb="0"/><line nr="45" mi="0" ci="1" mb="0" cb="0"/><line nr="48" mi="0" ci="3" mb="0" cb="0"/><line nr="52" mi="0" ci="3" mb="0" cb="0"/><line nr="53" mi="0" ci="1" mb="0" cb="0"/><line nr="56" mi="0" ci="3" mb="0" cb="0"/><line nr="60" mi="0" ci="3" mb="0" cb="0"/><line nr="61" mi="0" ci="1" mb="0" cb="0"/><line nr="64" mi="0" ci="3" mb="0" cb="0"/><line nr="68" mi="0" ci="3" mb="0" cb="0"/><line nr="69" mi="0" ci="1" mb="0" cb="0"/><line nr="72" mi="0" ci="3" mb="0" cb="0"/><line nr="76" mi="0" ci="3" mb="0" cb="0"/><line nr="77" mi="0" ci="1" mb="0" cb="0"/><line nr="80" mi="0" ci="3" mb="0" cb="0"/><line nr="84" mi="3" ci="0" mb="0" cb="0"/><line nr="85" mi="1" ci="0" mb="0" cb="0"/><line nr="88" mi="0" ci="3" mb="0" cb="0"/><line nr="92" mi="0" ci="3" mb="0" cb="0"/><line nr="93" mi="0" ci="1" mb="0" cb="0"/><line nr="96" mi="0" ci="3" mb="0" cb="0"/><line nr="100" mi="0" ci="3" mb="0" cb="0"/><line nr="101" mi="0" ci="1" mb="0" cb="0"/><line nr="104" mi="0" ci="3" mb="0" cb="0"/><line nr="108" mi="0" ci="3" mb="0" cb="0"/><line nr="109" mi="0" ci="1" mb="0" cb="0"/><line nr="112" mi="0" ci="3" mb="0" cb="0"/><line nr="116" mi="0" ci="3" mb="0" cb="0"/><line nr="117" mi="0" ci="1" mb="0" cb="0"/><line nr="120" mi="0" ci="3" mb="0" cb="0"/><line nr="124" mi="0" ci="3" mb="0" cb="0"/><line nr="125" mi="0" ci="1" mb="0" cb="0"/><line nr="128" mi="0" ci="3" mb="0" cb="0"/><line nr="132" mi="0" ci="3" mb="0" cb="0"/><line nr="133" mi="0" ci="1" mb="0" cb="0"/><line nr="136" mi="0" ci="3" mb="0" cb="0"/><line nr="140" mi="0" ci="3" mb="0" cb="0"/><line nr="141" mi="0" ci="1" mb="0" cb="0"/><counter type="INSTRUCTION" missed="4" covered="94"/><counter type="LINE" missed="2" covered="39"/><counter type="COMPLEXITY" missed="1" covered="26"/><counter type="METHOD" missed="1" covered="26"/><counter type="CLASS" missed="0" covered="1"/></sourcefile><sourcefile name="LitDecode.java"><line nr="30" mi="0" ci="2" mb="0" cb="0"/><line nr="31" mi="0" ci="4" mb="0" cb="0"/><line nr="32" mi="0" ci="1" mb="0" cb="0"/><counter type="INSTRUCTION" missed="0" covered="7"/><counter type="LINE" missed="0" covered="3"/><counter type="COMPLEXITY" missed="0" covered="1"/><counter type="METHOD" missed="0" covered="1"/><counter type="CLASS" missed="0" covered="1"/></sourcefile><sourcefile name="LowDistDecode.java"><line nr="31" mi="0" ci="2" mb="0" cb="0"/><line nr="32" mi="0" ci="4" mb="0" cb="0"/><line nr="33" mi="0" ci="1" mb="0" cb="0"/><counter type="INSTRUCTION" missed="0" covered="7"/><counter type="LINE" missed="0" covered="3"/><counter type="COMPLEXITY" missed="0" covered="1"/><counter type="METHOD" missed="0" covered="1"/><counter type="CLASS" missed="0" covered="1"/></sourcefile><sourcefile name="DistDecode.java"><line nr="31" mi="0" ci="2" mb="0" cb="0"/><line nr="32" mi="0" ci="4" mb="0" cb="0"/><line nr="33" mi="0" ci="1" mb="0" cb="0"/><counter type="INSTRUCTION" missed="0" covered="7"/><counter type="LINE" missed="0" covered="3"/><counter type="COMPLEXITY" missed="0" covered="1"/><counter type="METHOD" missed="0" covered="1"/><counter type="CLASS" missed="0" covered="1"/></sourcefile><sourcefile name="FilterType.java"><line nr="26" mi="44" ci="0" mb="0" cb="0"/><line nr="27" mi="24" ci="0" mb="0" cb="0"/><line nr="28" mi="24" ci="0" mb="0" cb="0"/><line nr="29" mi="12" ci="0" mb="0" cb="0"/><counter type="INSTRUCTION" missed="104" covered="0"/><counter type="LINE" missed="4" covered="0"/><counter type="COMPLEXITY" missed="1" covered="0"/><counter type="METHOD" missed="1" covered="0"/><counter type="CLASS" missed="1" covered="0"/></sourcefile><sourcefile name="BitDecode.java"><line nr="30" mi="0" ci="2" mb="0" cb="0"/><line nr="31" mi="0" ci="4" mb="0" cb="0"/><line nr="32" mi="0" ci="1" mb="0" cb="0"/><counter type="INSTRUCTION" missed="0" covered="7"/><counter type="LINE" missed="0" covered="3"/><counter type="COMPLEXITY" missed="0" covered="1"/><counter type="METHOD" missed="0" covered="1"/><counter type="CLASS" missed="0" covered="1"/></sourcefile><sourcefile name="RepDecode.java"><line nr="30" mi="0" ci="2" mb="0" cb="0"/><line nr="31" mi="0" ci="4" mb="0" cb="0"/><line nr="32" mi="0" ci="1" mb="0" cb="0"/><counter type="INSTRUCTION" missed="0" covered="7"/><counter type="LINE" missed="0" covered="3"/><counter type="COMPLEXITY" missed="0" covered="1"/><counter type="METHOD" missed="0" covered="1"/><counter type="CLASS" missed="0" covered="1"/></sourcefile><sourcefile name="MultDecode.java"><line nr="31" mi="0" ci="2" mb="0" cb="0"/><line nr="32" mi="0" ci="4" mb="0" cb="0"/><line nr="33" mi="0" ci="1" mb="0" cb="0"/><counter type="INSTRUCTION" missed="0" covered="7"/><counter type="LINE" missed="0" covered="3"/><counter type="COMPLEXITY" missed="0" covered="1"/><counter type="METHOD" missed="0" covered="1"/><counter type="CLASS" missed="0" covered="1"/></sourcefile><sourcefile name="Decode.java"><line nr="26" mi="0" ci="2" mb="0" cb="0"/><line nr="29" mi="0" ci="4" mb="0" cb="0"/><line nr="31" mi="0" ci="4" mb="0" cb="0"/><line nr="33" mi="0" ci="5" mb="0" cb="0"/><line nr="40" mi="0" ci="3" mb="0" cb="0"/><line nr="48" mi="0" ci="3" mb="0" cb="0"/><line nr="56" mi="0" ci="3" mb="0" cb="0"/><line nr="64" mi="0" ci="3" mb="0" cb="0"/><line nr="72" mi="0" ci="3" mb="0" cb="0"/><line nr="73" mi="0" ci="1" mb="0" cb="0"/><counter type="INSTRUCTION" missed="0" covered="31"/><counter type="LINE" missed="0" covered="10"/><counter type="COMPLEXITY" missed="0" covered="6"/><counter type="METHOD" missed="0" covered="6"/><counter type="CLASS" missed="0" covered="1"/></sourcefile><counter type="INSTRUCTION" missed="205" covered="167"/><counter type="LINE" missed="10" covered="67"/><counter type="COMPLEXITY" missed="4" covered="38"/><counter type="METHOD" missed="4" covered="38"/><counter type="CLASS" missed="3" covered="8"/></package><package name="com/github/junrar/unpack/vm"><class name="com/github/junrar/unpack/vm/BitInput" sourcefilename="BitInput.java"><method name="InitBitInput" desc="()V" line="38"><counter type="INSTRUCTION" missed="0" covered="7"/><counter type="LINE" missed="0" covered="3"/><counter type="COMPLEXITY" missed="0" covered="1"/><counter type="METHOD" missed="0" covered="1"/></method><method name="addbits" desc="(I)V" line="45"><counter type="INSTRUCTION" missed="0" covered="19"/><counter type="LINE" missed="0" covered="4"/><counter type="COMPLEXITY" missed="0" covered="1"/><counter type="METHOD" missed="0" covered="1"/></method><method name="getbits" desc="()I" line="60"><counter type="INSTRUCTION" missed="0" covered="39"/><counter type="LINE" missed="0" covered="1"/><counter type="COMPLEXITY" missed="0" covered="1"/><counter type="METHOD" missed="0" covered="1"/></method><method name="&lt;init&gt;" desc="()V" line="68"><counter type="INSTRUCTION" missed="0" covered="7"/><counter type="LINE" missed="0" covered="3"/><counter type="COMPLEXITY" missed="0" covered="1"/><counter type="METHOD" missed="0" covered="1"/></method><method name="faddbits" desc="(I)V" line="76"><counter type="INSTRUCTION" missed="0" covered="4"/><counter type="LINE" missed="0" covered="2"/><counter type="COMPLEXITY" missed="0" covered="1"/><counter type="METHOD" missed="0" covered="1"/></method><method name="fgetbits" desc="()I" line="84"><counter type="INSTRUCTION" missed="0" covered="3"/><counter type="LINE" missed="0" covered="1"/><counter type="COMPLEXITY" missed="0" covered="1"/><counter type="METHOD" missed="0" covered="1"/></method><method name="Overflow" desc="(I)Z" line="93"><counter type="INSTRUCTION" missed="2" covered="8"/><counter type="BRANCH" missed="1" covered="1"/><counter type="LINE" missed="0" covered="1"/><counter type="COMPLEXITY" missed="1" covered="1"/><counter type="METHOD" missed="0" covered="1"/></method><method name="getInBuf" desc="()[B" line="96"><counter type="INSTRUCTION" missed="0" covered="3"/><counter type="LINE" missed="0" covered="1"/><counter type="COMPLEXITY" missed="0" covered="1"/><counter type="METHOD" missed="0" covered="1"/></method><counter type="INSTRUCTION" missed="2" covered="90"/><counter type="BRANCH" missed="1" covered="1"/><counter type="LINE" missed="0" covered="16"/><counter type="COMPLEXITY" missed="1" covered="8"/><counter type="METHOD" missed="0" covered="8"/><counter type="CLASS" missed="0" covered="1"/></class><class name="com/github/junrar/unpack/vm/VMFlags" sourcefilename="VMFlags.java"><method name="&lt;init&gt;" desc="(Ljava/lang/String;II)V" line="33"><counter type="INSTRUCTION" missed="8" covered="0"/><counter type="LINE" missed="3" covered="0"/><counter type="COMPLEXITY" missed="1" covered="0"/><counter type="METHOD" missed="1" covered="0"/></method><method name="findFlag" desc="(I)Lcom/github/junrar/unpack/vm/VMFlags;" line="43"><counter type="INSTRUCTION" missed="20" covered="0"/><counter type="BRANCH" missed="6" covered="0"/><counter type="LINE" missed="7" covered="0"/><counter type="COMPLEXITY" missed="4" covered="0"/><counter type="METHOD" missed="1" covered="0"/></method><method name="equals" desc="(I)Z" line="61"><counter type="INSTRUCTION" missed="8" covered="0"/><counter type="BRANCH" missed="2" covered="0"/><counter type="LINE" missed="1" covered="0"/><counter type="COMPLEXITY" missed="2" covered="0"/><counter type="METHOD" missed="1" covered="0"/></method><method name="getFlag" desc="()I" line="68"><counter type="INSTRUCTION" missed="3" covered="0"/><counter type="LINE" missed="1" covered="0"/><counter type="COMPLEXITY" missed="1" covered="0"/><counter type="METHOD" missed="1" covered="0"/></method><method name="&lt;clinit&gt;" desc="()V" line="26"><counter type="INSTRUCTION" missed="37" covered="0"/><counter type="LINE" missed="4" covered="0"/><counter type="COMPLEXITY" missed="1" covered="0"/><counter type="METHOD" missed="1" covered="0"/></method><counter type="INSTRUCTION" missed="76" covered="0"/><counter type="BRANCH" missed="8" covered="0"/><counter type="LINE" missed="16" covered="0"/><counter type="COMPLEXITY" missed="9" covered="0"/><counter type="METHOD" missed="5" covered="0"/><counter type="CLASS" missed="1" covered="0"/></class><class name="com/github/junrar/unpack/vm/VMOpType" sourcefilename="VMOpType.java"><method name="&lt;init&gt;" desc="(Ljava/lang/String;II)V" line="34"><counter type="INSTRUCTION" missed="0" covered="8"/><counter type="LINE" missed="0" covered="3"/><counter type="COMPLEXITY" missed="0" covered="1"/><counter type="METHOD" missed="0" covered="1"/></method><method name="getOpType" desc="()I" line="39"><counter type="INSTRUCTION" missed="3" covered="0"/><counter type="LINE" missed="1" covered="0"/><counter type="COMPLEXITY" missed="1" covered="0"/><counter type="METHOD" missed="1" covered="0"/></method><method name="equals" desc="(I)Z" line="44"><counter type="INSTRUCTION" missed="8" covered="0"/><counter type="BRANCH" missed="2" covered="0"/><counter type="LINE" missed="1" covered="0"/><counter type="COMPLEXITY" missed="2" covered="0"/><counter type="METHOD" missed="1" covered="0"/></method><method name="findOpType" desc="(I)Lcom/github/junrar/unpack/vm/VMOpType;" line="48"><counter type="INSTRUCTION" missed="26" covered="0"/><counter type="BRANCH" missed="8" covered="0"/><counter type="LINE" missed="9" covered="0"/><counter type="COMPLEXITY" missed="5" covered="0"/><counter type="METHOD" missed="1" covered="0"/></method><method name="&lt;clinit&gt;" desc="()V" line="26"><counter type="INSTRUCTION" missed="0" covered="48"/><counter type="LINE" missed="0" covered="5"/><counter type="COMPLEXITY" missed="0" covered="1"/><counter type="METHOD" missed="0" covered="1"/></method><counter type="INSTRUCTION" missed="37" covered="56"/><counter type="BRANCH" missed="10" covered="0"/><counter type="LINE" missed="11" covered="8"/><counter type="COMPLEXITY" missed="8" covered="2"/><counter type="METHOD" missed="3" covered="2"/><counter type="CLASS" missed="0" covered="1"/></class><class name="com/github/junrar/unpack/vm/VMPreparedProgram" sourcefilename="VMPreparedProgram.java"><method name="&lt;init&gt;" desc="()V" line="31"><counter type="INSTRUCTION" missed="0" covered="25"/><counter type="LINE" missed="0" covered="7"/><counter type="COMPLEXITY" missed="0" covered="1"/><counter type="METHOD" missed="0" covered="1"/></method><method name="getAltCmd" desc="()Ljava/util/List;" line="50"><counter type="INSTRUCTION" missed="0" covered="3"/><counter type="LINE" missed="0" covered="1"/><counter type="COMPLEXITY" missed="0" covered="1"/><counter type="METHOD" missed="0" covered="1"/></method><method name="setAltCmd" desc="(Ljava/util/List;)V" line="56"><counter type="INSTRUCTION" missed="0" covered="4"/><counter type="LINE" missed="0" covered="2"/><counter type="COMPLEXITY" missed="0" covered="1"/><counter type="METHOD" missed="0" covered="1"/></method><method name="getCmd" desc="()Ljava/util/List;" line="62"><counter type="INSTRUCTION" missed="0" covered="3"/><counter type="LINE" missed="0" covered="1"/><counter type="COMPLEXITY" missed="0" covered="1"/><counter type="METHOD" missed="0" covered="1"/></method><method name="setCmd" desc="(Ljava/util/List;)V" line="66"><counter type="INSTRUCTION" missed="4" covered="0"/><counter type="LINE" missed="2" covered="0"/><counter type="COMPLEXITY" missed="1" covered="0"/><counter type="METHOD" missed="1" covered="0"/></method><method name="getCmdCount" desc="()I" line="70"><counter type="INSTRUCTION" missed="0" covered="3"/><counter type="LINE" missed="0" covered="1"/><counter type="COMPLEXITY" missed="0" covered="1"/><counter type="METHOD" missed="0" covered="1"/></method><method name="setCmdCount" desc="(I)V" line="74"><counter type="INSTRUCTION" missed="0" covered="4"/><counter type="LINE" missed="0" covered="2"/><counter type="COMPLEXITY" missed="0" covered="1"/><counter type="METHOD" missed="0" covered="1"/></method><method name="getFilteredDataOffset" desc="()I" line="80"><counter type="INSTRUCTION" missed="0" covered="3"/><counter type="LINE" missed="0" covered="1"/><counter type="COMPLEXITY" missed="0" covered="1"/><counter type="METHOD" missed="0" covered="1"/></method><method name="setFilteredDataOffset" desc="(I)V" line="86"><counter type="INSTRUCTION" missed="0" covered="4"/><counter type="LINE" missed="0" covered="2"/><counter type="COMPLEXITY" missed="0" covered="1"/><counter type="METHOD" missed="0" covered="1"/></method><method name="getFilteredDataSize" desc="()I" line="92"><counter type="INSTRUCTION" missed="0" covered="3"/><counter type="LINE" missed="0" covered="1"/><counter type="COMPLEXITY" missed="0" covered="1"/><counter type="METHOD" missed="0" covered="1"/></method><method name="setFilteredDataSize" desc="(I)V" line="96"><counter type="INSTRUCTION" missed="0" covered="4"/><counter type="LINE" missed="0" covered="2"/><counter type="COMPLEXITY" missed="0" covered="1"/><counter type="METHOD" missed="0" covered="1"/></method><method name="getGlobalData" desc="()Ljava/util/Vector;" line="100"><counter type="INSTRUCTION" missed="0" covered="3"/><counter type="LINE" missed="0" covered="1"/><counter type="COMPLEXITY" missed="0" covered="1"/><counter type="METHOD" missed="0" covered="1"/></method><method name="setGlobalData" desc="(Ljava/util/Vector;)V" line="104"><counter type="INSTRUCTION" missed="4" covered="0"/><counter type="LINE" missed="2" covered="0"/><counter type="COMPLEXITY" missed="1" covered="0"/><counter type="METHOD" missed="1" covered="0"/></method><method name="getInitR" desc="()[I" line="108"><counter type="INSTRUCTION" missed="0" covered="3"/><counter type="LINE" missed="0" covered="1"/><counter type="COMPLEXITY" missed="0" covered="1"/><counter type="METHOD" missed="0" covered="1"/></method><method name="setInitR" desc="([I)V" line="112"><counter type="INSTRUCTION" missed="4" covered="0"/><counter type="LINE" missed="2" covered="0"/><counter type="COMPLEXITY" missed="1" covered="0"/><counter type="METHOD" missed="1" covered="0"/></method><method name="getStaticData" desc="()Ljava/util/Vector;" line="116"><counter type="INSTRUCTION" missed="0" covered="3"/><counter type="LINE" missed="0" covered="1"/><counter type="COMPLEXITY" missed="0" covered="1"/><counter type="METHOD" missed="0" covered="1"/></method><method name="setStaticData" desc="(Ljava/util/Vector;)V" line="120"><counter type="INSTRUCTION" missed="4" covered="0"/><counter type="LINE" missed="2" covered="0"/><counter type="COMPLEXITY" missed="1" covered="0"/><counter type="METHOD" missed="1" covered="0"/></method><counter type="INSTRUCTION" missed="16" covered="65"/><counter type="LINE" missed="8" covered="23"/><counter type="COMPLEXITY" missed="4" covered="13"/><counter type="METHOD" missed="4" covered="13"/><counter type="CLASS" missed="0" covered="1"/></class><class name="com/github/junrar/unpack/vm/VMStandardFilters" sourcefilename="VMStandardFilters.java"><method name="&lt;init&gt;" desc="(Ljava/lang/String;II)V" line="38"><counter type="INSTRUCTION" missed="0" covered="8"/><counter type="LINE" missed="0" covered="3"/><counter type="COMPLEXITY" missed="0" covered="1"/><counter type="METHOD" missed="0" covered="1"/></method><method name="getFilter" desc="()I" line="43"><counter type="INSTRUCTION" missed="0" covered="3"/><counter type="LINE" missed="0" covered="1"/><counter type="COMPLEXITY" missed="0" covered="1"/><counter type="METHOD" missed="0" covered="1"/></method><method name="equals" desc="(I)Z" line="47"><counter type="INSTRUCTION" missed="0" covered="8"/><counter type="BRANCH" missed="0" covered="2"/><counter type="LINE" missed="0" covered="1"/><counter type="COMPLEXITY" missed="0" covered="2"/><counter type="METHOD" missed="0" covered="1"/></method><method name="findFilter" desc="(I)Lcom/github/junrar/unpack/vm/VMStandardFilters;" line="51"><counter type="INSTRUCTION" missed="12" covered="32"/><counter type="BRANCH" missed="6" covered="8"/><counter type="LINE" missed="6" covered="9"/><counter type="COMPLEXITY" missed="6" covered="2"/><counter type="METHOD" missed="0" covered="1"/></method><method name="&lt;clinit&gt;" desc="()V" line="26"><counter type="INSTRUCTION" missed="0" covered="92"/><counter type="LINE" missed="0" covered="9"/><counter type="COMPLEXITY" missed="0" covered="1"/><counter type="METHOD" missed="0" covered="1"/></method><counter type="INSTRUCTION" missed="12" covered="143"/><counter type="BRANCH" missed="6" covered="10"/><counter type="LINE" missed="6" covered="23"/><counter type="COMPLEXITY" missed="6" covered="7"/><counter type="METHOD" missed="0" covered="5"/><counter type="CLASS" missed="0" covered="1"/></class><class name="com/github/junrar/unpack/vm/VMPreparedOperand" sourcefilename="VMPreparedOperand.java"><method name="&lt;init&gt;" desc="()V" line="26"><counter type="INSTRUCTION" missed="0" covered="3"/><counter type="LINE" missed="0" covered="1"/><counter type="COMPLEXITY" missed="0" covered="1"/><counter type="METHOD" missed="0" covered="1"/></method><method name="getBase" desc="()I" line="34"><counter type="INSTRUCTION" missed="3" covered="0"/><counter type="LINE" missed="1" covered="0"/><counter type="COMPLEXITY" missed="1" covered="0"/><counter type="METHOD" missed="1" covered="0"/></method><method name="setBase" desc="(I)V" line="37"><counter type="INSTRUCTION" missed="4" covered="0"/><counter type="LINE" missed="2" covered="0"/><counter type="COMPLEXITY" missed="1" covered="0"/><counter type="METHOD" missed="1" covered="0"/></method><method name="getData" desc="()I" line="40"><counter type="INSTRUCTION" missed="0" covered="3"/><counter type="LINE" missed="0" covered="1"/><counter type="COMPLEXITY" missed="0" covered="1"/><counter type="METHOD" missed="0" covered="1"/></method><method name="setData" desc="(I)V" line="43"><counter type="INSTRUCTION" missed="0" covered="4"/><counter type="LINE" missed="0" covered="2"/><counter type="COMPLEXITY" missed="0" covered="1"/><counter type="METHOD" missed="0" covered="1"/></method><method name="getType" desc="()Lcom/github/junrar/unpack/vm/VMOpType;" line="46"><counter type="INSTRUCTION" missed="0" covered="3"/><counter type="LINE" missed="0" covered="1"/><counter type="COMPLEXITY" missed="0" covered="1"/><counter type="METHOD" missed="0" covered="1"/></method><method name="setType" desc="(Lcom/github/junrar/unpack/vm/VMOpType;)V" line="49"><counter type="INSTRUCTION" missed="0" covered="4"/><counter type="LINE" missed="0" covered="2"/><counter type="COMPLEXITY" missed="0" covered="1"/><counter type="METHOD" missed="0" covered="1"/></method><method name="getOffset" desc="()I" line="52"><counter type="INSTRUCTION" missed="0" covered="3"/><counter type="LINE" missed="0" covered="1"/><counter type="COMPLEXITY" missed="0" covered="1"/><counter type="METHOD" missed="0" covered="1"/></method><method name="setOffset" desc="(I)V" line="55"><counter type="INSTRUCTION" missed="4" covered="0"/><counter type="LINE" missed="2" covered="0"/><counter type="COMPLEXITY" missed="1" covered="0"/><counter type="METHOD" missed="1" covered="0"/></method><counter type="INSTRUCTION" missed="11" covered="20"/><counter type="LINE" missed="5" covered="8"/><counter type="COMPLEXITY" missed="3" covered="6"/><counter type="METHOD" missed="3" covered="6"/><counter type="CLASS" missed="0" covered="1"/></class><class name="com/github/junrar/unpack/vm/VMCmdFlags" sourcefilename="VMCmdFlags.java"><method name="&lt;init&gt;" desc="()V" line="26"><counter type="INSTRUCTION" missed="3" covered="0"/><counter type="LINE" missed="1" covered="0"/><counter type="COMPLEXITY" missed="1" covered="0"/><counter type="METHOD" missed="1" covered="0"/></method><method name="&lt;clinit&gt;" desc="()V" line="37"><counter type="INSTRUCTION" missed="164" covered="0"/><counter type="LINE" missed="1" covered="0"/><counter type="COMPLEXITY" missed="1" covered="0"/><counter type="METHOD" missed="1" covered="0"/></method><counter type="INSTRUCTION" missed="167" covered="0"/><counter type="LINE" missed="2" covered="0"/><counter type="COMPLEXITY" missed="2" covered="0"/><counter type="METHOD" missed="2" covered="0"/><counter type="CLASS" missed="1" covered="0"/></class><class name="com/github/junrar/unpack/vm/VMCommands" sourcefilename="VMCommands.java"><method name="&lt;init&gt;" desc="(Ljava/lang/String;II)V" line="46"><counter type="INSTRUCTION" missed="0" covered="8"/><counter type="LINE" missed="0" covered="3"/><counter type="COMPLEXITY" missed="0" covered="1"/><counter type="METHOD" missed="0" covered="1"/></method><method name="getVMCommand" desc="()I" line="51"><counter type="INSTRUCTION" missed="3" covered="0"/><counter type="LINE" missed="1" covered="0"/><counter type="COMPLEXITY" missed="1" covered="0"/><counter type="METHOD" missed="1" covered="0"/></method><method name="equals" desc="(I)Z" line="55"><counter type="INSTRUCTION" missed="8" covered="0"/><counter type="BRANCH" missed="2" covered="0"/><counter type="LINE" missed="1" covered="0"/><counter type="COMPLEXITY" missed="2" covered="0"/><counter type="METHOD" missed="1" covered="0"/></method><method name="findVMCommand" desc="(I)Lcom/github/junrar/unpack/vm/VMCommands;" line="59"><counter type="INSTRUCTION" missed="24" covered="0"/><counter type="BRANCH" missed="4" covered="0"/><counter type="LINE" missed="4" covered="0"/><counter type="COMPLEXITY" missed="3" covered="0"/><counter type="METHOD" missed="1" covered="0"/></method><method name="&lt;clinit&gt;" desc="()V" line="26"><counter type="INSTRUCTION" missed="0" covered="609"/><counter type="LINE" missed="0" covered="12"/><counter type="COMPLEXITY" missed="0" covered="1"/><counter type="METHOD" missed="0" covered="1"/></method><counter type="INSTRUCTION" missed="35" covered="617"/><counter type="BRANCH" missed="6" covered="0"/><counter type="LINE" missed="6" covered="15"/><counter type="COMPLEXITY" missed="6" covered="2"/><counter type="METHOD" missed="3" covered="2"/><counter type="CLASS" missed="0" covered="1"/></class><class name="com/github/junrar/unpack/vm/VMPreparedCommand" sourcefilename="VMPreparedCommand.java"><method name="&lt;init&gt;" desc="()V" line="26"><counter type="INSTRUCTION" missed="0" covered="13"/><counter type="LINE" missed="0" covered="3"/><counter type="COMPLEXITY" missed="0" covered="1"/><counter type="METHOD" missed="0" covered="1"/></method><method name="isByteMode" desc="()Z" line="33"><counter type="INSTRUCTION" missed="3" covered="0"/><counter type="LINE" missed="1" covered="0"/><counter type="COMPLEXITY" missed="1" covered="0"/><counter type="METHOD" missed="1" covered="0"/></method><method name="setByteMode" desc="(Z)V" line="36"><counter type="INSTRUCTION" missed="4" covered="0"/><counter type="LINE" missed="2" covered="0"/><counter type="COMPLEXITY" missed="1" covered="0"/><counter type="METHOD" missed="1" covered="0"/></method><method name="getOp1" desc="()Lcom/github/junrar/unpack/vm/VMPreparedOperand;" line="39"><counter type="INSTRUCTION" missed="0" covered="3"/><counter type="LINE" missed="0" covered="1"/><counter type="COMPLEXITY" missed="0" covered="1"/><counter type="METHOD" missed="0" covered="1"/></method><method name="setOp1" desc="(Lcom/github/junrar/unpack/vm/VMPreparedOperand;)V" line="42"><counter type="INSTRUCTION" missed="4" covered="0"/><counter type="LINE" missed="2" covered="0"/><counter type="COMPLEXITY" missed="1" covered="0"/><counter type="METHOD" missed="1" covered="0"/></method><method name="getOp2" desc="()Lcom/github/junrar/unpack/vm/VMPreparedOperand;" line="45"><counter type="INSTRUCTION" missed="0" covered="3"/><counter type="LINE" missed="0" covered="1"/><counter type="COMPLEXITY" missed="0" covered="1"/><counter type="METHOD" missed="0" covered="1"/></method><method name="setOp2" desc="(Lcom/github/junrar/unpack/vm/VMPreparedOperand;)V" line="48"><counter type="INSTRUCTION" missed="4" covered="0"/><counter type="LINE" missed="2" covered="0"/><counter type="COMPLEXITY" missed="1" covered="0"/><counter type="METHOD" missed="1" covered="0"/></method><method name="getOpCode" desc="()Lcom/github/junrar/unpack/vm/VMCommands;" line="51"><counter type="INSTRUCTION" missed="0" covered="3"/><counter type="LINE" missed="0" covered="1"/><counter type="COMPLEXITY" missed="0" covered="1"/><counter type="METHOD" missed="0" covered="1"/></method><method name="setOpCode" desc="(Lcom/github/junrar/unpack/vm/VMCommands;)V" line="54"><counter type="INSTRUCTION" missed="0" covered="4"/><counter type="LINE" missed="0" covered="2"/><counter type="COMPLEXITY" missed="0" covered="1"/><counter type="METHOD" missed="0" covered="1"/></method><counter type="INSTRUCTION" missed="15" covered="26"/><counter type="LINE" missed="7" covered="8"/><counter type="COMPLEXITY" missed="4" covered="5"/><counter type="METHOD" missed="4" covered="5"/><counter type="CLASS" missed="0" covered="1"/></class><class name="com/github/junrar/unpack/vm/RarVM" sourcefilename="RarVM.java"><method name="&lt;init&gt;" desc="()V" line="51"><counter type="INSTRUCTION" missed="0" covered="13"/><counter type="LINE" missed="0" covered="5"/><counter type="COMPLEXITY" missed="0" covered="1"/><counter type="METHOD" missed="0" covered="1"/></method><method name="init" desc="()V" line="66"><counter type="INSTRUCTION" missed="0" covered="8"/><counter type="BRANCH" missed="0" covered="2"/><counter type="LINE" missed="0" covered="3"/><counter type="COMPLEXITY" missed="0" covered="2"/><counter type="METHOD" missed="0" covered="1"/></method><method name="isVMMem" desc="([B)Z" line="72"><counter type="INSTRUCTION" missed="1" covered="7"/><counter type="BRANCH" missed="1" covered="1"/><counter type="LINE" missed="0" covered="1"/><counter type="COMPLEXITY" missed="1" covered="1"/><counter type="METHOD" missed="0" covered="1"/></method><method name="getValue" desc="(Z[BI)I" line="76"><counter type="INSTRUCTION" missed="18" covered="10"/><counter type="BRANCH" missed="4" covered="2"/><counter type="LINE" missed="4" covered="3"/><counter type="COMPLEXITY" missed="3" covered="1"/><counter type="METHOD" missed="0" covered="1"/></method><method name="setValue" desc="(Z[BII)V" line="94"><counter type="INSTRUCTION" missed="29" covered="12"/><counter type="BRANCH" missed="4" covered="2"/><counter type="LINE" missed="4" covered="4"/><counter type="COMPLEXITY" missed="3" covered="1"/><counter type="METHOD" missed="0" covered="1"/></method><method name="setLowEndianValue" desc="([BII)V" line="121"><counter type="INSTRUCTION" missed="5" covered="0"/><counter type="LINE" missed="2" covered="0"/><counter type="COMPLEXITY" missed="1" covered="0"/><counter type="METHOD" missed="1" covered="0"/></method><method name="setLowEndianValue" desc="(Ljava/util/Vector;II)V" line="128"><counter type="INSTRUCTION" missed="0" covered="51"/><counter type="LINE" missed="0" covered="5"/><counter type="COMPLEXITY" missed="0" covered="1"/><counter type="METHOD" missed="0" covered="1"/></method><method name="getOperand" desc="(Lcom/github/junrar/unpack/vm/VMPreparedOperand;)I" line="134"><counter type="INSTRUCTION" missed="14" covered="16"/><counter type="BRANCH" missed="1" covered="1"/><counter type="LINE" missed="3" covered="5"/><counter type="COMPLEXITY" missed="1" covered="1"/><counter type="METHOD" missed="0" covered="1"/></method><method name="execute" desc="(Lcom/github/junrar/unpack/vm/VMPreparedProgram;)V" line="146"><counter type="INSTRUCTION" missed="63" covered="132"/><counter type="BRANCH" missed="10" covered="10"/><counter type="LINE" missed="9" covered="24"/><counter type="COMPLEXITY" missed="8" covered="3"/><counter type="METHOD" missed="0" covered="1"/></method><method name="getMem" desc="()[B" line="204"><counter type="INSTRUCTION" missed="0" covered="3"/><counter type="LINE" missed="0" covered="1"/><counter type="COMPLEXITY" missed="0" covered="1"/><counter type="METHOD" missed="0" covered="1"/></method><method name="setIP" desc="(I)Z" line="208"><counter type="INSTRUCTION" missed="21" covered="0"/><counter type="BRANCH" missed="4" covered="0"/><counter type="LINE" missed="6" covered="0"/><counter type="COMPLEXITY" missed="3" covered="0"/><counter type="METHOD" missed="1" covered="0"/></method><method name="ExecuteCode" desc="(Ljava/util/List;I)Z" line="223"><counter type="INSTRUCTION" missed="1528" covered="59"/><counter type="BRANCH" missed="148" covered="3"/><counter type="LINE" missed="240" covered="15"/><counter type="COMPLEXITY" missed="101" covered="2"/><counter type="METHOD" missed="0" covered="1"/></method><method name="prepare" desc="([BILcom/github/junrar/unpack/vm/VMPreparedProgram;)V" line="633"><counter type="INSTRUCTION" missed="184" covered="135"/><counter type="BRANCH" missed="31" covered="9"/><counter type="LINE" missed="43" covered="32"/><counter type="COMPLEXITY" missed="18" covered="3"/><counter type="METHOD" missed="0" covered="1"/></method><method name="decodeArg" desc="(Lcom/github/junrar/unpack/vm/VMPreparedOperand;Z)V" line="764"><counter type="INSTRUCTION" missed="108" covered="0"/><counter type="BRANCH" missed="10" covered="0"/><counter type="LINE" missed="27" covered="0"/><counter type="COMPLEXITY" missed="6" covered="0"/><counter type="METHOD" missed="1" covered="0"/></method><method name="optimize" desc="(Lcom/github/junrar/unpack/vm/VMPreparedProgram;)V" line="805"><counter type="INSTRUCTION" missed="137" covered="0"/><counter type="BRANCH" missed="35" covered="0"/><counter type="LINE" missed="40" covered="0"/><counter type="COMPLEXITY" missed="21" covered="0"/><counter type="METHOD" missed="1" covered="0"/></method><method name="ReadData" desc="(Lcom/github/junrar/unpack/vm/BitInput;)I" line="864"><counter type="INSTRUCTION" missed="33" covered="42"/><counter type="BRANCH" missed="2" covered="4"/><counter type="LINE" missed="8" covered="12"/><counter type="COMPLEXITY" missed="2" covered="3"/><counter type="METHOD" missed="0" covered="1"/></meth
[...]
="0"/><line nr="507" mi="0" ci="5" mb="0" cb="0"/><line nr="508" mi="0" ci="4" mb="1" cb="1"/><line nr="509" mi="0" ci="3" mb="0" cb="0"/><line nr="513" mi="0" ci="3" mb="0" cb="2"/><line nr="514" mi="0" ci="7" mb="0" cb="0"/><line nr="515" mi="0" ci="6" mb="0" cb="0"/><line nr="516" mi="0" ci="6" mb="0" cb="0"/><line nr="517" mi="0" ci="4" mb="1" cb="1"/><line nr="518" mi="2" ci="0" mb="0" cb="0"/><line nr="519" mi="1" ci="0" mb="0" cb="0"/><line nr="521" mi="0" ci="1" mb="0" cb="0"/><line nr="523" mi="0" ci="10" mb="0" cb="0"/><line nr="524" mi="0" ci="3" mb="0" cb="0"/><line nr="525" mi="0" ci="5" mb="0" cb="0"/><line nr="526" mi="0" ci="7" mb="1" cb="1"/><line nr="527" mi="2" ci="0" mb="0" cb="0"/><line nr="528" mi="1" ci="0" mb="0" cb="0"/><line nr="532" mi="0" ci="3" mb="0" cb="2"/><line nr="533" mi="0" ci="6" mb="0" cb="2"/><line nr="534" mi="0" ci="6" mb="0" cb="0"/><line nr="535" mi="0" ci="3" mb="1" cb="1"/><line nr="536" mi="2" ci="0" mb="0" cb="0"/><line nr="537" mi="1" ci="0" mb="0" cb="0"/><line nr="540" mi="0" ci="8" mb="0" cb="2"/><line nr="541" mi="0" ci="4" mb="0" cb="0"/><line nr="542" mi="0" ci="7" mb="1" cb="1"/><line nr="543" mi="5" ci="0" mb="0" cb="0"/><line nr="547" mi="0" ci="5" mb="0" cb="0"/><line nr="548" mi="0" ci="4" mb="0" cb="0"/><line nr="552" mi="0" ci="4" mb="0" cb="0"/><line nr="553" mi="0" ci="12" mb="0" cb="0"/><line nr="554" mi="0" ci="5" mb="0" cb="0"/><line nr="555" mi="0" ci="6" mb="0" cb="2"/><line nr="556" mi="0" ci="5" mb="0" cb="0"/><line nr="557" mi="0" ci="6" mb="0" cb="2"/><line nr="558" mi="0" ci="4" mb="0" cb="2"/><line nr="560" mi="0" ci="6" mb="0" cb="0"/><line nr="561" mi="0" ci="6" mb="0" cb="0"/><line nr="563" mi="0" ci="4" mb="1" cb="1"/><line nr="564" mi="2" ci="0" mb="0" cb="0"/><line nr="565" mi="1" ci="0" mb="0" cb="0"/><line nr="572" mi="1" ci="8" mb="1" cb="1"/><line nr="573" mi="1" ci="7" mb="1" cb="1"/><line nr="574" mi="1" ci="13" mb="1" cb="1"/><line nr="576" mi="0" ci="4" mb="0" cb="0"/><line nr="577" mi="0" ci="1" mb="0" cb="0"/><line nr="578" mi="0" ci="6" mb="0" cb="0"/><line nr="579" mi="0" ci="3" mb="1" cb="1"/><line nr="580" mi="2" ci="0" mb="0" cb="0"/><line nr="581" mi="1" ci="0" mb="0" cb="0"/><line nr="583" mi="0" ci="4" mb="0" cb="0"/><line nr="584" mi="0" ci="4" mb="0" cb="0"/><line nr="585" mi="0" ci="4" mb="1" cb="1"/><line nr="586" mi="0" ci="5" mb="0" cb="0"/><line nr="588" mi="3" ci="0" mb="0" cb="0"/><line nr="590" mi="0" ci="4" mb="0" cb="0"/><line nr="591" mi="1" ci="10" mb="1" cb="1"/><line nr="593" mi="0" ci="11" mb="0" cb="0"/><line nr="594" mi="0" ci="6" mb="0" cb="0"/><line nr="595" mi="0" ci="5" mb="0" cb="2"/><line nr="596" mi="0" ci="18" mb="0" cb="4"/><line nr="597" mi="0" ci="5" mb="0" cb="0"/><line nr="599" mi="4" ci="15" mb="2" cb="2"/><line nr="600" mi="2" ci="8" mb="1" cb="1"/><line nr="601" mi="0" ci="4" mb="0" cb="0"/><line nr="603" mi="0" ci="9" mb="0" cb="0"/><line nr="604" mi="0" ci="3" mb="0" cb="0"/><line nr="605" mi="0" ci="4" mb="0" cb="0"/><line nr="606" mi="0" ci="3" mb="0" cb="0"/><line nr="607" mi="0" ci="4" mb="0" cb="0"/><line nr="610" mi="0" ci="3" mb="0" cb="0"/><line nr="611" mi="0" ci="4" mb="0" cb="0"/><line nr="612" mi="0" ci="4" mb="0" cb="0"/><line nr="620" mi="0" ci="1" mb="0" cb="0"/><line nr="624" mi="4" ci="0" mb="0" cb="0"/><line nr="625" mi="4" ci="0" mb="0" cb="0"/><line nr="626" mi="4" ci="0" mb="0" cb="0"/><line nr="627" mi="5" ci="0" mb="0" cb="0"/><line nr="628" mi="4" ci="0" mb="0" cb="0"/><line nr="629" mi="5" ci="0" mb="0" cb="0"/><line nr="630" mi="4" ci="0" mb="0" cb="0"/><line nr="631" mi="5" ci="0" mb="0" cb="0"/><line nr="632" mi="4" ci="0" mb="0" cb="0"/><line nr="633" mi="5" ci="0" mb="0" cb="0"/><line nr="634" mi="4" ci="0" mb="0" cb="0"/><line nr="635" mi="5" ci="0" mb="0" cb="0"/><line nr="636" mi="4" ci="0" mb="0" cb="0"/><line nr="637" mi="5" ci="0" mb="0" cb="0"/><line nr="638" mi="4" ci="0" mb="0" cb="0"/><line nr="639" mi="5" ci="0" mb="0" cb="0"/><line nr="640" mi="4" ci="0" mb="0" cb="0"/><line nr="641" mi="5" ci="0" mb="0" cb="0"/><line nr="642" mi="4" ci="0" mb="0" cb="0"/><line nr="643" mi="5" ci="0" mb="0" cb="0"/><line nr="644" mi="4" ci="0" mb="0" cb="0"/><line nr="645" mi="5" ci="0" mb="0" cb="0"/><line nr="646" mi="4" ci="0" mb="0" cb="0"/><line nr="647" mi="5" ci="0" mb="0" cb="0"/><line nr="648" mi="4" ci="0" mb="0" cb="0"/><line nr="649" mi="3" ci="0" mb="0" cb="0"/><counter type="INSTRUCTION" missed="238" covered="1432"/><counter type="BRANCH" missed="42" covered="136"/><counter type="LINE" missed="65" covered="292"/><counter type="COMPLEXITY" missed="46" covered="81"/><counter type="METHOD" missed="5" covered="33"/><counter type="CLASS" missed="0" covered="1"/></sourcefile><sourcefile name="FreqData.java"><line nr="39" mi="0" ci="3" mb="0" cb="0"/><line nr="40" mi="0" ci="1" mb="0" cb="0"/><line nr="43" mi="0" ci="3" mb="0" cb="0"/><line nr="44" mi="0" ci="3" mb="0" cb="0"/><line nr="45" mi="0" ci="2" mb="0" cb="0"/><line nr="49" mi="0" ci="8" mb="0" cb="0"/><line nr="53" mi="0" ci="7" mb="0" cb="0"/><line nr="54" mi="0" ci="1" mb="0" cb="0"/><line nr="57" mi="0" ci="6" mb="0" cb="0"/><line nr="58" mi="0" ci="1" mb="0" cb="0"/><line nr="61" mi="0" ci="8" mb="0" cb="0"/><line nr="65" mi="0" ci="4" mb="0" cb="0"/><line nr="66" mi="0" ci="1" mb="0" cb="0"/><line nr="69" mi="0" ci="8" mb="0" cb="0"/><line nr="70" mi="0" ci="1" mb="0" cb="0"/><line nr="73" mi="4" ci="0" mb="0" cb="0"/><line nr="74" mi="4" ci="0" mb="0" cb="0"/><line nr="75" mi="4" ci="0" mb="0" cb="0"/><line nr="76" mi="5" ci="0" mb="0" cb="0"/><line nr="77" mi="4" ci="0" mb="0" cb="0"/><line nr="78" mi="4" ci="0" mb="0" cb="0"/><line nr="79" mi="4" ci="0" mb="0" cb="0"/><line nr="80" mi="5" ci="0" mb="0" cb="0"/><line nr="81" mi="4" ci="0" mb="0" cb="0"/><line nr="82" mi="5" ci="0" mb="0" cb="0"/><line nr="83" mi="4" ci="0" mb="0" cb="0"/><line nr="84" mi="3" ci="0" mb="0" cb="0"/><counter type="INSTRUCTION" missed="50" covered="57"/><counter type="LINE" missed="12" covered="15"/><counter type="COMPLEXITY" missed="1" covered="8"/><counter type="METHOD" missed="1" covered="8"/><counter type="CLASS" missed="0" covered="1"/></sourcefile><sourcefile name="StateRef.java"><line nr="35" mi="0" ci="2" mb="0" cb="0"/><line nr="36" mi="0" ci="1" mb="0" cb="0"/><line nr="39" mi="0" ci="3" mb="0" cb="0"/><line nr="43" mi="0" ci="5" mb="0" cb="0"/><line nr="44" mi="0" ci="1" mb="0" cb="0"/><line nr="47" mi="0" ci="3" mb="0" cb="0"/><line nr="51" mi="0" ci="5" mb="0" cb="0"/><line nr="52" mi="0" ci="1" mb="0" cb="0"/><line nr="55" mi="8" ci="0" mb="0" cb="0"/><line nr="56" mi="1" ci="0" mb="0" cb="0"/><line nr="59" mi="8" ci="0" mb="0" cb="0"/><line nr="60" mi="1" ci="0" mb="0" cb="0"/><line nr="63" mi="0" ci="4" mb="0" cb="0"/><line nr="64" mi="0" ci="4" mb="0" cb="0"/><line nr="65" mi="0" ci="4" mb="0" cb="0"/><line nr="66" mi="0" ci="1" mb="0" cb="0"/><line nr="69" mi="0" ci="3" mb="0" cb="0"/><line nr="73" mi="0" ci="4" mb="0" cb="0"/><line nr="74" mi="0" ci="1" mb="0" cb="0"/><line nr="77" mi="0" ci="3" mb="0" cb="0"/><line nr="78" mi="0" ci="1" mb="0" cb="0"/><line nr="81" mi="4" ci="0" mb="0" cb="0"/><line nr="82" mi="4" ci="0" mb="0" cb="0"/><line nr="83" mi="4" ci="0" mb="0" cb="0"/><line nr="84" mi="5" ci="0" mb="0" cb="0"/><line nr="85" mi="4" ci="0" mb="0" cb="0"/><line nr="86" mi="5" ci="0" mb="0" cb="0"/><line nr="87" mi="4" ci="0" mb="0" cb="0"/><line nr="88" mi="5" ci="0" mb="0" cb="0"/><line nr="89" mi="4" ci="0" mb="0" cb="0"/><line nr="90" mi="3" ci="0" mb="0" cb="0"/><counter type="INSTRUCTION" missed="60" covered="46"/><counter type="LINE" missed="14" covered="17"/><counter type="COMPLEXITY" missed="3" covered="9"/><counter type="METHOD" missed="3" covered="9"/><counter type="CLASS" missed="0" covered="1"/></sourcefile><sourcefile name="RarNode.java"><line nr="36" mi="0" ci="3" mb="0" cb="0"/><line nr="37" mi="0" ci="1" mb="0" cb="0"/><line nr="40" mi="0" ci="3" mb="1" cb="1"/><line nr="41" mi="0" ci="7" mb="0" cb="0"/><line nr="43" mi="0" ci="3" mb="0" cb="0"/><line nr="47" mi="0" ci="4" mb="0" cb="0"/><line nr="48" mi="0" ci="1" mb="0" cb="0"/><line nr="51" mi="0" ci="3" mb="0" cb="0"/><line nr="52" mi="0" ci="3" mb="1" cb="1"/><line nr="53" mi="0" ci="6" mb="0" cb="0"/><line nr="55" mi="0" ci="1" mb="0" cb="0"/><line nr="58" mi="4" ci="0" mb="0" cb="0"/><line nr="59" mi="4" ci="0" mb="0" cb="0"/><line nr="60" mi="4" ci="0" mb="0" cb="0"/><line nr="61" mi="5" ci="0" mb="0" cb="0"/><line nr="62" mi="4" ci="0" mb="0" cb="0"/><line nr="63" mi="4" ci="0" mb="0" cb="0"/><line nr="64" mi="4" ci="0" mb="0" cb="0"/><line nr="65" mi="5" ci="0" mb="0" cb="0"/><line nr="66" mi="4" ci="0" mb="0" cb="0"/><line nr="67" mi="3" ci="0" mb="0" cb="0"/><counter type="INSTRUCTION" missed="41" covered="35"/><counter type="BRANCH" missed="2" covered="2"/><counter type="LINE" missed="10" covered="11"/><counter type="COMPLEXITY" missed="3" covered="4"/><counter type="METHOD" missed="1" covered="4"/><counter type="CLASS" missed="0" covered="1"/></sourcefile><sourcefile name="BlockTypes.java"><line nr="27" mi="0" ci="12" mb="0" cb="0"/><line nr="28" mi="0" ci="14" mb="0" cb="0"/><line nr="32" mi="0" ci="4" mb="0" cb="0"/><line nr="33" mi="0" ci="3" mb="0" cb="0"/><line nr="34" mi="0" ci="1" mb="0" cb="0"/><line nr="37" mi="3" ci="0" mb="0" cb="0"/><line nr="41" mi="8" ci="0" mb="2" cb="0"/><line nr="45" mi="4" ci="0" mb="2" cb="0"/><line nr="46" mi="2" ci="0" mb="0" cb="0"/><line nr="48" mi="4" ci="0" mb="2" cb="0"/><line nr="49" mi="2" ci="0" mb="0" cb="0"/><line nr="51" mi="2" ci="0" mb="0" cb="0"/><counter type="INSTRUCTION" missed="25" covered="34"/><counter type="BRANCH" missed="6" covered="0"/><counter type="LINE" missed="7" covered="5"/><counter type="COMPLEXITY" missed="6" covered="2"/><counter type="METHOD" missed="3" covered="2"/><counter type="CLASS" missed="0" covered="1"/></sourcefile><sourcefile name="SubAllocator.java"><line nr="28" mi="2" ci="5" mb="1" cb="1"/><line nr="34" mi="0" ci="5" mb="0" cb="0"/><line nr="42" mi="0" ci="4" mb="0" cb="0"/><line nr="43" mi="0" ci="4" mb="0" cb="0"/><line nr="49" mi="0" ci="4" mb="0" cb="0"/><line nr="61" mi="0" ci="3" mb="0" cb="0"/><line nr="62" mi="0" ci="3" mb="0" cb="0"/><line nr="63" mi="0" ci="3" mb="0" cb="0"/><line nr="64" mi="0" ci="3" mb="0" cb="0"/><line nr="66" mi="0" ci="2" mb="0" cb="0"/><line nr="67" mi="0" ci="2" mb="0" cb="0"/><line nr="68" mi="0" ci="1" mb="0" cb="0"/><line nr="71" mi="0" ci="3" mb="0" cb="0"/><line nr="72" mi="0" ci="1" mb="0" cb="0"/><line nr="75" mi="0" ci="3" mb="0" cb="0"/><line nr="76" mi="0" ci="3" mb="0" cb="0"/><line nr="77" mi="0" ci="7" mb="0" cb="0"/><line nr="78" mi="0" ci="6" mb="0" cb="0"/><line nr="79" mi="0" ci="1" mb="0" cb="0"/><line nr="82" mi="0" ci="6" mb="0" cb="0"/><line nr="83" mi="0" ci="1" mb="0" cb="0"/><line nr="86" mi="0" ci="6" mb="0" cb="0"/><line nr="87" mi="0" ci="3" mb="0" cb="0"/><line nr="88" mi="0" ci="3" mb="0" cb="0"/><line nr="89" mi="0" ci="7" mb="0" cb="0"/><line nr="90" mi="0" ci="2" mb="0" cb="0"/><line nr="94" mi="0" ci="4" mb="0" cb="0"/><line nr="99" mi="6" ci="0" mb="0" cb="0"/><line nr="103" mi="10" ci="0" mb="0" cb="0"/><line nr="104" mi="9" ci="0" mb="0" cb="0"/><line nr="105" mi="13" ci="0" mb="2" cb="0"/><line nr="106" mi="5" ci="0" mb="0" cb="0"/><line nr="107" mi="11" ci="0" mb="0" cb="0"/><line nr="108" mi="4" ci="0" mb="0" cb="0"/><line nr="110" mi="9" ci="0" mb="0" cb="0"/><line nr="111" mi="1" ci="0" mb="0" cb="0"/><line nr="114" mi="0" ci="3" mb="0" cb="2"/><line nr="115" mi="0" ci="3" mb="0" cb="0"/><line nr="116" mi="0" ci="3" mb="0" cb="0"/><line nr="117" mi="0" ci="3" mb="0" cb="0"/><line nr="120" mi="0" ci="3" mb="0" cb="0"/><line nr="121" mi="0" ci="3" mb="0" cb="0"/><line nr="122" mi="0" ci="3" mb="0" cb="0"/><line nr="123" mi="0" ci="3" mb="0" cb="0"/><line nr="125" mi="0" ci="1" mb="0" cb="0"/><line nr="128" mi="3" ci="0" mb="0" cb="0"/><line nr="132" mi="0" ci="4" mb="0" cb="0"/><line nr="133" mi="0" ci="4" mb="1" cb="1"/><line nr="134" mi="2" ci="0" mb="0" cb="0"/><line nr="136" mi="0" ci="2" mb="0" cb="0"/><line nr="137" mi="0" ci="8" mb="0" cb="0"/><line nr="141" mi="0" ci="6" mb="0" cb="0"/><line nr="143" mi="0" ci="3" mb="0" cb="0"/><line nr="144" mi="0" ci="1" mb="0" cb="0"/><line nr="146" mi="0" ci="4" mb="0" cb="0"/><line nr="147" mi="0" ci="3" mb="0" cb="0"/><line nr="148" mi="0" ci="8" mb="0" cb="0"/><line nr="149" mi="0" ci="3" mb="0" cb="0"/><line nr="151" mi="0" ci="6" mb="0" cb="0"/><line nr="152" mi="19" ci="8" mb="2" cb="2"/><line nr="156" mi="0" ci="13" mb="0" cb="2"/><line nr="157" mi="0" ci="9" mb="0" cb="0"/><line nr="158" mi="0" ci="6" mb="0" cb="0"/><line nr="162" mi="0" ci="7" mb="0" cb="0"/><line nr="163" mi="0" ci="7" mb="0" cb="0"/><line nr="164" mi="0" ci="7" mb="0" cb="0"/><line nr="165" mi="0" ci="7" mb="0" cb="0"/><line nr="167" mi="0" ci="2" mb="0" cb="0"/><line nr="171" mi="3" ci="0" mb="0" cb="0"/><line nr="172" mi="4" ci="0" mb="0" cb="0"/><line nr="173" mi="3" ci="0" mb="0" cb="0"/><line nr="174" mi="3" ci="0" mb="0" cb="0"/><line nr="176" mi="5" ci="0" mb="2" cb="0"/><line nr="177" mi="6" ci="0" mb="0" cb="0"/><line nr="179" mi="13" ci="0" mb="2" cb="0"/><line nr="180" mi="6" ci="0" mb="2" cb="0"/><line nr="181" mi="5" ci="0" mb="0" cb="0"/><line nr="182" mi="3" ci="0" mb="0" cb="0"/><line nr="183" mi="3" ci="0" mb="0" cb="0"/><line nr="184" mi="7" ci="0" mb="0" cb="0"/><line nr="187" mi="11" ci="0" mb="2" cb="0"/><line nr="188" mi="3" ci="0" mb="0" cb="0"/><line nr="192" mi="8" ci="0" mb="0" cb="0"/><line nr="193" mi="11" ci="0" mb="4" cb="0"/><line nr="194" mi="2" ci="0" mb="0" cb="0"/><line nr="195" mi="7" ci="0" mb="0" cb="0"/><line nr="196" mi="9" ci="0" mb="0" cb="0"/><line nr="201" mi="4" ci="0" mb="0" cb="0"/><line nr="202" mi="5" ci="0" mb="2" cb="0"/><line nr="203" mi="12" ci="0" mb="2" cb="0"/><line nr="204" mi="5" ci="0" mb="0" cb="0"/><line nr="205" mi="5" ci="0" mb="0" cb="0"/><line nr="207" mi="13" ci="0" mb="2" cb="0"/><line nr="208" mi="8" ci="0" mb="0" cb="0"/><line nr="209" mi="12" ci="0" mb="0" cb="0"/><line nr="211" mi="5" ci="0" mb="0" cb="0"/><line nr="212" mi="5" ci="0" mb="0" cb="0"/><line nr="214" mi="1" ci="0" mb="0" cb="0"/><line nr="217" mi="3" ci="0" mb="2" cb="0"/><line nr="218" mi="3" ci="0" mb="0" cb="0"/><line nr="219" mi="2" ci="0" mb="0" cb="0"/><line nr="220" mi="6" ci="0" mb="2" cb="0"/><line nr="221" mi="4" ci="0" mb="0" cb="0"/><line nr="224" mi="2" ci="0" mb="0" cb="0"/><line nr="226" mi="4" ci="0" mb="2" cb="0"/><line nr="227" mi="6" ci="0" mb="0" cb="0"/><line nr="228" mi="7" ci="0" mb="0" cb="0"/><line nr="229" mi="7" ci="0" mb="0" cb="0"/><line nr="230" mi="7" ci="0" mb="2" cb="0"/><line nr="231" mi="6" ci="0" mb="0" cb="0"/><line nr="232" mi="6" ci="0" mb="0" cb="0"/><line nr="233" mi="3" ci="0" mb="0" cb="0"/><line nr="235" mi="2" ci="0" mb="0" cb="0"/><line nr="237" mi="6" ci="0" mb="2" cb="0"/><line nr="238" mi="4" ci="0" mb="0" cb="0"/><line nr="239" mi="5" ci="0" mb="0" cb="0"/><line nr="240" mi="2" ci="0" mb="0" cb="0"/><line nr="244" mi="0" ci="7" mb="0" cb="0"/><line nr="245" mi="0" ci="6" mb="0" cb="2"/><line nr="246" mi="0" ci="4" mb="0" cb="0"/><line nr="248" mi="0" ci="3" mb="0" cb="0"/><line nr="249" mi="0" ci="11" mb="0" cb="0"/><line nr="250" mi="0" ci="5" mb="1" cb="1"/><line nr="251" mi="0" ci="2" mb="0" cb="0"/><line nr="253" mi="11" ci="0" mb="0" cb="0"/><line nr="254" mi="4" ci="0" mb="0" cb="0"/><line nr="258" mi="0" ci="5" mb="1" cb="1"/><line nr="259" mi="0" ci="8" mb="0" cb="0"/><line nr="261" mi="6" ci="0" mb="2" cb="0"/><line nr="262" mi="4" ci="0" mb="0" cb="0"/><line nr="264" mi="4" ci="0" mb="0" cb="0"/><line nr="268" mi="0" ci="7" mb="0" cb="0"/><line nr="269" mi="0" ci="9" mb="0" cb="0"/><line nr="270" mi="0" ci="3" mb="1" cb="1"/><line nr="271" mi="2" ci="0" mb="0" cb="0"/><line nr="273" mi="0" ci="6" mb="0" cb="0"/><line nr="274" mi="0" ci="2" mb="1" cb="1"/><line nr="276" mi="0" ci="10" mb="0" cb="0"/><line nr="277" mi="0" ci="4" mb="0" cb="0"/><line nr="279" mi="0" ci="2" mb="0" cb="0"/><line nr="285" mi="7" ci="0" mb="0" cb="0"/><line nr="286" mi="7" ci="0" mb="0" cb="0"/><line nr="287" mi="3" ci="0" mb="2" cb="0"/><line nr="288" mi="2" ci="0" mb="0" cb="0"/><line nr="290" mi="6" ci="0" mb="2" cb="0"/><line nr="291" mi="4" ci="0" mb="0" cb="0"/><line nr="296" mi="10" ci="0" mb="0" cb="0"/><line nr="297" mi="4" ci="0" mb="0" cb="0"/><line nr="298" mi="2" ci="0" mb="0" cb="0"/><line nr="300" mi="5" ci="0" mb="0" cb="0"/><line nr="301" mi="2" ci="0" mb="0" cb="0"/><line nr="306" mi="9" ci="0" mb="0" cb="0"/><line nr="307" mi="1" ci="0" mb="0" cb="0"/><line nr="310" mi="0" ci="3" mb="0" cb="0"/><line nr="314" mi="3" ci="0" mb="0" cb="0"/><line nr="315" mi="1" ci="0" mb="0" cb="0"/><line nr="318" mi="0" ci="3" mb="0" cb="0"/><line nr="322" mi="0" ci="3" mb="0" cb="0"/><line nr="326" mi="3" ci="0" mb="0" cb="0"/><line nr="327" mi="1" ci="0" mb="0" cb="0"/><line nr="330" mi="6" ci="0" mb="0" cb="0"/><line nr="331" mi="1" ci="0" mb="0" cb="0"/><line nr="334" mi="3" ci="0" mb="0" cb="0"/><line nr="338" mi="3" ci="0" mb="0" cb="0"/><line nr="339" mi="1" ci="0" mb="0" cb="0"/><line nr="343" mi="0" ci="11" mb="0" cb="0"/><line nr="345" mi="0" ci="4" mb="0" cb="0"/><line nr="347" mi="0" ci="11" mb="0" cb="0"/><line nr="349" mi="0" ci="6" mb="0" cb="0"/><line nr="350" mi="0" ci="5" mb="0" cb="0"/><line nr="351" mi="0" ci="10" mb="0" cb="0"/><line nr="353" mi="0" ci="7" mb="0" cb="0"/><line nr="354" mi="0" ci="9" mb="0" cb="0"/><line nr="355" mi="0" ci="6" mb="0" cb="0"/><line nr="356" mi="0" ci="6" mb="0" cb="0"/><line nr="358" mi="0" ci="10" mb="0" cb="2"/><line nr="359" mi="0" ci="7" mb="0" cb="0"/><line nr="361" mi="0" ci="7" mb="0" cb="2"/><line nr="362" mi="0" ci="7" mb="0" cb="0"/><line nr="364" mi="0" ci="7" mb="0" cb="2"/><line nr="365" mi="0" ci="7" mb="0" cb="0"/><line nr="367" mi="0" ci="7" mb="0" cb="2"/><line nr="368" mi="0" ci="7" mb="0" cb="0"/><line nr="371" mi="0" ci="12" mb="0" cb="2"/><line nr="372" mi="0" ci="14" mb="0" cb="2"/><line nr="373" mi="0" ci="7" mb="0" cb="0"/><line nr="376" mi="0" ci="1" mb="0" cb="0"/><line nr="379" mi="0" ci="6" mb="0" cb="0"/><line nr="383" mi="0" ci="3" mb="0" cb="0"/><line nr="406" mi="4" ci="0" mb="0" cb="0"/><line nr="407" mi="4" ci="0" mb="0" cb="0"/><line nr="408" mi="4" ci="0" mb="0" cb="0"/><line nr="409" mi="5" ci="0" mb="0" cb="0"/><line nr="410" mi="4" ci="0" mb="0" cb="0"/><line nr="411" mi="5" ci="0" mb="0" cb="0"/><line nr="412" mi="4" ci="0" mb="0" cb="0"/><line nr="413" mi="5" ci="0" mb="0" cb="0"/><line nr="414" mi="4" ci="0" mb="0" cb="0"/><line nr="415" mi="5" ci="0" mb="0" cb="0"/><line nr="416" mi="4" ci="0" mb="0" cb="0"/><line nr="417" mi="5" ci="0" mb="0" cb="0"/><line nr="418" mi="4" ci="0" mb="0" cb="0"/><line nr="419" mi="5" ci="0" mb="0" cb="0"/><line nr="420" mi="4" ci="0" mb="0" cb="0"/><line nr="421" mi="5" ci="0" mb="0" cb="0"/><line nr="422" mi="4" ci="0" mb="0" cb="0"/><line nr="423" mi="3" ci="0" mb="0" cb="0"/><counter type="INSTRUCTION" missed="559" covered="518"/><counter type="BRANCH" missed="44" covered="26"/><counter type="LINE" missed="106" covered="101"/><counter type="COMPLEXITY" missed="39" covered="27"/><counter type="METHOD" missed="13" covered="18"/><counter type="CLASS" missed="0" covered="1"/></sourcefile><counter type="INSTRUCTION" missed="2039" covered="3597"/><counter type="BRANCH" missed="184" covered="224"/><counter type="LINE" missed="462" covered="731"/><counter type="COMPLEXITY" missed="183" covered="213"/><counter type="METHOD" missed="52" covered="140"/><counter type="CLASS" missed="1" covered="13"/></package><counter type="INSTRUCTION" missed="9542" covered="16615"/><counter type="BRANCH" missed="1010" covered="1104"/><counter type="LINE" missed="1963" covered="3051"/><counter type="COMPLEXITY" missed="1007" covered="892"/><counter type="METHOD" missed="290" covered="504"/><counter type="CLASS" missed="22" covered="72"/></report>