<?xml version="1.0" encoding="UTF-8"?>
<testsuite xmlns:xsi="http://www.w3.org/2001/XMLSchema-instance" xsi:noNamespaceSchemaLocation="https://maven.apache.org/surefire/maven-surefire-plugin/xsd/surefire-test-report-3.0.xsd" version="3.0" name="org.json.junit.JSONTokenerTest" time="0.068" tests="7" errors="0" skipped="0" failures="0">
  <properties>
[...]
</properties>
  <testcase name="testSkipToFailureWithBufferedReader" classname="org.json.junit.JSONTokenerTest" time="0.052"/>
  <testcase name="verifyBackFailureDoubleBack" classname="org.json.junit.JSONTokenerTest" time="0"/>
  <testcase name="testValid" classname="org.json.junit.JSONTokenerTest" time="0"/>
  <testcase name="testSkipToSuccessWithStringReader" classname="org.json.junit.JSONTokenerTest" time="0"/>
  <testcase name="verifyBackFailureZeroIndex" classname="org.json.junit.JSONTokenerTest" time="0"/>
  <testcase name="testErrors" classname="org.json.junit.JSONTokenerTest" time="0"/>
  <testcase name="testNextBackComboWithNewLines" classname="org.json.junit.JSONTokenerTest" time="0"/>
</testsuite>