<?xml version="1.0" encoding="UTF-8"?><testrun duration="9603" footerText="Generated by IntelliJ IDEA on 5/3/22, 5:06 PM" name="jUnit-tests-coverage">
    <count name="total" value="70"/>
    <count name="error" value="4"/>
    <count name="failed" value="2"/>
    <count name="passed" value="64"/>
    <config configId="JUnit" name="jUnit-tests-coverage">
        <module name="telek-math.test"/>
        <extension name="coverage" sample_coverage="false" track_test_folders="true"/>
        <option name="ALTERNATIVE_JRE_PATH_ENABLED" value="true"/>
        <option name="ALTERNATIVE_JRE_PATH" value="1.8"/>
        <option name="PACKAGE_NAME" value=""/>
        <option name="MAIN_CLASS_NAME" value=""/>
        <option name="METHOD_NAME" value=""/>
        <option name="TEST_OBJECT" value="package"/>
        <method v="2">
            <option name="Make" enabled="true"/>
        </method>
    </config>
    <root name="&lt;default package&gt;" location="java:suite://&lt;default package&gt;">
        <output type="stdout">"C:\Program Files\Java\jdk1.8.0_162\bin\java.exe" -ea -Didea.test.cyclic.buffer.size=1048576 "-javaagent:C:\Program Files\JetBrains\IntelliJ IDEA 2021.2.3\lib\idea_rt.jar=58505:C:\Program Files\JetBrains\IntelliJ IDEA 2021.2.3\bin" -Dfile.encoding=UTF-8 -classpath "C:\Users\jdhtl\.m2\repository\org\junit\platform\junit-platform-launcher\1.7.0\junit-platform-launcher-1.7.0.jar;C:\Users\jdhtl\.m2\repository\org\apiguardian\apiguardian-api\1.1.0\apiguardian-api-1.1.0.jar;C:\Users\jdhtl\.m2\repository\org\junit\platform\junit-platform-engine\1.7.0\junit-platform-engine-1.7.0.jar;C:\Users\jdhtl\.m2\repository\org\opentest4j\opentest4j\1.2.0\opentest4j-1.2.0.jar;C:\Users\jdhtl\.m2\repository\org\junit\platform\junit-platform-commons\1.7.0\junit-platform-commons-1.7.0.jar;C:\Program Files\JetBrains\IntelliJ IDEA 2021.2.3\lib\idea_rt.jar;C:\Program Files\JetBrains\IntelliJ IDEA 2021.2.3\plugins\junit\lib\junit5-rt.jar;C:\Program Files\JetBrains\IntelliJ IDEA 2021.2.3\plugins\junit\lib\junit-rt.jar;C:\Program Files\Java\jdk1.8.0_162\jre\lib\charsets.jar;C:\Program Files\Java\jdk1.8.0_162\jre\lib\deploy.jar;C:\Program Files\Java\jdk1.8.0_162\jre\lib\ext\access-bridge-64.jar;C:\Program Files\Java\jdk1.8.0_162\jre\lib\ext\cldrdata.jar;C:\Program Files\Java\jdk1.8.0_162\jre\lib\ext\dnsns.jar;C:\Program Files\Java\jdk1.8.0_162\jre\lib\ext\jaccess.jar;C:\Program Files\Java\jdk1.8.0_162\jre\lib\ext\jfxrt.jar;C:\Program Files\Java\jdk1.8.0_162\jre\lib\ext\localedata.jar;C:\Program Files\Java\jdk1.8.0_162\jre\lib\ext\nashorn.jar;C:\Program Files\Java\jdk1.8.0_162\jre\lib\ext\sunec.jar;C:\Program Files\Java\jdk1.8.0_162\jre\lib\ext\sunjce_provider.jar;C:\Program Files\Java\jdk1.8.0_162\jre\lib\ext\sunmscapi.jar;C:\Program Files\Java\jdk1.8.0_162\jre\lib\ext\sunpkcs11.jar;C:\Program Files\Java\jdk1.8.0_162\jre\lib\ext\zipfs.jar;C:\Program Files\Java\jdk1.8.0_162\jre\lib\javaws.jar;C:\Program Files\Java\jdk1.8.0_162\jre\lib\jce.jar;C:\Program Files\Java\jdk1.8.0_162\jre\lib\jfr.jar;C:\Program Files\Java\jdk1.8.0_162\jre\lib\jfxswt.jar;C:\Program Files\Java\jdk1.8.0_162\jre\lib\jsse.jar;C:\Program Files\Java\jdk1.8.0_162\jre\lib\management-agent.jar;C:\Program Files\Java\jdk1.8.0_162\jre\lib\plugin.jar;C:\Program Files\Java\jdk1.8.0_162\jre\lib\resources.jar;C:\Program Files\Java\jdk1.8.0_162\jre\lib\rt.jar;C:\repos\testing-project\telek-math\build\classes\java\test;C:\repos\testing-project\telek-math\build\classes\java\main;C:\Users\jdhtl\.gradle\caches\modules-2\files-2.1\org.junit.jupiter\junit-jupiter\5.7.0\3152d152da916ccbb0715f89f7f873f45362ad7f\junit-jupiter-5.7.0.jar;C:\Users\jdhtl\.gradle\caches\modules-2\files-2.1\org.apache.commons\commons-math3\3.0\5f8d1d720333aa9a7dee1c949ea70d9ed7da6106\commons-math3-3.0.jar;C:\Users\jdhtl\.gradle\caches\modules-2\files-2.1\org.junit.jupiter\junit-jupiter-params\5.7.0\521dbecace93d5d7ef13a74aab231befd7954424\junit-jupiter-params-5.7.0.jar;C:\Users\jdhtl\.gradle\caches\modules-2\files-2.1\org.junit.jupiter\junit-jupiter-api\5.7.0\b25f3815c4c1860a73041e733a14a0379d00c4d5\junit-jupiter-api-5.7.0.jar;C:\Users\jdhtl\.gradle\caches\modules-2\files-2.1\org.apiguardian\apiguardian-api\1.1.0\fc9dff4bb36d627bdc553de77e1f17efd790876c\apiguardian-api-1.1.0.jar;C:\Users\jdhtl\.gradle\caches\modules-2\files-2.1\org.junit.platform\junit-platform-commons\1.7.0\84e309fbf21d857aac079a3c1fffd84284e1114d\junit-platform-commons-1.7.0.jar;C:\Users\jdhtl\.gradle\caches\modules-2\files-2.1\org.opentest4j\opentest4j\1.2.0\28c11eb91f9b6d8e200631d46e20a7f407f2a046\opentest4j-1.2.0.jar;C:\Users\jdhtl\.gradle\caches\modules-2\files-2.1\org.junit.jupiter\junit-jupiter-engine\5.7.0\d9044d6b45e2232ddd53fa56c15333e43d1749fd\junit-jupiter-engine-5.7.0.jar;C:\Users\jdhtl\.gradle\caches\modules-2\files-2.1\org.junit.platform\junit-platform-engine\1.7.0\eadb73c5074a4ac71061defd00fc176152a4d12c\junit-platform-engine-1.7.0.jar" com.intellij.rt.junit.JUnitStarter -ideVersion5 -junit5 @w@C:\Users\jdhtl\AppData\Local\Temp\idea_working_dirs_junit.tmp @C:\Users\jdhtl\AppData\Local\Temp\idea_junit.tmp -socket58504
Process finished with exit code -1
</output>
    </root>
    <suite duration="33" locationUrl="java:suite://com.telek.tests.geometry.TLine2DTest" name="TLine2DTest" status="passed">
        <test duration="33" locationUrl="java:test://com.telek.tests.geometry.TLine2DTest/line2DTest" name="line2dTest" metainfo="" status="passed"/>
    </suite>
    <suite duration="270" locationUrl="java:suite://com.telek.tests.dists.ZDistTest" name="ZDistTest" status="passed">
        <test duration="161" locationUrl="java:test://com.telek.tests.dists.ZDistTest/cumulativeProbabilityTest" name="cumulativeProbabilityTest" metainfo="" status="passed"/>
        <test duration="1" locationUrl="java:test://com.telek.tests.dists.ZDistTest/invCumRightTailedTest" name="invCumRightTailedTest" metainfo="" status="passed"/>
        <test locationUrl="java:test://com.telek.tests.dists.ZDistTest/cumulativeProbabilityBetweenTest" name="cumulativeProbabilityBetweenTest" metainfo="" status="passed"/>
        <test duration="14" locationUrl="java:test://com.telek.tests.dists.ZDistTest/invCumLeftTailedTest" name="invCumLeftTailedTest" metainfo="" status="passed"/>
        <test locationUrl="java:test://com.telek.tests.dists.ZDistTest/cumulativeProbabilityBetweenTest2" name="cumulativeProbabilityBetweenTest2" metainfo="" status="passed"/>
        <test duration="94" locationUrl="java:test://com.telek.tests.dists.ZDistTest/densityTest" name="densityTest" metainfo="" status="passed"/>
    </suite>
    <suite duration="24" locationUrl="java:suite://com.telek.tests.functions.FuncTest" name="FuncTest" status="error">
        <test duration="15" locationUrl="java:test://com.telek.tests.functions.FuncTest/amnTest" name="amnTest" metainfo="" status="error">
            <output type="stderr">java.lang.ArrayIndexOutOfBoundsException: 4&#13;
	at com.telek.telekmath.core.functions.TFunction.value(TFunction.java:84)&#13;
	at com.telek.tests.functions.FuncTest.amnTest(FuncTest.java:58)&#13;
	at sun.reflect.NativeMethodAccessorImpl.invoke0(Native Method)&#13;
	at sun.reflect.NativeMethodAccessorImpl.invoke(NativeMethodAccessorImpl.java:62)&#13;
	at sun.reflect.DelegatingMethodAccessorImpl.invoke(DelegatingMethodAccessorImpl.java:43)&#13;
	at java.lang.reflect.Method.invoke(Method.java:498)&#13;
	at org.junit.platform.commons.util.ReflectionUtils.invokeMethod(ReflectionUtils.java:688)&#13;
	at org.junit.jupiter.engine.execution.MethodInvocation.proceed(MethodInvocation.java:60)&#13;
	at org.junit.jupiter.engine.execution.InvocationInterceptorChain$ValidatingInvocation.proceed(InvocationInterceptorChain.java:131)&#13;
	at org.junit.jupiter.engine.extension.TimeoutExtension.intercept(TimeoutExtension.java:149)&#13;
	at org.junit.jupiter.engine.extension.TimeoutExtension.interceptTestableMethod(TimeoutExtension.java:140)&#13;
	at org.junit.jupiter.engine.extension.TimeoutExtension.interceptTestMethod(TimeoutExtension.java:84)&#13;
	at org.junit.jupiter.engine.execution.ExecutableInvoker$ReflectiveInterceptorCall.lambda$ofVoidMethod$0(ExecutableInvoker.java:115)&#13;
	at org.junit.jupiter.engine.execution.ExecutableInvoker.lambda$invoke$0(ExecutableInvoker.java:105)&#13;
	at org.junit.jupiter.engine.execution.InvocationInterceptorChain$InterceptedInvocation.proceed(InvocationInterceptorChain.java:106)&#13;
	at org.junit.jupiter.engine.execution.InvocationInterceptorChain.proceed(InvocationInterceptorChain.java:64)&#13;
	at org.junit.jupiter.engine.execution.InvocationInterceptorChain.chainAndInvoke(InvocationInterceptorChain.java:45)&#13;
	at org.junit.jupiter.engine.execution.InvocationInterceptorChain.invoke(InvocationInterceptorChain.java:37)&#13;
	at org.junit.jupiter.engine.execution.ExecutableInvoker.invoke(ExecutableInvoker.java:104)&#13;
	at org.junit.jupiter.engine.execution.ExecutableInvoker.invoke(ExecutableInvoker.java:98)&#13;
	at org.junit.jupiter.engine.descriptor.TestMethodTestDescriptor.lambda$invokeTestMethod$6(TestMethodTestDescriptor.java:210)&#13;
	at org.junit.platform.engine.support.hierarchical.ThrowableCollector.execute(ThrowableCollector.java:73)&#13;
	at org.junit.jupiter.engine.descriptor.TestMethodTestDescriptor.invokeTestMethod(TestMethodTestDescriptor.java:206)&#13;
	at org.junit.jupiter.engine.descriptor.TestMethodTestDescriptor.execute(TestMethodTestDescriptor.java:131)&#13;
	at org.junit.jupiter.engine.descriptor.TestMethodTestDescriptor.execute(TestMethodTestDescriptor.java:65)&#13;
	at org.junit.platform.engine.support.hierarchical.NodeTestTask.lambda$executeRecursively$5(NodeTestTask.java:139)&#13;
	at org.junit.platform.engine.support.hierarchical.ThrowableCollector.execute(ThrowableCollector.java:73)&#13;
	at org.junit.platform.engine.support.hierarchical.NodeTestTask.lambda$executeRecursively$7(NodeTestTask.java:129)&#13;
	at org.junit.platform.engine.support.hierarchical.Node.around(Node.java:137)&#13;
	at org.junit.platform.engine.support.hierarchical.NodeTestTask.lambda$executeRecursively$8(NodeTestTask.java:127)&#13;
	at org.junit.platform.engine.support.hierarchical.ThrowableCollector.execute(ThrowableCollector.java:73)&#13;
	at org.junit.platform.engine.support.hierarchical.NodeTestTask.executeRecursively(NodeTestTask.java:126)&#13;
	at org.junit.platform.engine.support.hierarchical.NodeTestTask.execute(NodeTestTask.java:84)&#13;
	at java.util.ArrayList.forEach(ArrayList.java:1257)&#13;
	at org.junit.platform.engine.support.hierarchical.SameThreadHierarchicalTestExecutorService.invokeAll(SameThreadHierarchicalTestExecutorService.java:38)&#13;
	at org.junit.platform.engine.support.hierarchical.NodeTestTask.lambda$executeRecursively$5(NodeTestTask.java:143)&#13;
	at org.junit.platform.engine.support.hierarchical.ThrowableCollector.execute(ThrowableCollector.java:73)&#13;
	at org.junit.platform.engine.support.hierarchical.NodeTestTask.lambda$executeRecursively$7(NodeTestTask.java:129)&#13;
	at org.junit.platform.engine.support.hierarchical.Node.around(Node.java:137)&#13;
	at org.junit.platform.engine.support.hierarchical.NodeTestTask.lambda$executeRecursively$8(NodeTestTask.java:127)&#13;
	at org.junit.platform.engine.support.hierarchical.ThrowableCollector.execute(ThrowableCollector.java:73)&#13;
	at org.junit.platform.engine.support.hierarchical.NodeTestTask.executeRecursively(NodeTestTask.java:126)&#13;
	at org.junit.platform.engine.support.hierarchical.NodeTestTask.execute(NodeTestTask.java:84)&#13;
	at java.util.ArrayList.forEach(ArrayList.java:1257)&#13;
	at org.junit.platform.engine.support.hierarchical.SameThreadHierarchicalTestExecutorService.invokeAll(SameThreadHierarchicalTestExecutorService.java:38)&#13;
	at org.junit.platform.engine.support.hierarchical.NodeTestTask.lambda$executeRecursively$5(NodeTestTask.java:143)&#13;
	at org.junit.platform.engine.support.hierarchical.ThrowableCollector.execute(ThrowableCollector.java:73)&#13;
	at org.junit.platform.engine.support.hierarchical.NodeTestTask.lambda$executeRecursively$7(NodeTestTask.java:129)&#13;
	at org.junit.platform.engine.support.hierarchical.Node.around(Node.java:137)&#13;
	at org.junit.platform.engine.support.hierarchical.NodeTestTask.lambda$executeRecursively$8(NodeTestTask.java:127)&#13;
	at org.junit.platform.engine.support.hierarchical.ThrowableCollector.execute(ThrowableCollector.java:73)&#13;
	at org.junit.platform.engine.support.hierarchical.NodeTestTask.executeRecursively(NodeTestTask.java:126)&#13;
	at org.junit.platform.engine.support.hierarchical.NodeTestTask.execute(NodeTestTask.java:84)&#13;
	at org.junit.platform.engine.support.hierarchical.SameThreadHierarchicalTestExecutorService.submit(SameThreadHierarchicalTestExecutorService.java:32)&#13;
	at org.junit.platform.engine.support.hierarchical.HierarchicalTestExecutor.execute(HierarchicalTestExecutor.java:57)&#13;
	at org.junit.platform.engine.support.hierarchical.HierarchicalTestEngine.execute(HierarchicalTestEngine.java:51)&#13;
	at org.junit.platform.launcher.core.EngineExecutionOrchestrator.execute(EngineExecutionOrchestrator.java:108)&#13;
	at org.junit.platform.launcher.core.EngineExecutionOrchestrator.execute(EngineExecutionOrchestrator.java:88)&#13;
	at org.junit.platform.launcher.core.EngineExecutionOrchestrator.lambda$execute$0(EngineExecutionOrchestrator.java:54)&#13;
	at org.junit.platform.launcher.core.EngineExecutionOrchestrator.withInterceptedStreams(EngineExecutionOrchestrator.java:67)&#13;
	at org.junit.platform.launcher.core.EngineExecutionOrchestrator.execute(EngineExecutionOrchestrator.java:52)&#13;
	at org.junit.platform.launcher.core.DefaultLauncher.execute(DefaultLauncher.java:96)&#13;
	at org.junit.platform.launcher.core.DefaultLauncher.execute(DefaultLauncher.java:75)&#13;
	at com.intellij.junit5.JUnit5IdeaTestRunner.startRunnerWithArgs(JUnit5IdeaTestRunner.java:71)&#13;
	at com.intellij.rt.junit.IdeaTestRunner$Repeater.startRunnerWithArgs(IdeaTestRunner.java:33)&#13;
	at com.intellij.rt.junit.JUnitStarter.prepareStreamsAndStart(JUnitStarter.java:235)&#13;
	at com.intellij.rt.junit.JUnitStarter.main(JUnitStarter.java:54)&#13;
</output>
        </test>
        <test duration="9" locationUrl="java:test://com.telek.tests.functions.FuncTest/tfunctionTest" name="tfunctionTest" metainfo="" status="error">
            <output type="stderr">java.lang.ArrayIndexOutOfBoundsException: 1&#13;
	at com.telek.telekmath.core.functions.TFunction.value(TFunction.java:84)&#13;
	at com.telek.tests.functions.FuncTest.tfunctionTest(FuncTest.java:36)&#13;
	at sun.reflect.NativeMethodAccessorImpl.invoke0(Native Method)&#13;
	at sun.reflect.NativeMethodAccessorImpl.invoke(NativeMethodAccessorImpl.java:62)&#13;
	at sun.reflect.DelegatingMethodAccessorImpl.invoke(DelegatingMethodAccessorImpl.java:43)&#13;
	at java.lang.reflect.Method.invoke(Method.java:498)&#13;
	at org.junit.platform.commons.util.ReflectionUtils.invokeMethod(ReflectionUtils.java:688)&#13;
	at org.junit.jupiter.engine.execution.MethodInvocation.proceed(MethodInvocation.java:60)&#13;
	at org.junit.jupiter.engine.execution.InvocationInterceptorChain$ValidatingInvocation.proceed(InvocationInterceptorChain.java:131)&#13;
	at org.junit.jupiter.engine.extension.TimeoutExtension.intercept(TimeoutExtension.java:149)&#13;
	at org.junit.jupiter.engine.extension.TimeoutExtension.interceptTestableMethod(TimeoutExtension.java:140)&#13;
	at org.junit.jupiter.engine.extension.TimeoutExtension.interceptTestMethod(TimeoutExtension.java:84)&#13;
	at org.junit.jupiter.engine.execution.ExecutableInvoker$ReflectiveInterceptorCall.lambda$ofVoidMethod$0(ExecutableInvoker.java:115)&#13;
	at org.junit.jupiter.engine.execution.ExecutableInvoker.lambda$invoke$0(ExecutableInvoker.java:105)&#13;
	at org.junit.jupiter.engine.execution.InvocationInterceptorChain$InterceptedInvocation.proceed(InvocationInterceptorChain.java:106)&#13;
	at org.junit.jupiter.engine.execution.InvocationInterceptorChain.proceed(InvocationInterceptorChain.java:64)&#13;
	at org.junit.jupiter.engine.execution.InvocationInterceptorChain.chainAndInvoke(InvocationInterceptorChain.java:45)&#13;
	at org.junit.jupiter.engine.execution.InvocationInterceptorChain.invoke(InvocationInterceptorChain.java:37)&#13;
	at org.junit.jupiter.engine.execution.ExecutableInvoker.invoke(ExecutableInvoker.java:104)&#13;
	at org.junit.jupiter.engine.execution.ExecutableInvoker.invoke(ExecutableInvoker.java:98)&#13;
	at org.junit.jupiter.engine.descriptor.TestMethodTestDescriptor.lambda$invokeTestMethod$6(TestMethodTestDescriptor.java:210)&#13;
	at org.junit.platform.engine.support.hierarchical.ThrowableCollector.execute(ThrowableCollector.java:73)&#13;
	at org.junit.jupiter.engine.descriptor.TestMethodTestDescriptor.invokeTestMethod(TestMethodTestDescriptor.java:206)&#13;
	at org.junit.jupiter.engine.descriptor.TestMethodTestDescriptor.execute(TestMethodTestDescriptor.java:131)&#13;
	at org.junit.jupiter.engine.descriptor.TestMethodTestDescriptor.execute(TestMethodTestDescriptor.java:65)&#13;
	at org.junit.platform.engine.support.hierarchical.NodeTestTask.lambda$executeRecursively$5(NodeTestTask.java:139)&#13;
	at org.junit.platform.engine.support.hierarchical.ThrowableCollector.execute(ThrowableCollector.java:73)&#13;
	at org.junit.platform.engine.support.hierarchical.NodeTestTask.lambda$executeRecursively$7(NodeTestTask.java:129)&#13;
	at org.junit.platform.engine.support.hierarchical.Node.around(Node.java:137)&#13;
	at org.junit.platform.engine.support.hierarchical.NodeTestTask.lambda$executeRecursively$8(NodeTestTask.java:127)&#13;
	at org.junit.platform.engine.support.hierarchical.ThrowableCollector.execute(ThrowableCollector.java:73)&#13;
	at org.junit.platform.engine.support.hierarchical.NodeTestTask.executeRecursively(NodeTestTask.java:126)&#13;
	at org.junit.platform.engine.support.hierarchical.NodeTestTask.execute(NodeTestTask.java:84)&#13;
	at java.util.ArrayList.forEach(ArrayList.java:1257)&#13;
	at org.junit.platform.engine.support.hierarchical.SameThreadHierarchicalTestExecutorService.invokeAll(SameThreadHierarchicalTestExecutorService.java:38)&#13;
	at org.junit.platform.engine.support.hierarchical.NodeTestTask.lambda$executeRecursively$5(NodeTestTask.java:143)&#13;
	at org.junit.platform.engine.support.hierarchical.ThrowableCollector.execute(ThrowableCollector.java:73)&#13;
	at org.junit.platform.engine.support.hierarchical.NodeTestTask.lambda$executeRecursively$7(NodeTestTask.java:129)&#13;
	at org.junit.platform.engine.support.hierarchical.Node.around(Node.java:137)&#13;
	at org.junit.platform.engine.support.hierarchical.NodeTestTask.lambda$executeRecursively$8(NodeTestTask.java:127)&#13;
	at org.junit.platform.engine.support.hierarchical.ThrowableCollector.execute(ThrowableCollector.java:73)&#13;
	at org.junit.platform.engine.support.hierarchical.NodeTestTask.executeRecursively(NodeTestTask.java:126)&#13;
	at org.junit.platform.engine.support.hierarchical.NodeTestTask.execute(NodeTestTask.java:84)&#13;
	at java.util.ArrayList.forEach(ArrayList.java:1257)&#13;
	at org.junit.platform.engine.support.hierarchical.SameThreadHierarchicalTestExecutorService.invokeAll(SameThreadHierarchicalTestExecutorService.java:38)&#13;
	at org.junit.platform.engine.support.hierarchical.NodeTestTask.lambda$executeRecursively$5(NodeTestTask.java:143)&#13;
	at org.junit.platform.engine.support.hierarchical.ThrowableCollector.execute(ThrowableCollector.java:73)&#13;
	at org.junit.platform.engine.support.hierarchical.NodeTestTask.lambda$executeRecursively$7(NodeTestTask.java:129)&#13;
	at org.junit.platform.engine.support.hierarchical.Node.around(Node.java:137)&#13;
	at org.junit.platform.engine.support.hierarchical.NodeTestTask.lambda$executeRecursively$8(NodeTestTask.java:127)&#13;
	at org.junit.platform.engine.support.hierarchical.ThrowableCollector.execute(ThrowableCollector.java:73)&#13;
	at org.junit.platform.engine.support.hierarchical.NodeTestTask.executeRecursively(NodeTestTask.java:126)&#13;
	at org.junit.platform.engine.support.hierarchical.NodeTestTask.execute(NodeTestTask.java:84)&#13;
	at org.junit.platform.engine.support.hierarchical.SameThreadHierarchicalTestExecutorService.submit(SameThreadHierarchicalTestExecutorService.java:32)&#13;
	at org.junit.platform.engine.support.hierarchical.HierarchicalTestExecutor.execute(HierarchicalTestExecutor.java:57)&#13;
	at org.junit.platform.engine.support.hierarchical.HierarchicalTestEngine.execute(HierarchicalTestEngine.java:51)&#13;
	at org.junit.platform.launcher.core.EngineExecutionOrchestrator.execute(EngineExecutionOrchestrator.java:108)&#13;
	at org.junit.platform.launcher.core.EngineExecutionOrchestrator.execute(EngineExecutionOrchestrator.java:88)&#13;
	at org.junit.platform.launcher.core.EngineExecutionOrchestrator.lambda$execute$0(EngineExecutionOrchestrator.java:54)&#13;
	at org.junit.platform.launcher.core.EngineExecutionOrchestrator.withInterceptedStreams(EngineExecutionOrchestrator.java:67)&#13;
	at org.junit.platform.launcher.core.EngineExecutionOrchestrator.execute(EngineExecutionOrchestrator.java:52)&#13;
	at org.junit.platform.launcher.core.DefaultLauncher.execute(DefaultLauncher.java:96)&#13;
	at org.junit.platform.launcher.core.DefaultLauncher.execute(DefaultLauncher.java:75)&#13;
	at com.intellij.junit5.JUnit5IdeaTestRunner.startRunnerWithArgs(JUnit5IdeaTestRunner.java:71)&#13;
	at com.intellij.rt.junit.IdeaTestRunner$Repeater.startRunnerWithArgs(IdeaTestRunner.java:33)&#13;
	at com.intellij.rt.junit.JUnitStarter.prepareStreamsAndStart(JUnitStarter.java:235)&#13;
	at com.intellij.rt.junit.JUnitStarter.main(JUnitStarter.java:54)&#13;
</output>
        </test>
    </suite>
    <suite duration="2" locationUrl="java:suite://com.telek.tests.geometry.TPoint3DTest" name="TPoint3DTest" status="passed">
        <test duration="2" locationUrl="java:test://com.telek.tests.geometry.TPoint3DTest/point3DTest" name="point3dTest" metainfo="" status="passed"/>
    </suite>
    <suite duration="8" locationUrl="java:suite://com.telek.tests.zsingle.CryptoTest" name="CryptoTest" status="error">
        <test duration="8" locationUrl="java:test://com.telek.tests.zsingle.CryptoTest/cryptoTest" name="cryptoTest" metainfo="" status="error">
            <output type="stderr">java.lang.StringIndexOutOfBoundsException: String index out of range: 55&#13;
	at java.lang.String.charAt(String.java:658)&#13;
	at com.telek.telekmath.advanced.cryptography.BaconCipher.decode(BaconCipher.java:21)&#13;
	at com.telek.tests.zsingle.CryptoTest.cryptoTest(CryptoTest.java:27)&#13;
	at sun.reflect.NativeMethodAccessorImpl.invoke0(Native Method)&#13;
	at sun.reflect.NativeMethodAccessorImpl.invoke(NativeMethodAccessorImpl.java:62)&#13;
	at sun.reflect.DelegatingMethodAccessorImpl.invoke(DelegatingMethodAccessorImpl.java:43)&#13;
	at java.lang.reflect.Method.invoke(Method.java:498)&#13;
	at org.junit.platform.commons.util.ReflectionUtils.invokeMethod(ReflectionUtils.java:688)&#13;
	at org.junit.jupiter.engine.execution.MethodInvocation.proceed(MethodInvocation.java:60)&#13;
	at org.junit.jupiter.engine.execution.InvocationInterceptorChain$ValidatingInvocation.proceed(InvocationInterceptorChain.java:131)&#13;
	at org.junit.jupiter.engine.extension.TimeoutExtension.intercept(TimeoutExtension.java:149)&#13;
	at org.junit.jupiter.engine.extension.TimeoutExtension.interceptTestableMethod(TimeoutExtension.java:140)&#13;
	at org.junit.jupiter.engine.extension.TimeoutExtension.interceptTestMethod(TimeoutExtension.java:84)&#13;
	at org.junit.jupiter.engine.execution.ExecutableInvoker$ReflectiveInterceptorCall.lambda$ofVoidMethod$0(ExecutableInvoker.java:115)&#13;
	at org.junit.jupiter.engine.execution.ExecutableInvoker.lambda$invoke$0(ExecutableInvoker.java:105)&#13;
	at org.junit.jupiter.engine.execution.InvocationInterceptorChain$InterceptedInvocation.proceed(InvocationInterceptorChain.java:106)&#13;
	at org.junit.jupiter.engine.execution.InvocationInterceptorChain.proceed(InvocationInterceptorChain.java:64)&#13;
	at org.junit.jupiter.engine.execution.InvocationInterceptorChain.chainAndInvoke(InvocationInterceptorChain.java:45)&#13;
	at org.junit.jupiter.engine.execution.InvocationInterceptorChain.invoke(InvocationInterceptorChain.java:37)&#13;
	at org.junit.jupiter.engine.execution.ExecutableInvoker.invoke(ExecutableInvoker.java:104)&#13;
	at org.junit.jupiter.engine.execution.ExecutableInvoker.invoke(ExecutableInvoker.java:98)&#13;
	at org.junit.jupiter.engine.descriptor.TestMethodTestDescriptor.lambda$invokeTestMethod$6(TestMethodTestDescriptor.java:210)&#13;
	at org.junit.platform.engine.support.hierarchical.ThrowableCollector.execute(ThrowableCollector.java:73)&#13;
	at org.junit.jupiter.engine.descriptor.TestMethodTestDescriptor.invokeTestMethod(TestMethodTestDescriptor.java:206)&#13;
	at org.junit.jupiter.engine.descriptor.TestMethodTestDescriptor.execute(TestMethodTestDescriptor.java:131)&#13;
	at org.junit.jupiter.engine.descriptor.TestMethodTestDescriptor.execute(TestMethodTestDescriptor.java:65)&#13;
	at org.junit.platform.engine.support.hierarchical.NodeTestTask.lambda$executeRecursively$5(NodeTestTask.java:139)&#13;
	at org.junit.platform.engine.support.hierarchical.ThrowableCollector.execute(ThrowableCollector.java:73)&#13;
	at org.junit.platform.engine.support.hierarchical.NodeTestTask.lambda$executeRecursively$7(NodeTestTask.java:129)&#13;
	at org.junit.platform.engine.support.hierarchical.Node.around(Node.java:137)&#13;
	at org.junit.platform.engine.support.hierarchical.NodeTestTask.lambda$executeRecursively$8(NodeTestTask.java:127)&#13;
	at org.junit.platform.engine.support.hierarchical.ThrowableCollector.execute(ThrowableCollector.java:73)&#13;
	at org.junit.platform.engine.support.hierarchical.NodeTestTask.executeRecursively(NodeTestTask.java:126)&#13;
	at org.junit.platform.engine.support.hierarchical.NodeTestTask.execute(NodeTestTask.java:84)&#13;
	at java.util.ArrayList.forEach(ArrayList.java:1257)&#13;
	at org.junit.platform.engine.support.hierarchical.SameThreadHierarchicalTestExecutorService.invokeAll(SameThreadHierarchicalTestExecutorService.java:38)&#13;
	at org.junit.platform.engine.support.hierarchical.NodeTestTask.lambda$executeRecursively$5(NodeTestTask.java:143)&#13;
	at org.junit.platform.engine.support.hierarchical.ThrowableCollector.execute(ThrowableCollector.java:73)&#13;
	at org.junit.platform.engine.support.hierarchical.NodeTestTask.lambda$executeRecursively$7(NodeTestTask.java:129)&#13;
	at org.junit.platform.engine.support.hierarchical.Node.around(Node.java:137)&#13;
	at org.junit.platform.engine.support.hierarchical.NodeTestTask.lambda$executeRecursively$8(NodeTestTask.java:127)&#13;
	at org.junit.platform.engine.support.hierarchical.ThrowableCollector.execute(ThrowableCollector.java:73)&#13;
	at org.junit.platform.engine.support.hierarchical.NodeTestTask.executeRecursively(NodeTestTask.java:126)&#13;
	at org.junit.platform.engine.support.hierarchical.NodeTestTask.execute(NodeTestTask.java:84)&#13;
	at java.util.ArrayList.forEach(ArrayList.java:1257)&#13;
	at org.junit.platform.engine.support.hierarchical.SameThreadHierarchicalTestExecutorService.invokeAll(SameThreadHierarchicalTestExecutorService.java:38)&#13;
	at org.junit.platform.engine.support.hierarchical.NodeTestTask.lambda$executeRecursively$5(NodeTestTask.java:143)&#13;
	at org.junit.platform.engine.support.hierarchical.ThrowableCollector.execute(ThrowableCollector.java:73)&#13;
	at org.junit.platform.engine.support.hierarchical.NodeTestTask.lambda$executeRecursively$7(NodeTestTask.java:129)&#13;
	at org.junit.platform.engine.support.hierarchical.Node.around(Node.java:137)&#13;
	at org.junit.platform.engine.support.hierarchical.NodeTestTask.lambda$executeRecursively$8(NodeTestTask.java:127)&#13;
	at org.junit.platform.engine.support.hierarchical.ThrowableCollector.execute(ThrowableCollector.java:73)&#13;
	at org.junit.platform.engine.support.hierarchical.NodeTestTask.executeRecursively(NodeTestTask.java:126)&#13;
	at org.junit.platform.engine.support.hierarchical.NodeTestTask.execute(NodeTestTask.java:84)&#13;
	at org.junit.platform.engine.support.hierarchical.SameThreadHierarchicalTestExecutorService.submit(SameThreadHierarchicalTestExecutorService.java:32)&#13;
	at org.junit.platform.engine.support.hierarchical.HierarchicalTestExecutor.execute(HierarchicalTestExecutor.java:57)&#13;
	at org.junit.platform.engine.support.hierarchical.HierarchicalTestEngine.execute(HierarchicalTestEngine.java:51)&#13;
	at org.junit.platform.launcher.core.EngineExecutionOrchestrator.execute(EngineExecutionOrchestrator.java:108)&#13;
	at org.junit.platform.launcher.core.EngineExecutionOrchestrator.execute(EngineExecutionOrchestrator.java:88)&#13;
	at org.junit.platform.launcher.core.EngineExecutionOrchestrator.lambda$execute$0(EngineExecutionOrchestrator.java:54)&#13;
	at org.junit.platform.launcher.core.EngineExecutionOrchestrator.withInterceptedStreams(EngineExecutionOrchestrator.java:67)&#13;
	at org.junit.platform.launcher.core.EngineExecutionOrchestrator.execute(EngineExecutionOrchestrator.java:52)&#13;
	at org.junit.platform.launcher.core.DefaultLauncher.execute(DefaultLauncher.java:96)&#13;
	at org.junit.platform.launcher.core.DefaultLauncher.execute(DefaultLauncher.java:75)&#13;
	at com.intellij.junit5.JUnit5IdeaTestRunner.startRunnerWithArgs(JUnit5IdeaTestRunner.java:71)&#13;
	at com.intellij.rt.junit.IdeaTestRunner$Repeater.startRunnerWithArgs(IdeaTestRunner.java:33)&#13;
	at com.intellij.rt.junit.JUnitStarter.prepareStreamsAndStart(JUnitStarter.java:235)&#13;
	at com.intellij.rt.junit.JUnitStarter.main(JUnitStarter.java:54)&#13;
</output>
        </test>
    </suite>
    <suite duration="23" locationUrl="java:suite://com.telek.tests.stats.SimpleRegressionTest" name="SimpleRegressionTest" status="passed">
        <test duration="23" locationUrl="java:test://com.telek.tests.stats.SimpleRegressionTest/regressionTest" name="regressionTest" metainfo="" status="passed"/>
    </suite>
    <suite duration="17" locationUrl="java:suite://com.telek.tests.stats.confidenceint.ConfIntervalSingleVariableTest" name="ConfIntervalSingleVariableTest" status="failed">
        <test duration="7" locationUrl="java:test://com.telek.tests.stats.confidenceint.ConfIntervalSingleVariableTest/meanSingleVariableTest" name="meanSingleVariableTest" metainfo="" status="passed"/>
        <test duration="4" locationUrl="java:test://com.telek.tests.stats.confidenceint.ConfIntervalSingleVariableTest/proportionsSingleVariableTest" name="proportionsSingleVariableTest" metainfo="" status="passed"/>
        <test duration="3" locationUrl="java:test://com.telek.tests.stats.confidenceint.ConfIntervalSingleVariableTest/varianceSingleVariableTest" name="varianceSingleVariableTest" metainfo="" status="failed">
            <diff actual="false" expected="true"/>
            <output type="stderr">org.opentest4j.AssertionFailedError: &#13;
	at org.junit.jupiter.api.AssertionUtils.fail(AssertionUtils.java:55)&#13;
	at org.junit.jupiter.api.AssertTrue.assertTrue(AssertTrue.java:40)&#13;
	at org.junit.jupiter.api.AssertTrue.assertTrue(AssertTrue.java:35)&#13;
	at org.junit.jupiter.api.Assertions.assertTrue(Assertions.java:162)&#13;
	at com.telek.tests.stats.confidenceint.ConfIntervalSingleVariableTest.varianceSingleVariableTest(ConfIntervalSingleVariableTest.java:85)&#13;
	at sun.reflect.NativeMethodAccessorImpl.invoke0(Native Method)&#13;
	at sun.reflect.NativeMethodAccessorImpl.invoke(NativeMethodAccessorImpl.java:62)&#13;
	at sun.reflect.DelegatingMethodAccessorImpl.invoke(DelegatingMethodAccessorImpl.java:43)&#13;
	at java.lang.reflect.Method.invoke(Method.java:498)&#13;
	at org.junit.platform.commons.util.ReflectionUtils.invokeMethod(ReflectionUtils.java:688)&#13;
	at org.junit.jupiter.engine.execution.MethodInvocation.proceed(MethodInvocation.java:60)&#13;
	at org.junit.jupiter.engine.execution.InvocationInterceptorChain$ValidatingInvocation.proceed(InvocationInterceptorChain.java:131)&#13;
	at org.junit.jupiter.engine.extension.TimeoutExtension.intercept(TimeoutExtension.java:149)&#13;
	at org.junit.jupiter.engine.extension.TimeoutExtension.interceptTestableMethod(TimeoutExtension.java:140)&#13;
	at org.junit.jupiter.engine.extension.TimeoutExtension.interceptTestMethod(TimeoutExtension.java:84)&#13;
	at org.junit.jupiter.engine.execution.ExecutableInvoker$ReflectiveInterceptorCall.lambda$ofVoidMethod$0(ExecutableInvoker.java:115)&#13;
	at org.junit.jupiter.engine.execution.ExecutableInvoker.lambda$invoke$0(ExecutableInvoker.java:105)&#13;
	at org.junit.jupiter.engine.execution.InvocationInterceptorChain$InterceptedInvocation.proceed(InvocationInterceptorChain.java:106)&#13;
	at org.junit.jupiter.engine.execution.InvocationInterceptorChain.proceed(InvocationInterceptorChain.java:64)&#13;
	at org.junit.jupiter.engine.execution.InvocationInterceptorChain.chainAndInvoke(InvocationInterceptorChain.java:45)&#13;
	at org.junit.jupiter.engine.execution.InvocationInterceptorChain.invoke(InvocationInterceptorChain.java:37)&#13;
	at org.junit.jupiter.engine.execution.ExecutableInvoker.invoke(ExecutableInvoker.java:104)&#13;
	at org.junit.jupiter.engine.execution.ExecutableInvoker.invoke(ExecutableInvoker.java:98)&#13;
	at org.junit.jupiter.engine.descriptor.TestMethodTestDescriptor.lambda$invokeTestMethod$6(TestMethodTestDescriptor.java:210)&#13;
	at org.junit.platform.engine.support.hierarchical.ThrowableCollector.execute(ThrowableCollector.java:73)&#13;
	at org.junit.jupiter.engine.descriptor.TestMethodTestDescriptor.invokeTestMethod(TestMethodTestDescriptor.java:206)&#13;
	at org.junit.jupiter.engine.descriptor.TestMethodTestDescriptor.execute(TestMethodTestDescriptor.java:131)&#13;
	at org.junit.jupiter.engine.descriptor.TestMethodTestDescriptor.execute(TestMethodTestDescriptor.java:65)&#13;
	at org.junit.platform.engine.support.hierarchical.NodeTestTask.lambda$executeRecursively$5(NodeTestTask.java:139)&#13;
	at org.junit.platform.engine.support.hierarchical.ThrowableCollector.execute(ThrowableCollector.java:73)&#13;
	at org.junit.platform.engine.support.hierarchical.NodeTestTask.lambda$executeRecursively$7(NodeTestTask.java:129)&#13;
	at org.junit.platform.engine.support.hierarchical.Node.around(Node.java:137)&#13;
	at org.junit.platform.engine.support.hierarchical.NodeTestTask.lambda$executeRecursively$8(NodeTestTask.java:127)&#13;
	at org.junit.platform.engine.support.hierarchical.ThrowableCollector.execute(ThrowableCollector.java:73)&#13;
	at org.junit.platform.engine.support.hierarchical.NodeTestTask.executeRecursively(NodeTestTask.java:126)&#13;
	at org.junit.platform.engine.support.hierarchical.NodeTestTask.execute(NodeTestTask.java:84)&#13;
	at java.util.ArrayList.forEach(ArrayList.java:1257)&#13;
	at org.junit.platform.engine.support.hierarchical.SameThreadHierarchicalTestExecutorService.invokeAll(SameThreadHierarchicalTestExecutorService.java:38)&#13;
	at org.junit.platform.engine.support.hierarchical.NodeTestTask.lambda$executeRecursively$5(NodeTestTask.java:143)&#13;
	at org.junit.platform.engine.support.hierarchical.ThrowableCollector.execute(ThrowableCollector.java:73)&#13;
	at org.junit.platform.engine.support.hierarchical.NodeTestTask.lambda$executeRecursively$7(NodeTestTask.java:129)&#13;
	at org.junit.platform.engine.support.hierarchical.Node.around(Node.java:137)&#13;
	at org.junit.platform.engine.support.hierarchical.NodeTestTask.lambda$executeRecursively$8(NodeTestTask.java:127)&#13;
	at org.junit.platform.engine.support.hierarchical.ThrowableCollector.execute(ThrowableCollector.java:73)&#13;
	at org.junit.platform.engine.support.hierarchical.NodeTestTask.executeRecursively(NodeTestTask.java:126)&#13;
	at org.junit.platform.engine.support.hierarchical.NodeTestTask.execute(NodeTestTask.java:84)&#13;
	at java.util.ArrayList.forEach(ArrayList.java:1257)&#13;
	at org.junit.platform.engine.support.hierarchical.SameThreadHierarchicalTestExecutorService.invokeAll(SameThreadHierarchicalTestExecutorService.java:38)&#13;
	at org.junit.platform.engine.support.hierarchical.NodeTestTask.lambda$executeRecursively$5(NodeTestTask.java:143)&#13;
	at org.junit.platform.engine.support.hierarchical.ThrowableCollector.execute(ThrowableCollector.java:73)&#13;
	at org.junit.platform.engine.support.hierarchical.NodeTestTask.lambda$executeRecursively$7(NodeTestTask.java:129)&#13;
	at org.junit.platform.engine.support.hierarchical.Node.around(Node.java:137)&#13;
	at org.junit.platform.engine.support.hierarchical.NodeTestTask.lambda$executeRecursively$8(NodeTestTask.java:127)&#13;
	at org.junit.platform.engine.support.hierarchical.ThrowableCollector.execute(ThrowableCollector.java:73)&#13;
	at org.junit.platform.engine.support.hierarchical.NodeTestTask.executeRecursively(NodeTestTask.java:126)&#13;
	at org.junit.platform.engine.support.hierarchical.NodeTestTask.execute(NodeTestTask.java:84)&#13;
	at org.junit.platform.engine.support.hierarchical.SameThreadHierarchicalTestExecutorService.submit(SameThreadHierarchicalTestExecutorService.java:32)&#13;
	at org.junit.platform.engine.support.hierarchical.HierarchicalTestExecutor.execute(HierarchicalTestExecutor.java:57)&#13;
	at org.junit.platform.engine.support.hierarchical.HierarchicalTestEngine.execute(HierarchicalTestEngine.java:51)&#13;
	at org.junit.platform.launcher.core.EngineExecutionOrchestrator.execute(EngineExecutionOrchestrator.java:108)&#13;
	at org.junit.platform.launcher.core.EngineExecutionOrchestrator.execute(EngineExecutionOrchestrator.java:88)&#13;
	at org.junit.platform.launcher.core.EngineExecutionOrchestrator.lambda$execute$0(EngineExecutionOrchestrator.java:54)&#13;
	at org.junit.platform.launcher.core.EngineExecutionOrchestrator.withInterceptedStreams(EngineExecutionOrchestrator.java:67)&#13;
	at org.junit.platform.launcher.core.EngineExecutionOrchestrator.execute(EngineExecutionOrchestrator.java:52)&#13;
	at org.junit.platform.launcher.core.DefaultLauncher.execute(DefaultLauncher.java:96)&#13;
	at org.junit.platform.launcher.core.DefaultLauncher.execute(DefaultLauncher.java:75)&#13;
	at com.intellij.junit5.JUnit5IdeaTestRunner.startRunnerWithArgs(JUnit5IdeaTestRunner.java:71)&#13;
	at com.intellij.rt.junit.IdeaTestRunner$Repeater.startRunnerWithArgs(IdeaTestRunner.java:33)&#13;
	at com.intellij.rt.junit.JUnitStarter.prepareStreamsAndStart(JUnitStarter.java:235)&#13;
	at com.intellij.rt.junit.JUnitStarter.main(JUnitStarter.java:54)&#13;
</output>
        </test>
        <test duration="3" locationUrl="java:test://com.telek.tests.stats.confidenceint.ConfIntervalSingleVariableTest/forPersonDataTest" name="forPersonDataTest" metainfo="" status="passed"/>
    </suite>
    <suite duration="5" locationUrl="java:suite://com.telek.tests.dists.DiscreteDistributionTest" name="DiscreteDistributionTest" status="passed">
        <test duration="5" locationUrl="java:test://com.telek.tests.dists.DiscreteDistributionTest/discDistTest" name="discDistTest" metainfo="" status="passed"/>
    </suite>
    <suite duration="5" locationUrl="java:suite://com.telek.tests.stats.sampling.SamplingTest" name="SamplingTest" status="passed">
        <test duration="4" locationUrl="java:test://com.telek.tests.stats.sampling.SamplingTest/samplingTestPrimitiveFloat" name="samplingTestPrimitiveFloat" metainfo="" status="passed">
            <output type="stdout">[182.0, 165.0, 173.0, 192.0, 190.0, 176.0, 180.0, 176.0, 170.0, 172.0, 170.0, 203.0, 177.0, 176.0, 178.0]
[192.0, 167.0, 203.0, 171.0, 160.0, 172.0, 162.0, 176.0, 180.0, 176.0]
</output>
        </test>
        <test duration="1" locationUrl="java:test://com.telek.tests.stats.sampling.SamplingTest/samplingTestClass" name="samplingTestClass" metainfo="" status="passed">
            <output type="stdout">[Lcom.telek.tests.stats.exampledata.Person;@442675e1
[Lcom.telek.tests.stats.exampledata.Person;@6166e06f
</output>
        </test>
        <test locationUrl="java:test://com.telek.tests.stats.sampling.SamplingTest/samplingTestPrimitiveInt" name="samplingTestPrimitiveINT" metainfo="" status="passed">
            <output type="stdout">[170, 172, 166, 180, 176, 180, 176, 177, 183, 170, 192, 176, 162, 182, 188]
[171, 160, 172, 162, 176, 180, 176, 182, 176, 176]
</output>
        </test>
    </suite>
    <suite duration="6" locationUrl="java:suite://com.telek.tests.geometry.TVector3DTest" name="TVector3DTest" status="passed">
        <test duration="6" locationUrl="java:test://com.telek.tests.geometry.TVector3DTest/tvec3DTest" name="tvec3dTest" metainfo="" status="passed"/>
    </suite>
    <suite duration="20" locationUrl="java:suite://com.telek.tests.stats.ChiSqTestsTest" name="ChiSqTestsTest" status="passed">
        <test duration="12" locationUrl="java:test://com.telek.tests.stats.ChiSqTestsTest/homogeneityTest" name="homogeneityTest" metainfo="" status="passed"/>
        <test duration="6" locationUrl="java:test://com.telek.tests.stats.ChiSqTestsTest/goodnessOfFitTest" name="goodnessOfFitTest" metainfo="" status="passed"/>
        <test duration="2" locationUrl="java:test://com.telek.tests.stats.ChiSqTestsTest/aliasFunctionChecksTest" name="aliasFunctionChecksTest" metainfo="" status="passed"/>
    </suite>
    <suite duration="1" locationUrl="java:suite://com.telek.tests.stats.StatsEqualityTest" name="StatsEqualityTest" status="passed">
        <test duration="1" locationUrl="java:test://com.telek.tests.stats.StatsEqualityTest/eqTest" name="eqTest" metainfo="" status="passed"/>
    </suite>
    <suite duration="7" locationUrl="java:suite://com.telek.tests.stats.hypo.HypothesisSingleVarTest" name="HypothesisSingleVarTest" status="passed">
        <test duration="7" locationUrl="java:test://com.telek.tests.stats.hypo.HypothesisSingleVarTest/singleVarTest" name="singleVarTest" metainfo="" status="passed"/>
    </suite>
    <suite duration="6" locationUrl="java:suite://com.telek.tests.stats.hypo.HypothesisTwoVarTest" name="HypothesisTwoVarTest" status="passed">
        <test duration="2" locationUrl="java:test://com.telek.tests.stats.hypo.HypothesisTwoVarTest/differenceOfMeansTest" name="differenceOfMeansTest" metainfo="" status="passed"/>
        <test duration="4" locationUrl="java:test://com.telek.tests.stats.hypo.HypothesisTwoVarTest/differenceOfProportionsTest" name="differenceOfProportionsTest" metainfo="" status="passed"/>
    </suite>
    <suite duration="10" locationUrl="java:suite://com.telek.tests.zsingle.ArrayRefTest" name="ArrayRefTest" status="failed">
        <test duration="6" locationUrl="java:test://com.telek.tests.zsingle.ArrayRefTest/arrayRefTwodTest" name="arrayRefTwodTest" metainfo="" status="passed"/>
        <test duration="4" locationUrl="java:test://com.telek.tests.zsingle.ArrayRefTest/arrayRefOnedTest" name="arrayRefOnedTest" metainfo="" status="failed">
            <diff actual="true" expected="false"/>
            <output type="stderr">org.opentest4j.AssertionFailedError: &#13;
	at org.junit.jupiter.api.AssertionUtils.fail(AssertionUtils.java:55)&#13;
	at org.junit.jupiter.api.AssertFalse.assertFalse(AssertFalse.java:40)&#13;
	at org.junit.jupiter.api.AssertFalse.assertFalse(AssertFalse.java:35)&#13;
	at org.junit.jupiter.api.Assertions.assertFalse(Assertions.java:210)&#13;
	at com.telek.tests.zsingle.ArrayRefTest.arrayRefOnedTest(ArrayRefTest.java:72)&#13;
	at sun.reflect.NativeMethodAccessorImpl.invoke0(Native Method)&#13;
	at sun.reflect.NativeMethodAccessorImpl.invoke(NativeMethodAccessorImpl.java:62)&#13;
	at sun.reflect.DelegatingMethodAccessorImpl.invoke(DelegatingMethodAccessorImpl.java:43)&#13;
	at java.lang.reflect.Method.invoke(Method.java:498)&#13;
	at org.junit.platform.commons.util.ReflectionUtils.invokeMethod(ReflectionUtils.java:688)&#13;
	at org.junit.jupiter.engine.execution.MethodInvocation.proceed(MethodInvocation.java:60)&#13;
	at org.junit.jupiter.engine.execution.InvocationInterceptorChain$ValidatingInvocation.proceed(InvocationInterceptorChain.java:131)&#13;
	at org.junit.jupiter.engine.extension.TimeoutExtension.intercept(TimeoutExtension.java:149)&#13;
	at org.junit.jupiter.engine.extension.TimeoutExtension.interceptTestableMethod(TimeoutExtension.java:140)&#13;
	at org.junit.jupiter.engine.extension.TimeoutExtension.interceptTestMethod(TimeoutExtension.java:84)&#13;
	at org.junit.jupiter.engine.execution.ExecutableInvoker$ReflectiveInterceptorCall.lambda$ofVoidMethod$0(ExecutableInvoker.java:115)&#13;
	at org.junit.jupiter.engine.execution.ExecutableInvoker.lambda$invoke$0(ExecutableInvoker.java:105)&#13;
	at org.junit.jupiter.engine.execution.InvocationInterceptorChain$InterceptedInvocation.proceed(InvocationInterceptorChain.java:106)&#13;
	at org.junit.jupiter.engine.execution.InvocationInterceptorChain.proceed(InvocationInterceptorChain.java:64)&#13;
	at org.junit.jupiter.engine.execution.InvocationInterceptorChain.chainAndInvoke(InvocationInterceptorChain.java:45)&#13;
	at org.junit.jupiter.engine.execution.InvocationInterceptorChain.invoke(InvocationInterceptorChain.java:37)&#13;
	at org.junit.jupiter.engine.execution.ExecutableInvoker.invoke(ExecutableInvoker.java:104)&#13;
	at org.junit.jupiter.engine.execution.ExecutableInvoker.invoke(ExecutableInvoker.java:98)&#13;
	at org.junit.jupiter.engine.descriptor.TestMethodTestDescriptor.lambda$invokeTestMethod$6(TestMethodTestDescriptor.java:210)&#13;
	at org.junit.platform.engine.support.hierarchical.ThrowableCollector.execute(ThrowableCollector.java:73)&#13;
	at org.junit.jupiter.engine.descriptor.TestMethodTestDescriptor.invokeTestMethod(TestMethodTestDescriptor.java:206)&#13;
	at org.junit.jupiter.engine.descriptor.TestMethodTestDescriptor.execute(TestMethodTestDescriptor.java:131)&#13;
	at org.junit.jupiter.engine.descriptor.TestMethodTestDescriptor.execute(TestMethodTestDescriptor.java:65)&#13;
	at org.junit.platform.engine.support.hierarchical.NodeTestTask.lambda$executeRecursively$5(NodeTestTask.java:139)&#13;
	at org.junit.platform.engine.support.hierarchical.ThrowableCollector.execute(ThrowableCollector.java:73)&#13;
	at org.junit.platform.engine.support.hierarchical.NodeTestTask.lambda$executeRecursively$7(NodeTestTask.java:129)&#13;
	at org.junit.platform.engine.support.hierarchical.Node.around(Node.java:137)&#13;
	at org.junit.platform.engine.support.hierarchical.NodeTestTask.lambda$executeRecursively$8(NodeTestTask.java:127)&#13;
	at org.junit.platform.engine.support.hierarchical.ThrowableCollector.execute(ThrowableCollector.java:73)&#13;
	at org.junit.platform.engine.support.hierarchical.NodeTestTask.executeRecursively(NodeTestTask.java:126)&#13;
	at org.junit.platform.engine.support.hierarchical.NodeTestTask.execute(NodeTestTask.java:84)&#13;
	at java.util.ArrayList.forEach(ArrayList.java:1257)&#13;
	at org.junit.platform.engine.support.hierarchical.SameThreadHierarchicalTestExecutorService.invokeAll(SameThreadHierarchicalTestExecutorService.java:38)&#13;
	at org.junit.platform.engine.support.hierarchical.NodeTestTask.lambda$executeRecursively$5(NodeTestTask.java:143)&#13;
	at org.junit.platform.engine.support.hierarchical.ThrowableCollector.execute(ThrowableCollector.java:73)&#13;
	at org.junit.platform.engine.support.hierarchical.NodeTestTask.lambda$executeRecursively$7(NodeTestTask.java:129)&#13;
	at org.junit.platform.engine.support.hierarchical.Node.around(Node.java:137)&#13;
	at org.junit.platform.engine.support.hierarchical.NodeTestTask.lambda$executeRecursively$8(NodeTestTask.java:127)&#13;
	at org.junit.platform.engine.support.hierarchical.ThrowableCollector.execute(ThrowableCollector.java:73)&#13;
	at org.junit.platform.engine.support.hierarchical.NodeTestTask.executeRecursively(NodeTestTask.java:126)&#13;
	at org.junit.platform.engine.support.hierarchical.NodeTestTask.execute(NodeTestTask.java:84)&#13;
	at java.util.ArrayList.forEach(ArrayList.java:1257)&#13;
	at org.junit.platform.engine.support.hierarchical.SameThreadHierarchicalTestExecutorService.invokeAll(SameThreadHierarchicalTestExecutorService.java:38)&#13;
	at org.junit.platform.engine.support.hierarchical.NodeTestTask.lambda$executeRecursively$5(NodeTestTask.java:143)&#13;
	at org.junit.platform.engine.support.hierarchical.ThrowableCollector.execute(ThrowableCollector.java:73)&#13;
	at org.junit.platform.engine.support.hierarchical.NodeTestTask.lambda$executeRecursively$7(NodeTestTask.java:129)&#13;
	at org.junit.platform.engine.support.hierarchical.Node.around(Node.java:137)&#13;
	at org.junit.platform.engine.support.hierarchical.NodeTestTask.lambda$executeRecursively$8(NodeTestTask.java:127)&#13;
	at org.junit.platform.engine.support.hierarchical.ThrowableCollector.execute(ThrowableCollector.java:73)&#13;
	at org.junit.platform.engine.support.hierarchical.NodeTestTask.executeRecursively(NodeTestTask.java:126)&#13;
	at org.junit.platform.engine.support.hierarchical.NodeTestTask.execute(NodeTestTask.java:84)&#13;
	at org.junit.platform.engine.support.hierarchical.SameThreadHierarchicalTestExecutorService.submit(SameThreadHierarchicalTestExecutorService.java:32)&#13;
	at org.junit.platform.engine.support.hierarchical.HierarchicalTestExecutor.execute(HierarchicalTestExecutor.java:57)&#13;
	at org.junit.platform.engine.support.hierarchical.HierarchicalTestEngine.execute(HierarchicalTestEngine.java:51)&#13;
	at org.junit.platform.launcher.core.EngineExecutionOrchestrator.execute(EngineExecutionOrchestrator.java:108)&#13;
	at org.junit.platform.launcher.core.EngineExecutionOrchestrator.execute(EngineExecutionOrchestrator.java:88)&#13;
	at org.junit.platform.launcher.core.EngineExecutionOrchestrator.lambda$execute$0(EngineExecutionOrchestrator.java:54)&#13;
	at org.junit.platform.launcher.core.EngineExecutionOrchestrator.withInterceptedStreams(EngineExecutionOrchestrator.java:67)&#13;
	at org.junit.platform.launcher.core.EngineExecutionOrchestrator.execute(EngineExecutionOrchestrator.java:52)&#13;
	at org.junit.platform.launcher.core.DefaultLauncher.execute(DefaultLauncher.java:96)&#13;
	at org.junit.platform.launcher.core.DefaultLauncher.execute(DefaultLauncher.java:75)&#13;
	at com.intellij.junit5.JUnit5IdeaTestRunner.startRunnerWithArgs(JUnit5IdeaTestRunner.java:71)&#13;
	at com.intellij.rt.junit.IdeaTestRunner$Repeater.startRunnerWithArgs(IdeaTestRunner.java:33)&#13;
	at com.intellij.rt.junit.JUnitStarter.prepareStreamsAndStart(JUnitStarter.java:235)&#13;
	at com.intellij.rt.junit.JUnitStarter.main(JUnitStarter.java:54)&#13;
</output>
        </test>
    </suite>
    <suite duration="4" locationUrl="java:suite://com.telek.tests.zsingle.ColorTest" name="ColorTest" status="passed">
        <test duration="4" locationUrl="java:test://com.telek.tests.zsingle.ColorTest/colorEqualsTest" name="colorEqualsTest" metainfo="" status="passed"/>
    </suite>
    <suite duration="2" locationUrl="java:suite://com.telek.tests.matrices.TMatrixUtilsTest" name="TMatrixUtilsTest" status="passed">
        <test duration="2" locationUrl="java:test://com.telek.tests.matrices.TMatrixUtilsTest/matrixUtilsTest" name="matrixUtilsTest" metainfo="" status="passed"/>
    </suite>
    <suite duration="3" locationUrl="java:suite://com.telek.tests.zsingle.IAFTest" name="IAFTest" status="passed">
        <test duration="3" locationUrl="java:test://com.telek.tests.zsingle.IAFTest/iafTest" name="iafTest" metainfo="" status="passed">
            <output type="stdout">10.000000 * nCr(n,0) + 10.000000 * nCr(n,1)
3.141593 * nCr(n,0) + -0.423311 * nCr(n,1) + -0.676937 * nCr(n,2)
789.000000 * nCr(n,0) + 29025.000000 * nCr(n,1) + -28189.000000 * nCr(n,2) + 481554.000000 * nCr(n,3) + -1281990.000000 * nCr(n,4)
1.000000 * nCr(n,0) + 3.000000 * nCr(n,1) + 2.000000 * nCr(n,2)
</output>
        </test>
    </suite>
    <suite duration="6" locationUrl="java:suite://com.telek.tests.zsingle.NumericalAnalysisTest" name="NumericalAnalysisTest" status="error">
        <test duration="6" locationUrl="java:test://com.telek.tests.zsingle.NumericalAnalysisTest/numAnalTest" name="numAnalTest" metainfo="" status="error">
            <output type="stderr">java.lang.ArrayIndexOutOfBoundsException: 1&#13;
	at com.telek.telekmath.core.functions.TFunction.value(TFunction.java:84)&#13;
	at com.telek.telekmath.special.NumericalAnalysis.newtonsMethod(NumericalAnalysis.java:122)&#13;
	at com.telek.tests.zsingle.NumericalAnalysisTest.numAnalTest(NumericalAnalysisTest.java:29)&#13;
	at sun.reflect.NativeMethodAccessorImpl.invoke0(Native Method)&#13;
	at sun.reflect.NativeMethodAccessorImpl.invoke(NativeMethodAccessorImpl.java:62)&#13;
	at sun.reflect.DelegatingMethodAccessorImpl.invoke(DelegatingMethodAccessorImpl.java:43)&#13;
	at java.lang.reflect.Method.invoke(Method.java:498)&#13;
	at org.junit.platform.commons.util.ReflectionUtils.invokeMethod(ReflectionUtils.java:688)&#13;
	at org.junit.jupiter.engine.execution.MethodInvocation.proceed(MethodInvocation.java:60)&#13;
	at org.junit.jupiter.engine.execution.InvocationInterceptorChain$ValidatingInvocation.proceed(InvocationInterceptorChain.java:131)&#13;
	at org.junit.jupiter.engine.extension.TimeoutExtension.intercept(TimeoutExtension.java:149)&#13;
	at org.junit.jupiter.engine.extension.TimeoutExtension.interceptTestableMethod(TimeoutExtension.java:140)&#13;
	at org.junit.jupiter.engine.extension.TimeoutExtension.interceptTestMethod(TimeoutExtension.java:84)&#13;
	at org.junit.jupiter.engine.execution.ExecutableInvoker$ReflectiveInterceptorCall.lambda$ofVoidMethod$0(ExecutableInvoker.java:115)&#13;
	at org.junit.jupiter.engine.execution.ExecutableInvoker.lambda$invoke$0(ExecutableInvoker.java:105)&#13;
	at org.junit.jupiter.engine.execution.InvocationInterceptorChain$InterceptedInvocation.proceed(InvocationInterceptorChain.java:106)&#13;
	at org.junit.jupiter.engine.execution.InvocationInterceptorChain.proceed(InvocationInterceptorChain.java:64)&#13;
	at org.junit.jupiter.engine.execution.InvocationInterceptorChain.chainAndInvoke(InvocationInterceptorChain.java:45)&#13;
	at org.junit.jupiter.engine.execution.InvocationInterceptorChain.invoke(InvocationInterceptorChain.java:37)&#13;
	at org.junit.jupiter.engine.execution.ExecutableInvoker.invoke(ExecutableInvoker.java:104)&#13;
	at org.junit.jupiter.engine.execution.ExecutableInvoker.invoke(ExecutableInvoker.java:98)&#13;
	at org.junit.jupiter.engine.descriptor.TestMethodTestDescriptor.lambda$invokeTestMethod$6(TestMethodTestDescriptor.java:210)&#13;
	at org.junit.platform.engine.support.hierarchical.ThrowableCollector.execute(ThrowableCollector.java:73)&#13;
	at org.junit.jupiter.engine.descriptor.TestMethodTestDescriptor.invokeTestMethod(TestMethodTestDescriptor.java:206)&#13;
	at org.junit.jupiter.engine.descriptor.TestMethodTestDescriptor.execute(TestMethodTestDescriptor.java:131)&#13;
	at org.junit.jupiter.engine.descriptor.TestMethodTestDescriptor.execute(TestMethodTestDescriptor.java:65)&#13;
	at org.junit.platform.engine.support.hierarchical.NodeTestTask.lambda$executeRecursively$5(NodeTestTask.java:139)&#13;
	at org.junit.platform.engine.support.hierarchical.ThrowableCollector.execute(ThrowableCollector.java:73)&#13;
	at org.junit.platform.engine.support.hierarchical.NodeTestTask.lambda$executeRecursively$7(NodeTestTask.java:129)&#13;
	at org.junit.platform.engine.support.hierarchical.Node.around(Node.java:137)&#13;
	at org.junit.platform.engine.support.hierarchical.NodeTestTask.lambda$executeRecursively$8(NodeTestTask.java:127)&#13;
	at org.junit.platform.engine.support.hierarchical.ThrowableCollector.execute(ThrowableCollector.java:73)&#13;
	at org.junit.platform.engine.support.hierarchical.NodeTestTask.executeRecursively(NodeTestTask.java:126)&#13;
	at org.junit.platform.engine.support.hierarchical.NodeTestTask.execute(NodeTestTask.java:84)&#13;
	at java.util.ArrayList.forEach(ArrayList.java:1257)&#13;
	at org.junit.platform.engine.support.hierarchical.SameThreadHierarchicalTestExecutorService.invokeAll(SameThreadHierarchicalTestExecutorService.java:38)&#13;
	at org.junit.platform.engine.support.hierarchical.NodeTestTask.lambda$executeRecursively$5(NodeTestTask.java:143)&#13;
	at org.junit.platform.engine.support.hierarchical.ThrowableCollector.execute(ThrowableCollector.java:73)&#13;
	at org.junit.platform.engine.support.hierarchical.NodeTestTask.lambda$executeRecursively$7(NodeTestTask.java:129)&#13;
	at org.junit.platform.engine.support.hierarchical.Node.around(Node.java:137)&#13;
	at org.junit.platform.engine.support.hierarchical.NodeTestTask.lambda$executeRecursively$8(NodeTestTask.java:127)&#13;
	at org.junit.platform.engine.support.hierarchical.ThrowableCollector.execute(ThrowableCollector.java:73)&#13;
	at org.junit.platform.engine.support.hierarchical.NodeTestTask.executeRecursively(NodeTestTask.java:126)&#13;
	at org.junit.platform.engine.support.hierarchical.NodeTestTask.execute(NodeTestTask.java:84)&#13;
	at java.util.ArrayList.forEach(ArrayList.java:1257)&#13;
	at org.junit.platform.engine.support.hierarchical.SameThreadHierarchicalTestExecutorService.invokeAll(SameThreadHierarchicalTestExecutorService.java:38)&#13;
	at org.junit.platform.engine.support.hierarchical.NodeTestTask.lambda$executeRecursively$5(NodeTestTask.java:143)&#13;
	at org.junit.platform.engine.support.hierarchical.ThrowableCollector.execute(ThrowableCollector.java:73)&#13;
	at org.junit.platform.engine.support.hierarchical.NodeTestTask.lambda$executeRecursively$7(NodeTestTask.java:129)&#13;
	at org.junit.platform.engine.support.hierarchical.Node.around(Node.java:137)&#13;
	at org.junit.platform.engine.support.hierarchical.NodeTestTask.lambda$executeRecursively$8(NodeTestTask.java:127)&#13;
	at org.junit.platform.engine.support.hierarchical.ThrowableCollector.execute(ThrowableCollector.java:73)&#13;
	at org.junit.platform.engine.support.hierarchical.NodeTestTask.executeRecursively(NodeTestTask.java:126)&#13;
	at org.junit.platform.engine.support.hierarchical.NodeTestTask.execute(NodeTestTask.java:84)&#13;
	at org.junit.platform.engine.support.hierarchical.SameThreadHierarchicalTestExecutorService.submit(SameThreadHierarchicalTestExecutorService.java:32)&#13;
	at org.junit.platform.engine.support.hierarchical.HierarchicalTestExecutor.execute(HierarchicalTestExecutor.java:57)&#13;
	at org.junit.platform.engine.support.hierarchical.HierarchicalTestEngine.execute(HierarchicalTestEngine.java:51)&#13;
	at org.junit.platform.launcher.core.EngineExecutionOrchestrator.execute(EngineExecutionOrchestrator.java:108)&#13;
	at org.junit.platform.launcher.core.EngineExecutionOrchestrator.execute(EngineExecutionOrchestrator.java:88)&#13;
	at org.junit.platform.launcher.core.EngineExecutionOrchestrator.lambda$execute$0(EngineExecutionOrchestrator.java:54)&#13;
	at org.junit.platform.launcher.core.EngineExecutionOrchestrator.withInterceptedStreams(EngineExecutionOrchestrator.java:67)&#13;
	at org.junit.platform.launcher.core.EngineExecutionOrchestrator.execute(EngineExecutionOrchestrator.java:52)&#13;
	at org.junit.platform.launcher.core.DefaultLauncher.execute(DefaultLauncher.java:96)&#13;
	at org.junit.platform.launcher.core.DefaultLauncher.execute(DefaultLauncher.java:75)&#13;
	at com.intellij.junit5.JUnit5IdeaTestRunner.startRunnerWithArgs(JUnit5IdeaTestRunner.java:71)&#13;
	at com.intellij.rt.junit.IdeaTestRunner$Repeater.startRunnerWithArgs(IdeaTestRunner.java:33)&#13;
	at com.intellij.rt.junit.JUnitStarter.prepareStreamsAndStart(JUnitStarter.java:235)&#13;
	at com.intellij.rt.junit.JUnitStarter.main(JUnitStarter.java:54)&#13;
</output>
        </test>
    </suite>
    <suite duration="13" locationUrl="java:suite://com.telek.tests.zsingle.TArraysTest" name="TArraysTest" status="passed">
        <test duration="9" locationUrl="java:test://com.telek.tests.zsingle.TArraysTest/copyOfTest" name="copyOfTest" metainfo="" status="passed"/>
        <test duration="4" locationUrl="java:test://com.telek.tests.zsingle.TArraysTest/castTest" name="castTest" metainfo="" status="passed"/>
    </suite>
    <suite duration="6" locationUrl="java:suite://com.telek.tests.numbers.TRangeTest" name="TRangeTest" status="passed">
        <test duration="6" locationUrl="java:test://com.telek.tests.numbers.TRangeTest/rangeTest" name="rangeTest" metainfo="" status="passed"/>
    </suite>
    <suite duration="2" locationUrl="java:suite://com.telek.tests.numbers.ComplexNumberTest" name="ComplexNumberTest" status="passed">
        <test duration="2" locationUrl="java:test://com.telek.tests.numbers.ComplexNumberTest/complexNumTest" name="complexNumTest" metainfo="" status="passed"/>
    </suite>
    <suite locationUrl="java:suite://com.telek.tests.geometry.TPoint2DTest" name="TPoint2DTest" status="passed">
        <test locationUrl="java:test://com.telek.tests.geometry.TPoint2DTest/point2DTest" name="point2dTest" metainfo="" status="passed"/>
    </suite>
    <suite duration="5" locationUrl="java:suite://com.telek.tests.functions.FuncEqualityTest" name="FuncEqualityTest" status="passed">
        <test duration="4" locationUrl="java:test://com.telek.tests.functions.FuncEqualityTest/otherFuncTest" name="otherFuncTest" metainfo="" status="passed"/>
        <test duration="1" locationUrl="java:test://com.telek.tests.functions.FuncEqualityTest/amnFuncTest" name="amnFuncTest" metainfo="" status="passed"/>
    </suite>
    <suite duration="4" locationUrl="java:suite://com.telek.tests.matrices.TMatrixTest" name="TMatrixTest" status="passed">
        <test duration="2" locationUrl="java:test://com.telek.tests.matrices.TMatrixTest/matrixTest" name="matrixTest" metainfo="" status="passed"/>
        <test duration="1" locationUrl="java:test://com.telek.tests.matrices.TMatrixTest/differentTypeArray2Tests" name="differentTypeArray2Tests" metainfo="" status="passed"/>
        <test duration="1" locationUrl="java:test://com.telek.tests.matrices.TMatrixTest/copyConstructorTest" name="copyConstructorTest" metainfo="" status="passed"/>
    </suite>
    <suite duration="3" locationUrl="java:suite://com.telek.tests.zsingle.TMathTest" name="TMathTest" status="passed">
        <test duration="3" locationUrl="java:test://com.telek.tests.zsingle.TMathTest/tmathTest" name="tmathTest" metainfo="" status="passed"/>
    </suite>
    <suite duration="4046" locationUrl="java:suite://com.telek.tests.dists.TDistTest" name="TDistTest" status="passed">
        <test duration="3685" locationUrl="java:test://com.telek.tests.dists.TDistTest/invCumLeftTailed" name="invCumLeftTailed" metainfo="" status="passed"/>
        <test duration="1" locationUrl="java:test://com.telek.tests.dists.TDistTest/invCumRightTailed" name="invCumRightTailed" metainfo="" status="passed"/>
        <test duration="219" locationUrl="java:test://com.telek.tests.dists.TDistTest/cumProbTest" name="cumProbTest" metainfo="" status="passed"/>
        <test duration="141" locationUrl="java:test://com.telek.tests.dists.TDistTest/densityTest" name="densityTest" metainfo="" status="passed"/>
    </suite>
    <suite duration="4753" locationUrl="java:suite://com.telek.tests.dists.ChiSqDistTest" name="ChiSqDistTest" status="passed">
        <test duration="467" locationUrl="java:test://com.telek.tests.dists.ChiSqDistTest/invCumLeftTailed" name="invCumLeftTailed" metainfo="" status="passed"/>
        <test duration="2" locationUrl="java:test://com.telek.tests.dists.ChiSqDistTest/invCumRightTailed" name="invCumRightTailed" metainfo="" status="passed"/>
        <test duration="4209" locationUrl="java:test://com.telek.tests.dists.ChiSqDistTest/cumProbTest" name="cumProbTest" metainfo="" status="passed"/>
        <test duration="75" locationUrl="java:test://com.telek.tests.dists.ChiSqDistTest/densityTest" name="densityTest" metainfo="" status="passed"/>
    </suite>
    <suite duration="41" locationUrl="java:suite://com.telek.tests.zsingle.DiscreteMathTest" name="DiscreteMathTest" status="passed">
        <test duration="41" locationUrl="java:test://com.telek.tests.zsingle.DiscreteMathTest/discreteMathTest" name="discreteMathTest" metainfo="" status="passed"/>
    </suite>
    <suite locationUrl="java:suite://com.telek.tests.functions.TPolynomialTest" name="TPolynomialTest" status="passed">
        <test locationUrl="java:test://com.telek.tests.functions.TPolynomialTest/polyTest" name="polyTest" metainfo="" status="passed"/>
    </suite>
    <suite duration="14" locationUrl="java:suite://com.telek.tests.stats.freqtable.FreqDistTableTest" name="FreqDistTableTest" status="passed">
        <test duration="3" locationUrl="java:test://com.telek.tests.stats.freqtable.FreqDistTableTest/freqTablePrimiteWithoutConversionTest" name="freqTablePrimiteWithoutConversionTest" metainfo="" status="passed"/>
        <test duration="1" locationUrl="java:test://com.telek.tests.stats.freqtable.FreqDistTableTest/freqTableGenericTest" name="freqTableGenericTest" metainfo="" status="passed"/>
        <test duration="6" locationUrl="java:test://com.telek.tests.stats.freqtable.FreqDistTableTest/freqTableWithKnownFreqsTest" name="freqTableWithKnownFreqsTest" metainfo="" status="passed"/>
        <test duration="4" locationUrl="java:test://com.telek.tests.stats.freqtable.FreqDistTableTest/freqTablePrimiteWithConversionTest" name="freqTablePrimiteWithConversionTest" metainfo="" status="passed"/>
    </suite>
    <suite duration="257" locationUrl="java:suite://com.telek.tests.stats.desc.DataDescriptionTest" name="DataDescriptionTest" status="passed">
        <test duration="1" locationUrl="java:test://com.telek.tests.stats.desc.DataDescriptionTest/dataDescGenericTest" name="dataDescGenericTest" metainfo="" status="passed"/>
        <test duration="17" locationUrl="java:test://com.telek.tests.stats.desc.DataDescriptionTest/randomTest1" name="randomTest1" metainfo="" status="passed"/>
        <test duration="8" locationUrl="java:test://com.telek.tests.stats.desc.DataDescriptionTest/randomTest2" name="randomTest2" metainfo="" status="passed"/>
        <test locationUrl="java:test://com.telek.tests.stats.desc.DataDescriptionTest/dataDescPrimitiveTest" name="dataDescPrimitiveTest" metainfo="" status="passed"/>
        <test duration="231" locationUrl="java:test://com.telek.tests.stats.desc.DataDescriptionTest/noiseTest1" name="noiseTest1" metainfo="" status="passed"/>
        <test locationUrl="java:test://com.telek.tests.stats.desc.DataDescriptionTest/dataDescPrimitiveWithoutConversionTest" name="dataDescPrimitiveWithoutConversionTest" metainfo="" status="passed"/>
    </suite>
    <suite duration="2" locationUrl="java:suite://com.telek.tests.geometry.TVector2DTest" name="TVector2DTest" status="passed">
        <test duration="2" locationUrl="java:test://com.telek.tests.geometry.TVector2DTest/tvec2DTest" name="tvec2dTest" metainfo="" status="passed"/>
    </suite>
    <suite duration="3" locationUrl="java:suite://com.telek.tests.numbers.FractionTest" name="FractionTest" status="passed">
        <test duration="3" locationUrl="java:test://com.telek.tests.numbers.FractionTest/fracTest" name="fracTest" metainfo="" status="passed"/>
    </suite>
    <suite duration="2" locationUrl="java:suite://com.telek.tests.stats.confidenceint.ConfIntervalTwoVariableTest" name="ConfIntervalTwoVariableTest" status="passed">
        <test duration="1" locationUrl="java:test://com.telek.tests.stats.confidenceint.ConfIntervalTwoVariableTest/meanKnownVarianceTest" name="meanKnownVarianceTest" metainfo="" status="passed"/>
        <test duration="1" locationUrl="java:test://com.telek.tests.stats.confidenceint.ConfIntervalTwoVariableTest/proportionsTwoVariableTest" name="proportionsTwoVariableTest" metainfo="" status="passed"/>
        <test locationUrl="java:test://com.telek.tests.stats.confidenceint.ConfIntervalTwoVariableTest/meanUnknownVarianceTest" name="meanUnknownVarianceTest" metainfo="" status="passed"/>
    </suite>
</testrun>
