<?xml version="1.0" encoding="UTF-8"?>
<testsuite name="com.github.junrar.architecture.CodingRulesTest" tests="4" skipped="0" failures="0" errors="0" timestamp="2022-03-27T20:43:22" hostname="LAPTOP-0DNPIBQS" time="4.504">
  <properties/>
  <testcase name="no_access_to_standard_streams" classname="com.github.junrar.architecture.CodingRulesTest" time="4.287"/>
  <testcase name="no_generic_exceptions" classname="com.github.junrar.architecture.CodingRulesTest" time="0.074"/>
  <testcase name="no_jodatime" classname="com.github.junrar.architecture.CodingRulesTest" time="0.121"/>
  <testcase name="no_java_util_logging" classname="com.github.junrar.architecture.CodingRulesTest" time="0.019"/>
  <system-out><![CDATA[16:43:22.149 [Test worker] INFO com.tngtech.archunit.core.PluginLoader - Detected Java version 14.0.1
16:43:22.179 [Test worker] DEBUG com.tngtech.archunit.core.PluginLoader - Current Java version is compatible to JAVA_9 => Loading Plugin com.tngtech.archunit.core.importer.ModuleImportPlugin
16:43:22.250 [Test worker] DEBUG com.tngtech.archunit.core.importer.UrlSource$From - Found URLs on sun.boot.class.path: []
16:43:22.300 [Test worker] DEBUG com.tngtech.archunit.core.importer.UrlSource$From - Found URLs on java.class.path: [jar:file:/C:/Users/jdhtl/.gradle/caches/7.3.2/workerMain/gradle-worker.jar!/, file:/C:/repos/java-projects/junrar/build/classes/java/test/, file:/C:/repos/java-projects/junrar/build/resources/test/, file:/C:/repos/java-projects/junrar/build/classes/java/main/, jar:file:/C:/Users/jdhtl/.gradle/caches/modules-2/files-2.1/ch.qos.logback/logback-classic/1.2.11/4741689214e9d1e8408b206506cbe76d1c6a7d60/logback-classic-1.2.11.jar!/, jar:file:/C:/Users/jdhtl/.gradle/caches/modules-2/files-2.1/com.tngtech.archunit/archunit-junit5/0.23.0/7ae75845b133f59cddb5b4259b2437579b0ab717/archunit-junit5-0.23.0.jar!/, jar:file:/C:/Users/jdhtl/.gradle/caches/modules-2/files-2.1/com.tngtech.archunit/archunit-junit5-engine/0.23.0/6f1b67348da23671b157edd0b279f81e10d9acba/archunit-junit5-engine-0.23.0.jar!/, jar:file:/C:/Users/jdhtl/.gradle/caches/modules-2/files-2.1/com.tngtech.archunit/archunit-junit5-api/0.23.0/1f2673dfa9f15e20c1d015447ef5900fb6044b18/archunit-junit5-api-0.23.0.jar!/, jar:file:/C:/Users/jdhtl/.gradle/caches/modules-2/files-2.1/com.tngtech.archunit/archunit/0.23.0/336dcbcc6cbd3d234255656deb916279af6a141a/archunit-0.23.0.jar!/, jar:file:/C:/Users/jdhtl/.gradle/caches/modules-2/files-2.1/org.slf4j/slf4j-api/1.7.36/6c62681a2f655b49963a5983b8b0950a6120ae14/slf4j-api-1.7.36.jar!/, jar:file:/C:/Users/jdhtl/.gradle/caches/modules-2/files-2.1/org.junit-pioneer/junit-pioneer/1.6.1/5a4edce1ef673b97cf35cc2e83f7d2045d9c7286/junit-pioneer-1.6.1.jar!/, jar:file:/C:/Users/jdhtl/.gradle/caches/modules-2/files-2.1/org.junit.jupiter/junit-jupiter-params/5.8.2/ddeafe92fc263f895bfb73ffeca7fd56e23c2cce/junit-jupiter-params-5.8.2.jar!/, jar:file:/C:/Users/jdhtl/.gradle/caches/modules-2/files-2.1/org.junit.jupiter/junit-jupiter-engine/5.8.2/c598b4328d2f397194d11df3b1648d68d7d990e3/junit-jupiter-engine-5.8.2.jar!/, jar:file:/C:/Users/jdhtl/.gradle/caches/modules-2/files-2.1/org.junit.jupiter/junit-jupiter-api/5.8.2/4c21029217adf07e4c0d0c5e192b6bf610c94bdc/junit-jupiter-api-5.8.2.jar!/, jar:file:/C:/Users/jdhtl/.gradle/caches/modules-2/files-2.1/org.junit.platform/junit-platform-launcher/1.8.2/c334fcee82b81311ab5c426ec2d52d467c8d0b28/junit-platform-launcher-1.8.2.jar!/, jar:file:/C:/Users/jdhtl/.gradle/caches/modules-2/files-2.1/com.tngtech.archunit/archunit-junit5-engine-api/0.23.0/ae99d27eeb65d720121f3651619b78b34bb6191c/archunit-junit5-engine-api-0.23.0.jar!/, jar:file:/C:/Users/jdhtl/.gradle/caches/modules-2/files-2.1/org.junit.platform/junit-platform-engine/1.8.2/b737de09f19864bd136805c84df7999a142fec29/junit-platform-engine-1.8.2.jar!/, jar:file:/C:/Users/jdhtl/.gradle/caches/modules-2/files-2.1/org.junit.platform/junit-platform-commons/1.8.2/32c8b8617c1342376fd5af2053da6410d8866861/junit-platform-commons-1.8.2.jar!/, jar:file:/C:/Users/jdhtl/.gradle/caches/modules-2/files-2.1/org.junit.jupiter/junit-jupiter/5.8.2/5a817b1e63f1217e5c586090c45e681281f097ad/junit-jupiter-5.8.2.jar!/, jar:file:/C:/Users/jdhtl/.gradle/caches/modules-2/files-2.1/commons-io/commons-io/2.11.0/a2503f302b11ebde7ebc3df41daebe0e4eea3689/commons-io-2.11.0.jar!/, jar:file:/C:/Users/jdhtl/.gradle/caches/modules-2/files-2.1/org.mockito/mockito-core/4.3.1/b35c904ac218ca833935e5fccc0aaaaf38225de3/mockito-core-4.3.1.jar!/, jar:file:/C:/Users/jdhtl/.gradle/caches/modules-2/files-2.1/org.assertj/assertj-core/3.22.0/c300c0c6a24559f35fa0bd3a5472dc1edcd0111e/assertj-core-3.22.0.jar!/, jar:file:/C:/Users/jdhtl/.gradle/caches/modules-2/files-2.1/net.bytebuddy/byte-buddy/1.12.7/e2a08a3fae74979ee76a8dd67cfd37958874e0fb/byte-buddy-1.12.7.jar!/, jar:file:/C:/Users/jdhtl/.gradle/caches/modules-2/files-2.1/net.bytebuddy/byte-buddy-agent/1.12.7/8b23f1a6afed2b787102a3625c1cfddc56b17a73/byte-buddy-agent-1.12.7.jar!/, jar:file:/C:/Users/jdhtl/.gradle/caches/modules-2/files-2.1/org.objenesis/objenesis/3.2/7fadf57620c8b8abdf7519533e5527367cb51f09/objenesis-3.2.jar!/, jar:file:/C:/Users/jdhtl/.gradle/caches/modules-2/files-2.1/ch.qos.logback/logback-core/1.2.11/a01230df5ca5c34540cdaa3ad5efb012f1f1f792/logback-core-1.2.11.jar!/, jar:file:/C:/Users/jdhtl/.gradle/caches/modules-2/files-2.1/org.opentest4j/opentest4j/1.2.0/28c11eb91f9b6d8e200631d46e20a7f407f2a046/opentest4j-1.2.0.jar!/]
16:43:23.396 [Test worker] DEBUG com.tngtech.archunit.core.importer.JavaClassProcessor - Processing class 'com/github/junrar/VolumeExtractorTest'
16:43:23.519 [Test worker] DEBUG com.tngtech.archunit.core.importer.JavaClassProcessor - Processing class 'com/github/junrar/ArchiveTest$PasswordProtected'
16:43:23.540 [Test worker] DEBUG com.tngtech.archunit.core.importer.JavaClassProcessor - Processing class 'com/github/junrar/ArchiveTest'
16:43:23.550 [Test worker] DEBUG com.tngtech.archunit.core.importer.JavaClassProcessor - Processing class 'com/github/junrar/ArchiveTest$ExtendedTimeTest'
16:43:23.560 [Test worker] DEBUG com.tngtech.archunit.core.importer.JavaClassProcessor - Processing class 'com/github/junrar/TestCommons'
16:43:23.679 [Test worker] DEBUG com.tngtech.archunit.core.importer.JavaClassProcessor - Processing class 'com/github/junrar/JunrarTest$DirectoryTraversal'
16:43:23.681 [Test worker] DEBUG com.tngtech.archunit.core.importer.JavaClassProcessor - Processing class 'com/github/junrar/LocalFolderExtractorTest'
16:43:23.711 [Test worker] DEBUG com.tngtech.archunit.core.importer.JavaClassProcessor - Processing class 'com/github/junrar/unsigned/UnsignedByteTest'
16:43:23.711 [Test worker] DEBUG com.tngtech.archunit.core.importer.JavaClassProcessor - Processing class 'com/github/junrar/architecture/CodingRulesTest'
16:43:23.721 [Test worker] DEBUG com.tngtech.archunit.core.importer.JavaClassProcessor - Processing class 'com/github/junrar/ArchiveTest$Solid'
16:43:23.731 [Test worker] DEBUG com.tngtech.archunit.core.importer.JavaClassProcessor - Processing class 'com/github/junrar/JunrarTest$PasswordProtected'
16:43:23.749 [Test worker] DEBUG com.tngtech.archunit.core.importer.JavaClassProcessor - Processing class 'com/github/junrar/ArchiveTest$Unicode'
16:43:23.751 [Test worker] DEBUG com.tngtech.archunit.core.importer.JavaClassProcessor - Processing class 'com/github/junrar/JunrarTest'
16:43:23.751 [Test worker] DEBUG com.tngtech.archunit.core.importer.JavaClassProcessor - Processing class 'com/github/junrar/RarVersionTest'
16:43:23.761 [Test worker] DEBUG com.tngtech.archunit.core.importer.JavaClassProcessor - Processing class 'com/github/junrar/ResourceReleasedTest'
16:43:23.771 [Test worker] DEBUG com.tngtech.archunit.core.importer.JavaClassProcessor - Processing class 'com/github/junrar/AbnormalFilesTest'
16:43:23.771 [Test worker] DEBUG com.tngtech.archunit.core.importer.JavaClassProcessor - Processing class 'com/github/junrar/ContentDescription'
16:43:23.781 [Test worker] DEBUG com.tngtech.archunit.core.importer.JavaClassProcessor - Processing class 'com/github/junrar/unpack/Unpack15'
16:43:23.820 [Test worker] DEBUG com.tngtech.archunit.core.importer.JavaClassProcessor - Processing class 'com/github/junrar/unpack/vm/VMPreparedOperand'
16:43:23.822 [Test worker] DEBUG com.tngtech.archunit.core.importer.JavaClassProcessor - Processing class 'com/github/junrar/rarfile/HostSystem'
16:43:23.842 [Test worker] DEBUG com.tngtech.archunit.core.importer.JavaClassProcessor - Processing class 'com/github/junrar/exception/InitDeciphererFailedException'
16:43:23.842 [Test worker] DEBUG com.tngtech.archunit.core.importer.JavaClassProcessor - Processing class 'com/github/junrar/unpack/ppm/State'
16:43:23.852 [Test worker] DEBUG com.tngtech.archunit.core.importer.JavaClassProcessor - Processing class 'com/github/junrar/io/RawDataIo'
16:43:23.852 [Test worker] DEBUG com.tngtech.archunit.core.importer.JavaClassProcessor - Processing class 'com/github/junrar/unpack/ppm/ModelPPM'
16:43:23.870 [Test worker] DEBUG com.tngtech.archunit.core.importer.JavaClassProcessor - Processing class 'com/github/junrar/unpack/ppm/Pointer'
16:43:23.870 [Test worker] DEBUG com.tngtech.archunit.core.importer.JavaClassProcessor - Processing class 'com/github/junrar/unpack/ppm/RarMemBlock'
16:43:23.870 [Test worker] DEBUG com.tngtech.archunit.core.importer.JavaClassProcessor - Processing class 'com/github/junrar/unpack/vm/VMFlags'
16:43:23.870 [Test worker] DEBUG com.tngtech.archunit.core.importer.JavaClassProcessor - Processing class 'com/github/junrar/unpack/vm/VMCmdFlags'
16:43:23.882 [Test worker] DEBUG com.tngtech.archunit.core.importer.JavaClassProcessor - Processing class 'com/github/junrar/LocalFolderExtractor'
16:43:23.882 [Test worker] DEBUG com.tngtech.archunit.core.importer.JavaClassProcessor - Processing class 'com/github/junrar/unpack/vm/VMPreparedProgram'
16:43:23.890 [Test worker] DEBUG com.tngtech.archunit.core.importer.JavaClassProcessor - Processing class 'com/github/junrar/exception/CorruptHeaderException'
16:43:23.892 [Test worker] DEBUG com.tngtech.archunit.core.importer.JavaClassProcessor - Processing class 'com/github/junrar/unpack/UnpackFilter'
16:43:23.892 [Test worker] DEBUG com.tngtech.archunit.core.importer.JavaClassProcessor - Processing class 'com/github/junrar/Archive$ExtractorExecutorHolder'
16:43:23.892 [Test worker] DEBUG com.tngtech.archunit.core.importer.JavaClassProcessor - Processing class 'com/github/junrar/crypt/Rijndael'
16:43:23.900 [Test worker] DEBUG com.tngtech.archunit.core.importer.JavaClassProcessor - Processing class 'com/github/junrar/rarfile/UnrarHeadertype'
16:43:23.902 [Test worker] DEBUG com.tngtech.archunit.core.importer.JavaClassProcessor - Processing class 'com/github/junrar/Junrar'
16:43:23.912 [Test worker] DEBUG com.tngtech.archunit.core.importer.JavaClassProcessor - Processing class 'com/github/junrar/unpack/Unpack20'
16:43:23.912 [Test worker] DEBUG com.tngtech.archunit.core.importer.JavaClassProcessor - Processing class 'com/github/junrar/unpack/ppm/AnalyzeHeapDump'
16:43:23.920 [Test worker] DEBUG com.tngtech.archunit.core.importer.JavaClassProcessor - Processing class 'com/github/junrar/io/Raw'
16:43:23.923 [Test worker] DEBUG com.tngtech.archunit.core.importer.JavaClassProcessor - Processing class 'com/github/junrar/rarfile/ProtectHeader'
16:43:23.923 [Test worker] DEBUG com.tngtech.archunit.core.importer.JavaClassProcessor - Processing class 'com/github/junrar/io/RandomAccessInputStream'
16:43:23.923 [Test worker] DEBUG com.tngtech.archunit.core.importer.JavaClassProcessor - Processing class 'com/github/junrar/Archive$1'
16:43:23.931 [Test worker] DEBUG com.tngtech.archunit.core.importer.JavaClassProcessor - Processing class 'com/github/junrar/unpack/ppm/StateRef'
16:43:23.933 [Test worker] DEBUG com.tngtech.archunit.core.importer.JavaClassProcessor - Processing class 'com/github/junrar/unpack/vm/BitInput'
16:43:23.933 [Test worker] DEBUG com.tngtech.archunit.core.importer.JavaClassProcessor - Processing class 'com/github/junrar/crc/RarCRC'
16:43:23.933 [Test worker] DEBUG com.tngtech.archunit.core.importer.JavaClassProcessor - Processing class 'com/github/junrar/rarfile/BaseBlock'
16:43:23.943 [Test worker] DEBUG com.tngtech.archunit.core.importer.JavaClassProcessor - Processing class 'com/github/junrar/unsigned/UnsignedInteger'
16:43:23.943 [Test worker] DEBUG com.tngtech.archunit.core.importer.JavaClassProcessor - Processing class 'com/github/junrar/unpack/decode/DistDecode'
16:43:23.943 [Test worker] DEBUG com.tngtech.archunit.core.importer.JavaClassProcessor - Processing class 'com/github/junrar/unpack/vm/VMStandardFilters'
16:43:23.943 [Test worker] DEBUG com.tngtech.archunit.core.importer.JavaClassProcessor - Processing class 'com/github/junrar/exception/BadRarArchiveException'
16:43:23.951 [Test worker] DEBUG com.tngtech.archunit.core.importer.JavaClassProcessor - Processing class 'com/github/junrar/rarfile/MarkHeader'
16:43:23.953 [Test worker] DEBUG com.tngtech.archunit.core.importer.JavaClassProcessor - Processing class 'com/github/junrar/unpack/decode/FilterType'
16:43:23.953 [Test worker] DEBUG com.tngtech.archunit.core.importer.JavaClassProcessor - Processing class 'com/github/junrar/unpack/ppm/RangeCoder$SubRange'
16:43:23.953 [Test worker] DEBUG com.tngtech.archunit.core.importer.JavaClassProcessor - Processing class 'com/github/junrar/rarfile/NewSubHeaderType'
16:43:23.953 [Test worker] DEBUG com.tngtech.archunit.core.importer.JavaClassProcessor - Processing class 'com/github/junrar/unpack/ppm/PPMContext'
16:43:23.963 [Test worker] DEBUG com.tngtech.archunit.core.importer.JavaClassProcessor - Processing class 'com/github/junrar/unpack/ppm/RarNode'
16:43:23.963 [Test worker] DEBUG com.tngtech.archunit.core.importer.JavaClassProcessor - Processing class 'com/github/junrar/unpack/vm/VMOpType'
16:43:23.971 [Test worker] DEBUG com.tngtech.archunit.core.importer.JavaClassProcessor - Processing class 'com/github/junrar/volume/VolumeHelper'
16:43:23.973 [Test worker] DEBUG com.tngtech.archunit.core.importer.JavaClassProcessor - Processing class 'com/github/junrar/unpack/ppm/SubAllocator'
16:43:23.973 [Test worker] DEBUG com.tngtech.archunit.core.importer.JavaClassProcessor - Processing class 'com/github/junrar/Archive'
16:43:23.991 [Test worker] DEBUG com.tngtech.archunit.core.importer.JavaClassProcessor - Processing class 'com/github/junrar/unpack/vm/VMPreparedCommand'
16:43:23.993 [Test worker] DEBUG com.tngtech.archunit.core.importer.JavaClassProcessor - Processing class 'com/github/junrar/io/SeekableReadOnlyInputStream'
16:43:23.993 [Test worker] DEBUG com.tngtech.archunit.core.importer.JavaClassProcessor - Processing class 'com/github/junrar/rarfile/FileHeader$TimePositionTuple'
16:43:23.993 [Test worker] DEBUG com.tngtech.archunit.core.importer.JavaClassProcessor - Processing class 'com/github/junrar/volume/InputStreamVolume'
16:43:24.001 [Test worker] DEBUG com.tngtech.archunit.core.importer.JavaClassProcessor - Processing class 'com/github/junrar/rarfile/EAHeader'
16:43:24.003 [Test worker] DEBUG com.tngtech.archunit.core.importer.JavaClassProcessor - Processing class 'com/github/junrar/volume/Volume'
16:43:24.003 [Test worker] DEBUG com.tngtech.archunit.core.importer.JavaClassProcessor - Processing class 'com/github/junrar/volume/FileVolumeManager'
16:43:24.011 [Test worker] DEBUG com.tngtech.archunit.core.importer.JavaClassProcessor - Processing class 'com/github/junrar/unsigned/UnsignedByte'
16:43:24.011 [Test worker] DEBUG com.tngtech.archunit.core.importer.JavaClassProcessor - Processing class 'com/github/junrar/unpack/decode/LowDistDecode'
16:43:24.013 [Test worker] DEBUG com.tngtech.archunit.core.importer.JavaClassProcessor - Processing class 'com/github/junrar/rarfile/FileHeader'
16:43:24.013 [Test worker] DEBUG com.tngtech.archunit.core.importer.JavaClassProcessor - Processing class 'com/github/junrar/unpack/ppm/RangeCoder'
16:43:24.023 [Test worker] DEBUG com.tngtech.archunit.core.importer.JavaClassProcessor - Processing class 'com/github/junrar/unpack/ppm/BlockTypes'
16:43:24.025 [Test worker] DEBUG com.tngtech.archunit.core.importer.JavaClassProcessor - Processing class 'com/github/junrar/rarfile/BlockHeader'
16:43:24.025 [Test worker] DEBUG com.tngtech.archunit.core.importer.JavaClassProcessor - Processing class 'com/github/junrar/rarfile/SignHeader'
16:43:24.025 [Test worker] DEBUG com.tngtech.archunit.core.importer.JavaClassProcessor - Processing class 'com/github/junrar/exception/UnsupportedRarV5Exception'
16:43:24.033 [Test worker] DEBUG com.tngtech.archunit.core.importer.JavaClassProcessor - Processing class 'com/github/junrar/rarfile/FileNameDecoder'
16:43:24.033 [Test worker] DEBUG com.tngtech.archunit.core.importer.JavaClassProcessor - Processing class 'com/github/junrar/rarfile/SubBlockHeaderType'
16:43:24.033 [Test worker] DEBUG com.tngtech.archunit.core.importer.JavaClassProcessor - Processing class 'com/github/junrar/exception/UnsupportedRarEncryptedException'
16:43:24.041 [Test worker] DEBUG com.tngtech.archunit.core.importer.JavaClassProcessor - Processing class 'com/github/junrar/unpack/decode/RepDecode'
16:43:24.043 [Test worker] DEBUG com.tngtech.archunit.core.importer.JavaClassProcessor - Processing class 'com/github/junrar/rarfile/UnixOwnersHeader'
16:43:24.043 [Test worker] DEBUG com.tngtech.archunit.core.importer.JavaClassProcessor - Processing class 'com/github/junrar/unpack/decode/LitDecode'
16:43:24.043 [Test worker] DEBUG com.tngtech.archunit.core.importer.JavaClassProcessor - Processing class 'com/github/junrar/unsigned/UnsignedShort'
16:43:24.043 [Test worker] DEBUG com.tngtech.archunit.core.importer.JavaClassProcessor - Processing class 'com/github/junrar/unpack/Unpack'
16:43:24.053 [Test worker] DEBUG com.tngtech.archunit.core.importer.JavaClassProcessor - Processing class 'com/github/junrar/UnrarCallback'
16:43:24.053 [Test worker] DEBUG com.tngtech.archunit.core.importer.JavaClassProcessor - Processing class 'com/github/junrar/unpack/ppm/FreqData'
16:43:24.062 [Test worker] DEBUG com.tngtech.archunit.core.importer.JavaClassProcessor - Processing class 'com/github/junrar/exception/CrcErrorException'
16:43:24.062 [Test worker] DEBUG com.tngtech.archunit.core.importer.JavaClassProcessor - Processing class 'com/github/junrar/unpack/vm/RarVM$1'
16:43:24.064 [Test worker] DEBUG com.tngtech.archunit.core.importer.JavaClassProcessor - Processing class 'com/github/junrar/io/SeekableReadOnlyByteChannel'
16:43:24.064 [Test worker] DEBUG com.tngtech.archunit.core.importer.JavaClassProcessor - Processing class 'com/github/junrar/Archive$2'
16:43:24.064 [Test worker] DEBUG com.tngtech.archunit.core.importer.JavaClassProcessor - Processing class 'com/github/junrar/unpack/ComprDataIO'
16:43:24.072 [Test worker] DEBUG com.tngtech.archunit.core.importer.JavaClassProcessor - Processing class 'com/github/junrar/rarfile/FileHeader$1'
16:43:24.074 [Test worker] DEBUG com.tngtech.archunit.core.importer.JavaClassProcessor - Processing class 'com/github/junrar/rarfile/MainHeader'
16:43:24.074 [Test worker] DEBUG com.tngtech.archunit.core.importer.JavaClassProcessor - Processing class 'com/github/junrar/unpack/vm/RarVM'
16:43:24.084 [Test worker] DEBUG com.tngtech.archunit.core.importer.JavaClassProcessor - Processing class 'com/github/junrar/io/SeekableReadOnlyFile'
16:43:24.092 [Test worker] DEBUG com.tngtech.archunit.core.importer.JavaClassProcessor - Processing class 'com/github/junrar/exception/HeaderNotInArchiveException'
16:43:24.094 [Test worker] DEBUG com.tngtech.archunit.core.importer.JavaClassProcessor - Processing class 'com/github/junrar/unpack/ppm/SEE2Context'
16:43:24.094 [Test worker] DEBUG com.tngtech.archunit.core.importer.JavaClassProcessor - Processing class 'com/github/junrar/volume/FileVolume'
16:43:24.094 [Test worker] DEBUG com.tngtech.archunit.core.importer.JavaClassProcessor - Processing class 'com/github/junrar/rarfile/AVHeader'
16:43:24.094 [Test worker] DEBUG com.tngtech.archunit.core.importer.JavaClassProcessor - Processing class 'com/github/junrar/volume/InputStreamVolumeManager'
16:43:24.104 [Test worker] DEBUG com.tngtech.archunit.core.importer.JavaClassProcessor - Processing class 'com/github/junrar/unpack/vm/VMCommands'
16:43:24.104 [Test worker] DEBUG com.tngtech.archunit.core.importer.JavaClassProcessor - Processing class 'com/github/junrar/unpack/decode/BitDecode'
16:43:24.112 [Test worker] DEBUG com.tngtech.archunit.core.importer.JavaClassProcessor - Processing class 'com/github/junrar/exception/NotRarArchiveException'
16:43:24.114 [Test worker] DEBUG com.tngtech.archunit.core.importer.JavaClassProcessor - Processing class 'com/github/junrar/exception/RarException'
16:43:24.114 [Test worker] DEBUG com.tngtech.archunit.core.importer.JavaClassProcessor - Processing class 'com/github/junrar/rarfile/EndArcHeader'
16:43:24.114 [Test worker] DEBUG com.tngtech.archunit.core.importer.JavaClassProcessor - Processing class 'com/github/junrar/rarfile/CommentHeader'
16:43:24.114 [Test worker] DEBUG com.tngtech.archunit.core.importer.JavaClassProcessor - Processing class 'com/github/junrar/unsigned/UnsignedLong'
16:43:24.122 [Test worker] DEBUG com.tngtech.archunit.core.importer.JavaClassProcessor - Processing class 'com/github/junrar/rarfile/MacInfoHeader'
16:43:24.122 [Test worker] DEBUG com.tngtech.archunit.core.importer.JavaClassProcessor - Processing class 'com/github/junrar/unpack/decode/AudioVariables'
16:43:24.122 [Test worker] DEBUG com.tngtech.archunit.core.importer.JavaClassProcessor - Processing class 'com/github/junrar/volume/VolumeManager'
16:43:24.122 [Test worker] DEBUG com.tngtech.archunit.core.importer.JavaClassProcessor - Processing class 'com/github/junrar/unpack/decode/CodeType'
16:43:24.132 [Test worker] DEBUG com.tngtech.archunit.core.importer.JavaClassProcessor - Processing class 'com/github/junrar/rarfile/SubBlockHeader'
16:43:24.134 [Test worker] DEBUG com.tngtech.archunit.core.importer.JavaClassProcessor - Processing class 'com/github/junrar/exception/MainHeaderNullException'
16:43:24.134 [Test worker] DEBUG com.tngtech.archunit.core.importer.JavaClassProcessor - Processing class 'com/github/junrar/unpack/decode/MultDecode'
16:43:24.134 [Test worker] DEBUG com.tngtech.archunit.core.importer.JavaClassProcessor - Processing class 'com/github/junrar/rarfile/RARVersion'
16:43:24.134 [Test worker] DEBUG com.tngtech.archunit.core.importer.JavaClassProcessor - Processing class 'com/github/junrar/unpack/decode/Decode'
16:43:24.134 [Test worker] DEBUG com.tngtech.archunit.core.importer.JavaClassProcessor - Processing class 'com/github/junrar/unpack/decode/Compress'
16:43:24.142 [Test worker] DEBUG com.tngtech.archunit.core.importer.JavaClassProcessor - Processing class 'com/github/junrar/unpack/vm/VMStandardFilterSignature'
16:43:24.144 [Test worker] INFO com.tngtech.archunit.core.importer.DependencyResolutionProcess - Automatically resolving transitive class dependencies with the following configuration:
import.dependencyResolutionProcess.maxIterationsForMemberTypes = 1
import.dependencyResolutionProcess.maxIterationsForAccessesToTypes = 1
import.dependencyResolutionProcess.maxIterationsForSupertypes = -1
import.dependencyResolutionProcess.maxIterationsForEnclosingTypes = -1
import.dependencyResolutionProcess.maxIterationsForAnnotationTypes = -1
import.dependencyResolutionProcess.maxIterationsForGenericSignatureTypes = -1
16:43:24.144 [Test worker] DEBUG com.tngtech.archunit.core.importer.JavaClassProcessor - Processing class 'org/junit/jupiter/api/BeforeEach'
16:43:24.144 [Test worker] DEBUG com.tngtech.archunit.core.importer.JavaClassProcessor - Processing class 'java/lang/IndexOutOfBoundsException'
16:43:24.152 [Test worker] DEBUG com.tngtech.archunit.core.importer.JavaClassProcessor - Processing class 'java/io/RandomAccessFile'
16:43:24.154 [Test worker] DEBUG com.tngtech.archunit.core.importer.JavaClassProcessor - Processing class 'java/io/BufferedInputStream'
16:43:24.154 [Test worker] DEBUG com.tngtech.archunit.core.importer.JavaClassProcessor - Processing class 'javax/crypto/spec/SecretKeySpec'
16:43:24.154 [Test worker] DEBUG com.tngtech.archunit.core.importer.JavaClassProcessor - Processing class 'java/lang/Integer'
16:43:24.154 [Test worker] DEBUG com.tngtech.archunit.core.importer.JavaClassProcessor - Processing class 'java/util/Vector'
16:43:24.164 [Test worker] DEBUG com.tngtech.archunit.core.importer.JavaClassProcessor - Processing class 'java/lang/Long'
16:43:24.164 [Test worker] DEBUG com.tngtech.archunit.core.importer.JavaClassProcessor - Processing class 'java/util/Map'
16:43:24.164 [Test worker] DEBUG com.tngtech.archunit.core.importer.JavaClassProcessor - Processing class 'java/lang/Thread'
16:43:24.174 [Test worker] DEBUG com.tngtech.archunit.core.importer.JavaClassProcessor - Processing class 'java/nio/file/Path'
16:43:24.174 [Test worker] DEBUG com.tngtech.archunit.core.importer.JavaClassProcessor - Processing class 'com/tngtech/archunit/junit/AnalyzeClasses'
16:43:24.183 [Test worker] DEBUG com.tngtech.archunit.core.importer.JavaClassProcessor - Processing class 'com/tngtech/archunit/junit/ArchTest'
16:43:24.183 [Test worker] DEBUG com.tngtech.archunit.core.importer.JavaClassProcessor - Processing class 'org/junit/jupiter/params/provider/Arguments'
16:43:24.185 [Test worker] DEBUG com.tngtech.archunit.core.importer.JavaClassProcessor - Processing class 'java/lang/String'
16:43:24.193 [Test worker] DEBUG com.tngtech.archunit.core.importer.JavaClassProcessor - Processing class 'java/util/stream/Stream'
16:43:24.195 [Test worker] DEBUG com.tngtech.archunit.core.importer.JavaClassProcessor - Processing class 'org/assertj/core/api/ListAssert'
16:43:24.195 [Test worker] DEBUG com.tngtech.archunit.core.importer.JavaClassProcessor - Processing class 'java/lang/StringBuilder'
16:43:24.205 [Test worker] DEBUG com.tngtech.archunit.core.importer.JavaClassProcessor - Processing class 'java/io/ByteArrayOutputStream'
16:43:24.205 [Test worker] DEBUG com.tngtech.archunit.core.importer.JavaClassProcessor - Processing class 'org/junit/jupiter/api/Nested'
16:43:24.205 [Test worker] DEBUG com.tngtech.archunit.core.importer.JavaClassProcessor - Processing class 'java/util/Calendar'
16:43:24.213 [Test worker] DEBUG com.tngtech.archunit.core.importer.JavaClassProcessor - Processing class 'javax/crypto/spec/IvParameterSpec'
16:43:24.215 [Test worker] DEBUG com.tngtech.archunit.core.importer.JavaClassProcessor - Processing class 'org/assertj/core/api/AbstractDateAssert'
16:43:24.223 [Test worker] DEBUG com.tngtech.archunit.core.importer.JavaClassProcessor - Processing class 'java/io/IOException'
16:43:24.225 [Test worker] DEBUG com.tngtech.archunit.core.importer.JavaClassProcessor - Processing class 'org/apache/commons/io/FileUtils'
16:43:24.235 [Test worker] DEBUG com.tngtech.archunit.core.importer.JavaClassProcessor - Processing class 'org/assertj/core/api/AbstractFileAssert'
16:43:24.235 [Test worker] DEBUG com.tngtech.archunit.core.importer.JavaClassProcessor - Processing class 'java/util/concurrent/atomic/AtomicLong'
16:43:24.235 [Test worker] DEBUG com.tngtech.archunit.core.importer.JavaClassProcessor - Processing class 'org/junit/jupiter/api/AfterEach'
16:43:24.235 [Test worker] DEBUG com.tngtech.archunit.core.importer.JavaClassProcessor - Processing class 'org/junit/jupiter/params/ParameterizedTest'
16:43:24.243 [Test worker] DEBUG com.tngtech.archunit.core.importer.JavaClassProcessor - Processing class 'org/assertj/core/api/AbstractLongAssert'
16:43:24.245 [Test worker] DEBUG com.tngtech.archunit.core.importer.JavaClassProcessor - Processing class 'java/util/Date'
16:43:24.245 [Test worker] DEBUG com.tngtech.archunit.core.importer.JavaClassProcessor - Processing class 'java/lang/Runnable'
16:43:24.245 [Test worker] DEBUG com.tngtech.archunit.core.importer.JavaClassProcessor - Processing class 'org/assertj/core/api/ObjectArrayAssert'
16:43:24.245 [Test worker] DEBUG com.tngtech.archunit.core.importer.JavaClassProcessor - Processing class 'org/junit/jupiter/params/provider/MethodSource'
16:43:24.245 [Test worker] DEBUG com.tngtech.archunit.core.importer.JavaClassProcessor - Processing class 'java/util/concurrent/SynchronousQueue'
16:43:24.253 [Test worker] DEBUG com.tngtech.archunit.core.importer.JavaClassProcessor - Processing class 'java/util/TimeZone'
16:43:24.255 [Test worker] DEBUG com.tngtech.archunit.core.importer.JavaClassProcessor - Processing class 'java/time/Instant'
16:43:24.255 [Test worker] DEBUG com.tngtech.archunit.core.importer.JavaClassProcessor - Processing class 'java/util/stream/Collectors'
16:43:24.263 [Test worker] DEBUG com.tngtech.archunit.core.importer.JavaClassProcessor - Processing class 'org/junit/jupiter/api/Test'
16:43:24.263 [Test worker] DEBUG com.tngtech.archunit.core.importer.JavaClassProcessor - Processing class 'java/util/Objects'
16:43:24.265 [Test worker] DEBUG com.tngtech.archunit.core.importer.JavaClassProcessor - Processing class 'com/tngtech/archunit/lang/ArchRule'
16:43:24.265 [Test worker] DEBUG com.tngtech.archunit.core.importer.JavaClassProcessor - Processing class 'org/assertj/core/api/ObjectAssert'
16:43:24.265 [Test worker] DEBUG com.tngtech.archunit.core.importer.JavaClassProcessor - Processing class 'java/security/MessageDigest'
16:43:24.265 [Test worker] DEBUG com.tngtech.archunit.core.importer.JavaClassProcessor - Processing class 'org/assertj/core/api/AbstractIntegerAssert'
16:43:24.273 [Test worker] DEBUG com.tngtech.archunit.core.importer.JavaClassProcessor - Processing class 'javax/crypto/Cipher'
16:43:24.275 [Test worker] DEBUG com.tngtech.archunit.core.importer.JavaClassProcessor - Processing class 'java/util/function/Function'
16:43:24.275 [Test worker] DEBUG com.tngtech.archunit.core.importer.JavaClassProcessor - Processing class 'java/util/HashSet'
16:43:24.275 [Test worker] DEBUG com.tngtech.archunit.core.importer.JavaClassProcessor - Processing class 'java/nio/file/LinkOption'
16:43:24.283 [Test worker] DEBUG com.tngtech.archunit.core.importer.JavaClassProcessor - Processing class 'java/nio/charset/Charset'
16:43:24.285 [Test worker] DEBUG com.tngtech.archunit.core.importer.JavaClassProcessor - Processing class 'javax/crypto/NoSuchPaddingException'
16:43:24.285 [Test worker] DEBUG com.tngtech.archunit.core.importer.JavaClassProcessor - Processing class 'java/lang/Boolean'
16:43:24.285 [Test worker] DEBUG com.tngtech.archunit.core.importer.JavaClassProcessor - Processing class 'java/util/LinkedList'
16:43:24.294 [Test worker] DEBUG com.tngtech.archunit.core.importer.JavaClassProcessor - Processing class 'java/util/concurrent/ExecutorService'
16:43:24.296 [Test worker] DEBUG com.tngtech.archunit.core.importer.JavaClassProcessor - Processing class 'org/slf4j/Logger'
16:43:24.296 [Test worker] DEBUG com.tngtech.archunit.core.importer.JavaClassProcessor - Processing class 'java/io/FileInputStream'
16:43:24.296 [Test worker] DEBUG com.tngtech.archunit.core.importer.JavaClassProcessor - Processing class 'org/junitpioneer/jupiter/DefaultTimeZone'
16:43:24.306 [Test worker] DEBUG com.tngtech.archunit.core.importer.JavaClassProcessor - Processing class 'java/lang/Object'
16:43:24.306 [Test worker] DEBUG com.tngtech.archunit.core.importer.JavaClassProcessor - Processing class 'java/lang/Class'
16:43:24.316 [Test worker] DEBUG com.tngtech.archunit.core.importer.JavaClassProcessor - Processing class 'java/lang/Float'
16:43:24.316 [Test worker] DEBUG com.tngtech.archunit.core.importer.JavaClassProcessor - Processing class 'java/util/Arrays'
16:43:24.326 [Test worker] DEBUG com.tngtech.archunit.core.importer.JavaClassProcessor - Processing class 'java/lang/System'
16:43:24.336 [Test worker] DEBUG com.tngtech.archunit.core.importer.JavaClassProcessor - Processing class 'java/nio/file/attribute/FileTime'
16:43:24.336 [Test worker] DEBUG com.tngtech.archunit.core.importer.JavaClassProcessor - Processing class 'org/junit/jupiter/api/AfterAll'
16:43:24.344 [Test worker] DEBUG com.tngtech.archunit.core.importer.JavaClassProcessor - Processing class 'org/junit/jupiter/api/BeforeAll'
16:43:24.346 [Test worker] DEBUG com.tngtech.archunit.core.importer.JavaClassProcessor - Processing class 'java/io/PipedInputStream'
16:43:24.346 [Test worker] DEBUG com.tngtech.archunit.core.importer.JavaClassProcessor - Processing class 'org/assertj/core/api/AbstractStringAssert'
16:43:24.354 [Test worker] DEBUG com.tngtech.archunit.core.importer.JavaClassProcessor - Processing class 'com/tngtech/archunit/library/GeneralCodingRules'
16:43:24.356 [Test worker] DEBUG com.tngtech.archunit.core.importer.JavaClassProcessor - Processing class 'org/assertj/core/api/AbstractThrowableAssert'
16:43:24.356 [Test worker] DEBUG com.tngtech.archunit.core.importer.JavaClassProcessor - Processing class 'java/util/Set'
16:43:24.356 [Test worker] DEBUG com.tngtech.archunit.core.importer.JavaClassProcessor - Processing class 'java/lang/Exception'
16:43:24.364 [Test worker] DEBUG com.tngtech.archunit.core.importer.JavaClassProcessor - Processing class 'org/apache/commons/io/IOUtils'
16:43:24.366 [Test worker] DEBUG com.tngtech.archunit.core.importer.JavaClassProcessor - Processing class 'java/security/NoSuchAlgorithmException'
16:43:24.374 [Test worker] DEBUG com.tngtech.archunit.core.importer.JavaClassProcessor - Processing class 'java/security/InvalidKeyException'
16:43:24.374 [Test worker] DEBUG com.tngtech.archunit.core.importer.JavaClassProcessor - Processing class 'java/lang/Throwable'
16:43:24.376 [Test worker] DEBUG com.tngtech.archunit.core.importer.JavaClassProcessor - Processing class 'java/lang/Double'
16:43:24.376 [Test worker] DEBUG com.tngtech.archunit.core.importer.JavaClassProcessor - Processing class 'java/lang/AssertionError'
16:43:24.376 [Test worker] DEBUG com.tngtech.archunit.core.importer.JavaClassProcessor - Processing class 'java/util/ArrayList'
16:43:24.384 [Test worker] DEBUG com.tngtech.archunit.core.importer.JavaClassProcessor - Processing class 'java/security/InvalidAlgorithmParameterException'
16:43:24.386 [Test worker] DEBUG com.tngtech.archunit.core.importer.JavaClassProcessor - Processing class 'org/assertj/core/api/AbstractByteArrayAssert'
16:43:24.386 [Test worker] DEBUG com.tngtech.archunit.core.importer.JavaClassProcessor - Processing class 'org/junit/jupiter/params/provider/ValueSource'
16:43:24.394 [Test worker] DEBUG com.tngtech.archunit.core.importer.JavaClassProcessor - Processing class 'java/nio/file/Files'
16:43:24.396 [Test worker] DEBUG com.tngtech.archunit.core.importer.JavaClassProcessor - Processing class 'org/assertj/core/api/AbstractBooleanAssert'
16:43:24.396 [Test worker] DEBUG com.tngtech.archunit.core.importer.JavaClassProcessor - Processing class 'java/lang/Deprecated'
16:43:24.396 [Test worker] DEBUG com.tngtech.archunit.core.importer.JavaClassProcessor - Processing class 'org/mockito/stubbing/OngoingStubbing'
16:43:24.396 [Test worker] DEBUG com.tngtech.archunit.core.importer.JavaClassProcessor - Processing class 'java/io/FileOutputStream'
16:43:24.404 [Test worker] DEBUG com.tngtech.archunit.core.importer.JavaClassProcessor - Processing class 'java/io/PipedOutputStream'
16:43:24.407 [Test worker] DEBUG com.tngtech.archunit.core.importer.JavaClassProcessor - Processing class 'java/io/File'
16:43:24.407 [Test worker] DEBUG com.tngtech.archunit.core.importer.JavaClassProcessor - Processing class 'java/time/temporal/ChronoUnit'
16:43:24.407 [Test worker] DEBUG com.tngtech.archunit.core.importer.JavaClassProcessor - Processing class 'java/nio/file/Paths'
16:43:24.407 [Test worker] DEBUG com.tngtech.archunit.core.importer.JavaClassProcessor - Processing class 'java/lang/IllegalStateException'
16:43:24.415 [Test worker] DEBUG com.tngtech.archunit.core.importer.JavaClassProcessor - Processing class 'java/net/URL'
16:43:24.417 [Test worker] DEBUG com.tngtech.archunit.core.importer.JavaClassProcessor - Processing class 'org/slf4j/LoggerFactory'
16:43:24.417 [Test worker] DEBUG com.tngtech.archunit.core.importer.JavaClassProcessor - Processing class 'java/lang/NullPointerException'
16:43:24.417 [Test worker] DEBUG com.tngtech.archunit.core.importer.JavaClassProcessor - Processing class 'java/lang/Enum'
16:43:24.427 [Test worker] DEBUG com.tngtech.archunit.core.importer.JavaClassProcessor - Processing class 'org/assertj/core/api/AbstractComparableAssert'
16:43:24.427 [Test worker] DEBUG com.tngtech.archunit.core.importer.JavaClassProcessor - Processing class 'org/assertj/core/api/Assertions'
16:43:24.437 [Test worker] DEBUG com.tngtech.archunit.core.importer.JavaClassProcessor - Processing class 'java/lang/Math'
16:43:24.445 [Test worker] DEBUG com.tngtech.archunit.core.importer.JavaClassProcessor - Processing class 'java/lang/Byte'
16:43:24.447 [Test worker] DEBUG com.tngtech.archunit.core.importer.JavaClassProcessor - Processing class 'java/io/EOFException'
16:43:24.447 [Test worker] DEBUG com.tngtech.archunit.core.importer.JavaClassProcessor - Processing class 'java/io/FileNotFoundException'
16:43:24.447 [Test worker] DEBUG com.tngtech.archunit.core.importer.JavaClassProcessor - Processing class 'java/util/List'
16:43:24.455 [Test worker] DEBUG com.tngtech.archunit.core.importer.JavaClassProcessor - Processing class 'java/util/Optional'
16:43:24.457 [Test worker] DEBUG com.tngtech.archunit.core.importer.JavaClassProcessor - Processing class 'java/util/concurrent/ThreadPoolExecutor'
16:43:24.457 [Test worker] DEBUG com.tngtech.archunit.core.importer.JavaClassProcessor - Processing class 'java/util/HashMap'
16:43:24.457 [Test worker] DEBUG com.tngtech.archunit.core.importer.JavaClassProcessor - Processing class 'java/lang/Iterable'
16:43:24.465 [Test worker] DEBUG com.tngtech.archunit.core.importer.JavaClassProcessor - Processing class 'java/io/OutputStream'
16:43:24.467 [Test worker] DEBUG com.tngtech.archunit.core.importer.JavaClassProcessor - Processing class 'java/util/Iterator'
16:43:24.467 [Test worker] DEBUG com.tngtech.archunit.core.importer.JavaClassProcessor - Processing class 'java/lang/IllegalArgumentException'
16:43:24.467 [Test worker] DEBUG com.tngtech.archunit.core.importer.JavaClassProcessor - Processing class 'java/util/concurrent/TimeUnit'
16:43:24.467 [Test worker] DEBUG com.tngtech.archunit.core.importer.JavaClassProcessor - Processing class 'org/mockito/Mockito'
16:43:24.475 [Test worker] DEBUG com.tngtech.archunit.core.importer.JavaClassProcessor - Processing class 'java/io/Closeable'
16:43:24.477 [Test worker] DEBUG com.tngtech.archunit.core.importer.JavaClassProcessor - Processing class 'java/io/InputStream'
16:43:24.477 [Test worker] DEBUG com.tngtech.archunit.core.importer.JavaClassProcessor - Processing class 'org/mockito/ArgumentMatchers'
16:43:24.477 [Test worker] DEBUG com.tngtech.archunit.core.importer.JavaClassProcessor - Processing class 'java/security/KeyException'
16:43:24.477 [Test worker] DEBUG com.tngtech.archunit.core.importer.JavaClassProcessor - Processing class 'java/nio/charset/spi/CharsetProvider'
16:43:24.488 [Test worker] DEBUG com.tngtech.archunit.core.importer.JavaClassProcessor - Processing class 'org/assertj/core/api/InstanceOfAssertFactories'
16:43:24.496 [Test worker] DEBUG com.tngtech.archunit.core.importer.JavaClassProcessor - Processing class 'org/junit/jupiter/params/provider/ValueArgumentsProvider'
16:43:24.498 [Test worker] DEBUG com.tngtech.archunit.core.importer.JavaClassProcessor - Processing class 'java/util/AbstractQueue'
16:43:24.498 [Test worker] DEBUG com.tngtech.archunit.core.importer.JavaClassProcessor - Processing class 'java/util/DoubleSummaryStatistics'
16:43:24.498 [Test worker] DEBUG com.tngtech.archunit.core.importer.JavaClassProcessor - Processing class 'com/tngtech/archunit/core/domain/JavaField'
16:43:24.498 [Test worker] DEBUG com.tngtech.archunit.core.importer.JavaClassProcessor - Processing class 'java/security/spec/KeySpec'
16:43:24.498 [Test worker] DEBUG com.tngtech.archunit.core.importer.JavaClassProcessor - Processing class 'java/math/BigDecimal'
16:43:24.508 [Test worker] DEBUG com.tngtech.archunit.core.importer.JavaClassProcessor - Processing class 'java/util/concurrent/Future'
16:43:24.508 [Test worker] DEBUG com.tngtech.archunit.core.importer.JavaClassProcessor - Processing class 'java/security/GeneralSecurityException'
16:43:24.508 [Test worker] DEBUG com.tngtech.archunit.core.importer.JavaClassProcessor - Processing class 'org/junit/jupiter/api/extension/ExtendWith'
16:43:24.516 [Test worker] DEBUG com.tngtech.archunit.core.importer.JavaClassProcessor - Processing class 'java/lang/Enum$EnumDesc'
16:43:24.518 [Test worker] DEBUG com.tngtech.archunit.core.importer.JavaClassProcessor - Processing class 'org/assertj/core/util/CheckReturnValue'
16:43:24.518 [Test worker] DEBUG com.tngtech.archunit.core.importer.JavaClassProcessor - Processing class 'com/tngtech/archunit/lang/CanBeEvaluated'
16:43:24.518 [Test worker] DEBUG com.tngtech.archunit.core.importer.JavaClassProcessor - Processing class 'java/nio/file/Watchable'
16:43:24.518 [Test worker] DEBUG com.tngtech.archunit.core.importer.JavaClassProcessor - Processing class 'java/math/BigInteger'
16:43:24.528 [Test worker] DEBUG com.tngtech.archunit.core.importer.JavaClassProcessor - Processing class 'com/tngtech/archunit/junit/LocationProvider'
16:43:24.528 [Test worker] DEBUG com.tngtech.archunit.core.importer.JavaClassProcessor - Processing class 'org/assertj/core/api/AbstractArrayAssert'
16:43:24.528 [Test worker] DEBUG com.tngtech.archunit.core.importer.JavaClassProcessor - Processing class 'java/lang/CharSequence'
16:43:24.536 [Test worker] DEBUG com.tngtech.archunit.core.importer.JavaClassProcessor - Processing class 'java/util/concurrent/ThreadPoolExecutor$Worker'
16:43:24.536 [Test worker] DEBUG com.tngtech.archunit.core.importer.JavaClassProcessor - Processing class 'java/util/concurrent/BlockingQueue'
16:43:24.536 [Test worker] DEBUG com.tngtech.archunit.core.importer.JavaClassProcessor - Processing class 'java/io/Serializable'
16:43:24.538 [Test worker] DEBUG com.tngtech.archunit.core.importer.JavaClassProcessor - Processing class 'jdk/internal/PreviewFeature$Feature'
16:43:24.538 [Test worker] DEBUG com.tngtech.archunit.core.importer.JavaClassProcessor - Processing class 'org/junit/platform/commons/annotation/Testable'
16:43:24.538 [Test worker] DEBUG com.tngtech.archunit.core.importer.JavaClassProcessor - Processing class 'javax/crypto/SecretKey'
16:43:24.538 [Test worker] DEBUG com.tngtech.archunit.core.importer.JavaClassProcessor - Processing class 'java/nio/file/CopyOption'
16:43:24.538 [Test worker] DEBUG com.tngtech.archunit.core.importer.JavaClassProcessor - Processing class 'java/lang/reflect/AnnotatedElement'
16:43:24.538 [Test worker] DEBUG com.tngtech.archunit.core.importer.JavaClassProcessor - Processing class 'org/assertj/core/api/ComparableAssert'
16:43:24.538 [Test worker] DEBUG com.tngtech.archunit.core.importer.JavaClassProcessor - Processing class 'com/tngtech/archunit/junit/CacheMode'
16:43:24.546 [Test worker] DEBUG com.tngtech.archunit.core.importer.JavaClassProcessor - Processing class 'org/assertj/core/api/AbstractCharSequenceAssert'
16:43:24.548 [Test worker] DEBUG com.tngtech.archunit.core.importer.JavaClassProcessor - Processing class 'java/lang/Error'
16:43:24.548 [Test worker] DEBUG com.tngtech.archunit.core.importer.JavaClassProcessor - Processing class 'java/util/concurrent/Callable'
16:43:24.548 [Test worker] DEBUG com.tngtech.archunit.core.importer.JavaClassProcessor - Processing class 'java/lang/invoke/TypeDescriptor$OfField'
16:43:24.548 [Test worker] DEBUG com.tngtech.archunit.core.importer.JavaClassProcessor - Processing class 'com/tngtech/archunit/PublicAPI$Usage'
16:43:24.548 [Test worker] DEBUG com.tngtech.archunit.core.importer.JavaClassProcessor - Processing class 'java/util/RandomAccess'
16:43:24.548 [Test worker] DEBUG com.tngtech.archunit.core.importer.JavaClassProcessor - Processing class 'org/assertj/core/api/FactoryBasedNavigableListAssert'
16:43:24.556 [Test worker] DEBUG com.tngtech.archunit.core.importer.JavaClassProcessor - Processing class 'org/assertj/core/api/AssertDelegateTarget'
16:43:24.556 [Test worker] DEBUG com.tngtech.archunit.core.importer.JavaClassProcessor - Processing class 'java/lang/StackTraceElement'
16:43:24.556 [Test worker] DEBUG com.tngtech.archunit.core.importer.JavaClassProcessor - Processing class 'java/lang/Number'
16:43:24.558 [Test worker] DEBUG com.tngtech.archunit.core.importer.JavaClassProcessor - Processing class 'java/util/LinkedHashSet'
16:43:24.558 [Test worker] DEBUG com.tngtech.archunit.core.importer.JavaClassProcessor - Processing class 'java/io/Flushable'
16:43:24.558 [Test worker] DEBUG com.tngtech.archunit.core.importer.JavaClassProcessor - Processing class 'java/io/DataOutput'
16:43:24.558 [Test worker] DEBUG com.tngtech.archunit.core.importer.JavaClassProcessor - Processing class 'java/util/Map$Entry'
16:43:24.558 [Test worker] DEBUG com.tngtech.archunit.core.importer.JavaClassProcessor - Processing class 'java/lang/SafeVarargs'
16:43:24.558 [Test worker] DEBUG com.tngtech.archunit.core.importer.JavaClassProcessor - Processing class 'java/util/stream/LongStream'
16:43:24.558 [Test worker] DEBUG com.tngtech.archunit.core.importer.JavaClassProcessor - Processing class 'org/junit/jupiter/params/provider/MethodArgumentsProvider'
16:43:24.558 [Test worker] DEBUG com.tngtech.archunit.core.importer.JavaClassProcessor - Processing class 'java/util/concurrent/Executor'
16:43:24.558 [Test worker] DEBUG com.tngtech.archunit.core.importer.JavaClassProcessor - Processing class 'org/mockito/NotExtensible'
16:43:24.558 [Test worker] DEBUG com.tngtech.archunit.core.importer.JavaClassProcessor - Processing class 'java/net/spi/URLStreamHandlerProvider'
16:43:24.566 [Test worker] DEBUG com.tngtech.archunit.core.importer.JavaClassProcessor - Processing class 'org/mockito/MockSettings'
16:43:24.568 [Test worker] DEBUG com.tngtech.archunit.core.importer.JavaClassProcessor - Processing class 'java/lang/annotation/Target'
16:43:24.568 [Test worker] DEBUG com.tngtech.archunit.core.importer.JavaClassProcessor - Processing class 'java/lang/RuntimeException'
16:43:24.568 [Test worker] DEBUG com.tngtech.archunit.core.importer.JavaClassProcessor - Processing class 'java/lang/reflect/Field'
16:43:24.568 [Test worker] DEBUG com.tngtech.archunit.core.importer.JavaClassProcessor - Processing class 'java/util/stream/Collector$Characteristics'
16:43:24.568 [Test worker] DEBUG com.tngtech.archunit.core.importer.JavaClassProcessor - Processing class 'org/assertj/core/api/NumberAssert'
16:43:24.576 [Test worker] DEBUG com.tngtech.archunit.core.importer.JavaClassProcessor - Processing class 'java/lang/constant/Constable'
16:43:24.576 [Test worker] DEBUG com.tngtech.archunit.core.importer.JavaClassProcessor - Processing class 'java/security/Provider$Service'
16:43:24.576 [Test worker] DEBUG com.tngtech.archunit.core.importer.JavaClassProcessor - Processing class 'org/assertj/core/api/Condition'
16:43:24.588 [Test worker] DEBUG com.tngtech.archunit.core.importer.JavaClassProcessor - Processing class 'org/mockito/CheckReturnValue'
16:43:24.596 [Test worker] DEBUG com.tngtech.archunit.core.importer.JavaClassProcessor - Processing class 'java/lang/Comparable'
16:43:24.596 [Test worker] DEBUG com.tngtech.archunit.core.importer.JavaClassProcessor - Processing class 'java/time/temporal/TemporalAdjuster'
16:43:24.598 [Test worker] DEBUG com.tngtech.archunit.core.importer.JavaClassProcessor - Processing class 'jdk/internal/vm/annotation/Contended'
16:43:24.598 [Test worker] DEBUG com.tngtech.archunit.core.importer.JavaClassProcessor - Processing class 'com/tngtech/archunit/core/importer/ImportOption'
16:43:24.598 [Test worker] DEBUG com.tngtech.archunit.core.importer.JavaClassProcessor - Processing class 'org/assertj/core/api/AbstractAssert'
16:43:24.607 [Test worker] DEBUG com.tngtech.archunit.core.importer.JavaClassProcessor - Processing class 'java/util/AbstractList'
16:43:24.609 [Test worker] DEBUG com.tngtech.archunit.core.importer.JavaClassProcessor - Processing class 'java/lang/AutoCloseable'
16:43:24.609 [Test worker] DEBUG com.tngtech.archunit.core.importer.JavaClassProcessor - Processing class 'org/mockito/MockedConstruction$Context'
16:43:24.609 [Test worker] DEBUG com.tngtech.archunit.core.importer.JavaClassProcessor - Processing class 'com/tngtech/archunit/core/domain/properties/CanOverrideDescription'
16:43:24.609 [Test worker] DEBUG com.tngtech.archunit.core.importer.JavaClassProcessor - Processing class 'java/util/Locale'
16:43:24.617 [Test worker] DEBUG com.tngtech.archunit.core.importer.JavaClassProcessor - Processing class 'java/lang/Short'
16:43:24.619 [Test worker] DEBUG com.tngtech.archunit.core.importer.JavaClassProcessor - Processing class 'jdk/internal/PreviewFeature'
16:43:24.619 [Test worker] DEBUG com.tngtech.archunit.core.importer.JavaClassProcessor - Processing class 'java/lang/annotation/Documented'
16:43:24.619 [Test worker] DEBUG com.tngtech.archunit.core.importer.JavaClassProcessor - Processing class 'com/tngtech/archunit/core/domain/JavaClass'
16:43:24.619 [Test worker] DEBUG com.tngtech.archunit.core.importer.JavaClassProcessor - Processing class 'java/security/spec/AlgorithmParameterSpec'
16:43:24.627 [Test worker] DEBUG com.tngtech.archunit.core.importer.JavaClassProcessor - Processing class 'java/lang/reflect/Method'
16:43:24.629 [Test worker] DEBUG com.tngtech.archunit.core.importer.JavaClassProcessor - Processing class 'java/text/DateFormat'
16:43:24.629 [Test worker] DEBUG com.tngtech.archunit.core.importer.JavaClassProcessor - Processing class 'org/assertj/core/util/VisibleForTesting'
16:43:24.629 [Test worker] DEBUG com.tngtech.archunit.core.importer.JavaClassProcessor - Processing class 'java/lang/Cloneable'
16:43:24.629 [Test worker] DEBUG com.tngtech.archunit.core.importer.JavaClassProcessor - Processing class 'java/lang/ThreadLocal'
16:43:24.629 [Test worker] DEBUG com.tngtech.archunit.core.importer.JavaClassProcessor - Processing class 'jdk/internal/vm/annotation/ForceInline'
16:43:24.629 [Test worker] DEBUG com.tngtech.archunit.core.importer.JavaClassProcessor - Processing class 'java/nio/file/attribute/PosixFilePermission'
16:43:24.637 [Test worker] DEBUG com.tngtech.archunit.core.importer.JavaClassProcessor - Processing class 'org/assertj/core/util/CanIgnoreReturnValue'
16:43:24.637 [Test worker] DEBUG com.tngtech.archunit.core.importer.JavaClassProcessor - Processing class 'java/util/Collection'
16:43:24.639 [Test worker] DEBUG com.tngtech.archunit.core.importer.JavaClassProcessor - Processing class 'java/nio/file/attribute/FileAttributeView'
16:43:24.639 [Test worker] DEBUG com.tngtech.archunit.core.importer.JavaClassProcessor - Processing class 'org/junitpioneer/jupiter/DefaultTimeZoneExtension'
16:43:24.639 [Test worker] DEBUG com.tngtech.archunit.core.importer.JavaClassProcessor - Processing class 'java/util/AbstractSequentialList'
16:43:24.639 [Test worker] DEBUG com.tngtech.archunit.core.importer.JavaClassProcessor - Processing class 'org/assertj/core/api/AbstractObjectArrayAssert'
16:43:24.649 [Test worker] DEBUG com.tngtech.archunit.core.importer.JavaClassProcessor - Processing class 'org/junitpioneer/jupiter/WritesDefaultTimeZone'
16:43:24.649 [Test worker] DEBUG com.tngtech.archunit.core.importer.JavaClassProcessor - Processing class 'java/util/stream/DoubleStream'
16:43:24.649 [Test worker] DEBUG com.tngtech.archunit.core.importer.JavaClassProcessor - Processing class 'java/net/URLStreamHandler'
16:43:24.657 [Test worker] DEBUG com.tngtech.archunit.core.importer.JavaClassProcessor - Processing class 'java/lang/Class$ReflectionData'
16:43:24.659 [Test worker] DEBUG com.tngtech.archunit.core.importer.JavaClassProcessor - Processing class 'java/lang/reflect/Type'
16:43:24.659 [Test worker] DEBUG com.tngtech.archunit.core.importer.JavaClassProcessor - Processing class 'jdk/internal/reflect/CallerSensitive'
16:43:24.659 [Test worker] DEBUG com.tngtech.archunit.core.importer.JavaClassProcessor - Processing class 'java/security/MessageDigestSpi'
16:43:24.659 [Test worker] DEBUG com.tngtech.archunit.core.importer.JavaClassProcessor - Processing class 'java/lang/annotation/Annotation'
16:43:24.659 [Test worker] DEBUG com.tngtech.archunit.core.importer.JavaClassProcessor - Processing class 'java/io/DataInput'
16:43:24.659 [Test worker] DEBUG com.tngtech.archunit.core.importer.JavaClassProcessor - Processing class 'org/junit/jupiter/params/provider/ArgumentsSource'
16:43:24.659 [Test worker] DEBUG com.tngtech.archunit.core.importer.JavaClassProcessor - Processing class 'java/time/temporal/Temporal'
16:43:24.659 [Test worker] DEBUG com.tngtech.archunit.core.importer.JavaClassProcessor - Processing class 'java/util/stream/IntStream'
16:43:24.659 [Test worker] DEBUG com.tngtech.archunit.core.importer.JavaClassProcessor - Processing class 'java/util/concurrent/AbstractExecutorService'
16:43:24.667 [Test worker] DEBUG com.tngtech.archunit.core.importer.JavaClassProcessor - Processing class 'com/tngtech/archunit/PublicAPI'
16:43:24.667 [Test worker] DEBUG com.tngtech.archunit.core.importer.JavaClassProcessor - Processing class 'java/time/temporal/TemporalUnit'
16:43:24.667 [Test worker] DEBUG com.tngtech.archunit.core.importer.JavaClassProcessor - Processing class 'java/util/AbstractSet'
16:43:24.669 [Test worker] DEBUG com.tngtech.archunit.core.importer.JavaClassProcessor - Processing class 'java/util/Deque'
16:43:24.669 [Test worker] DEBUG com.tngtech.archunit.core.importer.JavaClassProcessor - Processing class 'java/lang/annotation/Retention'
16:43:24.669 [Test worker] DEBUG com.tngtech.archunit.core.importer.JavaClassProcessor - Processing class 'java/util/concurrent/ConcurrentMap'
16:43:24.669 [Test worker] DEBUG com.tngtech.archunit.core.importer.JavaClassProcessor - Processing class 'java/lang/FunctionalInterface'
16:43:24.669 [Test worker] DEBUG com.tngtech.archunit.core.importer.JavaClassProcessor - Processing class 'java/io/FilterInputStream'
16:43:24.669 [Test worker] DEBUG com.tngtech.archunit.core.importer.JavaClassProcessor - Processing class 'org/junit/jupiter/api/TestTemplate'
16:43:24.669 [Test worker] DEBUG com.tngtech.archunit.core.importer.JavaClassProcessor - Processing class 'javax/crypto/Cipher$Transform'
16:43:24.669 [Test worker] DEBUG com.tngtech.archunit.core.importer.JavaClassProcessor - Processing class 'org/assertj/core/description/Description'
16:43:24.669 [Test worker] DEBUG com.tngtech.archunit.core.importer.JavaClassProcessor - Processing class 'java/lang/constant/ConstantDesc'
16:43:24.669 [Test worker] DEBUG com.tngtech.archunit.core.importer.JavaClassProcessor - Processing class 'jdk/internal/HotSpotIntrinsicCandidate'
16:43:24.669 [Test worker] DEBUG com.tngtech.archunit.core.importer.JavaClassProcessor - Processing class 'java/lang/AbstractStringBuilder'
16:43:24.677 [Test worker] DEBUG com.tngtech.archunit.core.importer.JavaClassProcessor - Processing class 'java/lang/ref/WeakReference'
16:43:24.679 [Test worker] DEBUG com.tngtech.archunit.core.importer.JavaClassProcessor - Processing class 'java/util/LongSummaryStatistics'
16:43:24.679 [Test worker] DEBUG com.tngtech.archunit.core.importer.JavaClassProcessor - Processing class 'java/lang/reflect/GenericDeclaration'
16:43:24.679 [Test worker] DEBUG com.tngtech.archunit.core.importer.JavaClassProcessor - Processing class 'jdk/internal/vm/annotation/Stable'
16:43:24.679 [Test worker] DEBUG com.tngtech.archunit.core.importer.JavaClassProcessor - Processing class 'java/nio/file/OpenOption'
16:43:24.679 [Test worker] DEBUG com.tngtech.archunit.core.importer.JavaClassProcessor - Processing class 'org/assertj/core/api/AbstractObjectAssert'
16:43:24.679 [Test worker] DEBUG com.tngtech.archunit.core.importer.JavaClassProcessor - Processing class 'org/junit/jupiter/params/ParameterizedTestExtension'
16:43:24.687 [Test worker] DEBUG com.tngtech.archunit.core.importer.JavaClassProcessor - Processing class 'java/lang/annotation/ElementType'
16:43:24.689 [Test worker] DEBUG com.tngtech.archunit.core.importer.JavaClassProcessor - Processing class 'java/nio/file/attribute/BasicFileAttributes'
16:43:24.689 [Test worker] DEBUG com.tngtech.archunit.core.importer.JavaClassProcessor - Processing class 'java/util/AbstractMap'
16:43:24.689 [Test worker] DEBUG com.tngtech.archunit.core.importer.JavaClassProcessor - Processing class 'java/nio/file/FileVisitOption'
16:43:24.689 [Test worker] DEBUG com.tngtech.archunit.core.importer.JavaClassProcessor - Processing class 'java/lang/constant/ClassDesc'
16:43:24.689 [Test worker] DEBUG com.tngtech.archunit.core.importer.JavaClassProcessor - Processing class 'java/util/stream/BaseStream'
16:43:24.689 [Test worker] DEBUG com.tngtech.archunit.core.importer.JavaClassProcessor - Processing class 'java/util/IntSummaryStatistics'
16:43:24.689 [Test worker] DEBUG com.tngtech.archunit.core.importer.JavaClassProcessor - Processing class 'java/lang/annotation/RetentionPolicy'
16:43:24.689 [Test worker] DEBUG com.tngtech.archunit.core.importer.JavaClassProcessor - Processing class 'org/assertj/core/api/AbstractOffsetTimeAssert'
16:43:24.689 [Test worker] DEBUG com.tngtech.archunit.core.importer.JavaClassProcessor - Processing class 'java/text/Format'
16:43:24.697 [Test worker] DEBUG com.tngtech.archunit.core.importer.JavaClassProcessor - Processing class 'com/tngtech/archunit/core/domain/properties/HasType'
16:43:24.699 [Test worker] DEBUG com.tngtech.archunit.core.importer.JavaClassProcessor - Processing class 'java/time/ZonedDateTime'
16:43:24.699 [Test worker] DEBUG com.tngtech.archunit.core.importer.JavaClassProcessor - Processing class 'java/lang/annotation/Inherited'
16:43:24.699 [Test worker] DEBUG com.tngtech.archunit.core.importer.JavaClassProcessor - Processing class 'org/assertj/core/api/AbstractInputStreamAssert'
16:43:24.699 [Test worker] DEBUG com.tngtech.archunit.core.importer.JavaClassProcessor - Processing class 'org/assertj/core/api/AtomicMarkableReferenceAssert'
16:43:24.707 [Test worker] DEBUG com.tngtech.archunit.core.importer.JavaClassProcessor - Processing class 'java/util/function/DoubleConsumer'
16:43:24.707 [Test worker] DEBUG com.tngtech.archunit.core.importer.JavaClassProcessor - Processing class 'java/time/Duration'
16:43:24.709 [Test worker] DEBUG com.tngtech.archunit.core.importer.JavaClassProcessor - Processing class 'java/util/stream/Collector'
16:43:24.709 [Test worker] DEBUG com.tngtech.archunit.core.importer.JavaClassProcessor - Processing class 'org/assertj/core/api/AbstractShortAssert'
16:43:24.709 [Test worker] DEBUG com.tngtech.archunit.core.importer.JavaClassProcessor - Processing class 'org/assertj/core/api/AtomicIntegerAssert'
16:43:24.717 [Test worker] DEBUG com.tngtech.archunit.core.importer.JavaClassProcessor - Processing class 'java/util/concurrent/atomic/AtomicIntegerArray'
16:43:24.719 [Test worker] DEBUG com.tngtech.archunit.core.importer.JavaClassProcessor - Processing class 'com/tngtech/archunit/core/domain/JavaCodeUnitAccess'
16:43:24.719 [Test worker] DEBUG com.tngtech.archunit.core.importer.JavaClassProcessor - Processing class 'com/tngtech/archunit/core/domain/JavaCall'
16:43:24.719 [Test worker] DEBUG com.tngtech.archunit.core.importer.JavaClassProcessor - Processing class 'java/lang/reflect/Member'
16:43:24.719 [Test worker] DEBUG com.tngtech.archunit.core.importer.JavaClassProcessor - Processing class 'org/assertj/core/api/AbstractBigIntegerAssert'
16:43:24.719 [Test worker] DEBUG com.tngtech.archunit.core.importer.JavaClassProcessor - Processing class 'com/tngtech/archunit/core/domain/JavaEnumConstant'
16:43:24.719 [Test worker] DEBUG com.tngtech.archunit.core.importer.JavaClassProcessor - Processing class 'java/util/concurrent/CompletionStage'
16:43:24.719 [Test worker] DEBUG com.tngtech.archunit.core.importer.JavaClassProcessor - Processing class 'org/assertj/core/api/AbstractByteAssert'
16:43:24.729 [Test worker] DEBUG com.tngtech.archunit.core.importer.JavaClassProcessor - Processing class 'com/tngtech/archunit/core/domain/JavaConstructorReference'
16:43:24.729 [Test worker] DEBUG com.tngtech.archunit.core.importer.JavaClassProcessor - Processing class 'com/tngtech/archunit/PublicAPI$State'
16:43:24.729 [Test worker] DEBUG com.tngtech.archunit.core.importer.JavaClassProcessor - Processing class 'org/assertj/core/annotations/Beta'
16:43:24.729 [Test worker] DEBUG com.tngtech.archunit.core.importer.JavaClassProcessor - Processing class 'java/time/LocalDateTime'
16:43:24.729 [Test worker] DEBUG com.tngtech.archunit.core.importer.JavaClassProcessor - Processing class 'org/assertj/core/api/IteratorAssert'
16:43:24.737 [Test worker] DEBUG com.tngtech.archunit.core.importer.JavaClassProcessor - Processing class 'com/tngtech/archunit/base/ResolvesTypesViaReflection'
16:43:24.737 [Test worker] DEBUG com.tngtech.archunit.core.importer.JavaClassProcessor - Processing class 'java/time/temporal/TemporalAccessor'
16:43:24.740 [Test worker] DEBUG com.tngtech.archunit.core.importer.JavaClassProcessor - Processing class 'java/util/OptionalLong'
16:43:24.740 [Test worker] DEBUG com.tngtech.archunit.core.importer.JavaClassProcessor - Processing class 'org/assertj/core/api/Double2DArrayAssert'
16:43:24.740 [Test worker] DEBUG com.tngtech.archunit.core.importer.JavaClassProcessor - Processing class 'java/lang/StringBuffer'
16:43:24.740 [Test worker] DEBUG com.tngtech.archunit.core.importer.JavaClassProcessor - Processing class 'com/tngtech/archunit/core/domain/properties/HasAnnotations'
16:43:24.740 [Test worker] DEBUG com.tngtech.archunit.core.importer.JavaClassProcessor - Processing class 'org/assertj/core/api/AbstractLocalTimeAssert'
16:43:24.750 [Test worker] DEBUG com.tngtech.archunit.core.importer.JavaClassProcessor - Processing class 'java/math/BigDecimal$StringBuilderHelper'
16:43:24.750 [Test worker] DEBUG com.tngtech.archunit.core.importer.JavaClassProcessor - Processing class 'org/assertj/core/api/AtomicReferenceAssert'
16:43:24.750 [Test worker] DEBUG com.tngtech.archunit.core.importer.JavaClassProcessor - Processing class 'org/assertj/core/api/AtomicIntegerArrayAssert'
16:43:24.758 [Test worker] DEBUG com.tngtech.archunit.core.importer.JavaClassProcessor - Processing class 'org/junit/jupiter/params/provider/ArgumentsSources'
16:43:24.760 [Test worker] DEBUG com.tngtech.archunit.core.importer.JavaClassProcessor - Processing class 'org/assertj/core/api/AbstractUriAssert'
16:43:24.760 [Test worker] DEBUG com.tngtech.archunit.core.importer.JavaClassProcessor - Processing class 'com/tngtech/archunit/core/domain/JavaConstructorCall'
16:43:24.760 [Test worker] DEBUG com.tngtech.archunit.core.importer.JavaClassProcessor - Processing class 'org/assertj/core/api/Object2DArrayAssert'
16:43:24.760 [Test worker] DEBUG com.tngtech.archunit.core.importer.JavaClassProcessor - Processing class 'org/assertj/core/api/Short2DArrayAssert'
16:43:24.768 [Test worker] DEBUG com.tngtech.archunit.core.importer.JavaClassProcessor - Processing class 'org/junit/jupiter/api/extension/BeforeEachCallback'
16:43:24.770 [Test worker] DEBUG com.tngtech.archunit.core.importer.JavaClassProcessor - Processing class 'org/assertj/core/api/IndexedObjectEnumerableAssert'
16:43:24.770 [Test worker] DEBUG com.tngtech.archunit.core.importer.JavaClassProcessor - Processing class 'java/util/concurrent/locks/AbstractQueuedSynchronizer'
16:43:24.778 [Test worker] DEBUG com.tngtech.archunit.core.importer.JavaClassProcessor - Processing class 'org/assertj/core/api/PredicateAssert'
16:43:24.778 [Test worker] DEBUG com.tngtech.archunit.core.importer.JavaClassProcessor - Processing class 'java/util/AbstractCollection'
16:43:24.780 [Test worker] DEBUG com.tngtech.archunit.core.importer.JavaClassProcessor - Processing class 'org/junit/jupiter/api/extension/AfterEachCallback'
16:43:24.780 [Test worker] DEBUG com.tngtech.archunit.core.importer.JavaClassProcessor - Processing class 'java/util/concurrent/atomic/AtomicInteger'
16:43:24.780 [Test worker] DEBUG com.tngtech.archunit.core.importer.JavaClassProcessor - Processing class 'org/assertj/core/api/AbstractIntArrayAssert'
16:43:24.790 [Test worker] DEBUG com.tngtech.archunit.core.importer.JavaClassProcessor - Processing class 'org/assertj/core/api/AbstractUrlAssert'
16:43:24.790 [Test worker] DEBUG com.tngtech.archunit.core.importer.JavaClassProcessor - Processing class 'com/tngtech/archunit/base/MayResolveTypesViaReflection'
16:43:24.790 [Test worker] DEBUG com.tngtech.archunit.core.importer.JavaClassProcessor - Processing class 'java/util/function/LongPredicate'
16:43:24.790 [Test worker] DEBUG com.tngtech.archunit.core.importer.JavaClassProcessor - Processing class 'org/assertj/core/api/MapAssert'
16:43:24.790 [Test worker] DEBUG com.tngtech.archunit.core.importer.JavaClassProcessor - Processing class 'javax/security/auth/Destroyable'
16:43:24.790 [Test worker] DEBUG com.tngtech.archunit.core.importer.JavaClassProcessor - Processing class 'java/util/concurrent/atomic/AtomicReferenceFieldUpdater'
16:43:24.798 [Test worker] DEBUG com.tngtech.archunit.core.importer.JavaClassProcessor - Processing class 'java/util/Locale$LanguageRange'
16:43:24.800 [Test worker] DEBUG com.tngtech.archunit.core.importer.JavaClassProcessor - Processing class 'com/tngtech/archunit/core/domain/properties/HasName$AndFullName'
16:43:24.800 [Test worker] DEBUG com.tngtech.archunit.core.importer.JavaClassProcessor - Processing class 'org/assertj/core/api/OptionalDoubleAssert'
16:43:24.800 [Test worker] DEBUG com.tngtech.archunit.core.importer.JavaClassProcessor - Processing class 'java/net/URLStreamHandlerFactory'
16:43:24.800 [Test worker] DEBUG com.tngtech.archunit.core.importer.JavaClassProcessor - Processing class 'java/security/Provider'
16:43:24.810 [Test worker] DEBUG com.tngtech.archunit.core.importer.JavaClassProcessor - Processing class 'java/lang/constant/DynamicConstantDesc'
16:43:24.818 [Test worker] DEBUG com.tngtech.archunit.core.importer.JavaClassProcessor - Processing class 'java/security/Key'
16:43:24.820 [Test worker] DEBUG com.tngtech.archunit.core.importer.JavaClassProcessor - Processing class 'com/tngtech/archunit/core/domain/JavaMethodReference'
16:43:24.820 [Test worker] DEBUG com.tngtech.archunit.core.importer.JavaClassProcessor - Processing class 'java/lang/ref/Reference'
16:43:24.820 [Test worker] DEBUG com.tngtech.archunit.core.importer.JavaClassProcessor - Processing class 'org/assertj/core/api/AtomicStampedReferenceAssert'
16:43:24.820 [Test worker] DEBUG com.tngtech.archunit.core.importer.JavaClassProcessor - Processing class 'org/assertj/core/api/Char2DArrayAssert'
16:43:24.830 [Test worker] DEBUG com.tngtech.archunit.core.importer.JavaClassProcessor - Processing class 'org/assertj/core/api/OptionalAssert'
16:43:24.830 [Test worker] DEBUG com.tngtech.archunit.core.importer.JavaClassProcessor - Processing class 'java/time/LocalDate'
16:43:24.830 [Test worker] DEBUG com.tngtech.archunit.core.importer.JavaClassProcessor - Processing class 'java/util/Queue'
16:43:24.838 [Test worker] DEBUG com.tngtech.archunit.core.importer.JavaClassProcessor - Processing class 'java/util/Spliterator'
16:43:24.840 [Test worker] DEBUG com.tngtech.archunit.core.importer.JavaClassProcessor - Processing class 'java/util/concurrent/atomic/AtomicLongArray'
16:43:24.840 [Test worker] DEBUG com.tngtech.archunit.core.importer.JavaClassProcessor - Processing class 'org/assertj/core/api/IntPredicateAssert'
16:43:24.840 [Test worker] DEBUG com.tngtech.archunit.core.importer.JavaClassProcessor - Processing class 'java/util/concurrent/atomic/AtomicStampedReference'
16:43:24.840 [Test worker] DEBUG com.tngtech.archunit.core.importer.JavaClassProcessor - Processing class 'com/tngtech/archunit/core/domain/JavaMethod'
16:43:24.840 [Test worker] DEBUG com.tngtech.archunit.core.importer.JavaClassProcessor - Processing class 'com/tngtech/archunit/core/domain/JavaAnnotation'
16:43:24.850 [Test worker] DEBUG com.tngtech.archunit.core.importer.JavaClassProcessor - Processing class 'org/assertj/core/api/AbstractOffsetDateTimeAssert'
16:43:24.850 [Test worker] DEBUG com.tngtech.archunit.core.importer.JavaClassProcessor - Processing class 'java/util/OptionalDouble'
16:43:24.850 [Test worker] DEBUG com.tngtech.archunit.core.importer.JavaClassProcessor - Processing class 'java/util/concurrent/atomic/AtomicBoolean'
16:43:24.850 [Test worker] DEBUG com.tngtech.archunit.core.importer.JavaClassProcessor - Processing class 'java/util/concurrent/CompletableFuture'
16:43:24.858 [Test worker] DEBUG com.tngtech.archunit.core.importer.JavaClassProcessor - Processing class 'org/assertj/core/api/AbstractPathAssert'
16:43:24.869 [Test worker] DEBUG com.tngtech.archunit.core.importer.JavaClassProcessor - Processing class 'java/util/OptionalInt'
16:43:24.871 [Test worker] DEBUG com.tngtech.archunit.core.importer.JavaClassProcessor - Processing class 'com/tngtech/archunit/core/domain/properties/HasSourceCodeLocation'
16:43:24.871 [Test worker] DEBUG com.tngtech.archunit.core.importer.JavaClassProcessor - Processing class 'org/assertj/core/api/AbstractFloatAssert'
16:43:24.871 [Test worker] DEBUG com.tngtech.archunit.core.importer.JavaClassProcessor - Processing class 'org/junit/jupiter/api/extension/Extensions'
16:43:24.871 [Test worker] DEBUG com.tngtech.archunit.core.importer.JavaClassProcessor - Processing class 'java/lang/annotation/Repeatable'
16:43:24.879 [Test worker] DEBUG com.tngtech.archunit.core.importer.JavaClassProcessor - Processing class 'org/assertj/core/api/ArraySortedAssert'
16:43:24.881 [Test worker] DEBUG com.tngtech.archunit.core.importer.JavaClassProcessor - Processing class 'com/tngtech/archunit/core/domain/JavaAccess'
16:43:24.881 [Test worker] DEBUG com.tngtech.archunit.core.importer.JavaClassProcessor - Processing class 'org/assertj/core/api/OptionalLongAssert'
16:43:24.881 [Test worker] DEBUG com.tngtech.archunit.core.importer.JavaClassProcessor - Processing class 'java/time/Period'
16:43:24.881 [Test worker] DEBUG com.tngtech.archunit.core.importer.JavaClassProcessor - Processing class 'org/assertj/core/api/DoublePredicateAssert'
16:43:24.889 [Test worker] DEBUG com.tngtech.archunit.core.importer.JavaClassProcessor - Processing class 'org/assertj/core/groups/Tuple'
16:43:24.891 [Test worker] DEBUG com.tngtech.archunit.core.importer.JavaClassProcessor - Processing class 'com/tngtech/archunit/core/domain/ReferencedClassObject'
16:43:24.891 [Test worker] DEBUG com.tngtech.archunit.core.importer.JavaClassProcessor - Processing class 'java/lang/Appendable'
16:43:24.891 [Test worker] DEBUG com.tngtech.archunit.core.importer.JavaClassProcessor - Processing class 'org/assertj/core/api/CompletableFutureAssert'
16:43:24.891 [Test worker] DEBUG com.tngtech.archunit.core.importer.JavaClassProcessor - Processing class 'com/tngtech/archunit/core/domain/InstanceofCheck'
16:43:24.891 [Test worker] DEBUG com.tngtech.archunit.core.importer.JavaClassProcessor - Processing class 'java/util/function/LongConsumer'
16:43:24.891 [Test worker] DEBUG com.tngtech.archunit.core.importer.JavaClassProcessor - Processing class 'org/assertj/core/api/AbstractCharacterAssert'
16:43:24.899 [Test worker] DEBUG com.tngtech.archunit.core.importer.JavaClassProcessor - Processing class 'org/assertj/core/api/AbstractCharArrayAssert'
16:43:24.901 [Test worker] DEBUG com.tngtech.archunit.core.importer.JavaClassProcessor - Processing class 'java/util/function/DoublePredicate'
16:43:24.901 [Test worker] DEBUG com.tngtech.archunit.core.importer.JavaClassProcessor - Processing class 'java/util/Comparator'
16:43:24.901 [Test worker] DEBUG com.tngtech.archunit.core.importer.JavaClassProcessor - Processing class 'org/assertj/core/api/LongPredicateAssert'
16:43:24.901 [Test worker] DEBUG com.tngtech.archunit.core.importer.JavaClassProcessor - Processing class 'org/assertj/core/api/AbstractPeriodAssert'
16:43:24.901 [Test worker] DEBUG com.tngtech.archunit.core.importer.JavaClassProcessor - Processing class 'com/tngtech/archunit/core/domain/JavaFieldAccess'
16:43:24.901 [Test worker] DEBUG com.tngtech.archunit.core.importer.JavaClassProcessor - Processing class 'com/tngtech/archunit/core/domain/JavaModifier'
16:43:24.901 [Test worker] DEBUG com.tngtech.archunit.core.importer.JavaClassProcessor - Processing class 'com/tngtech/archunit/core/domain/Dependency'
16:43:24.911 [Test worker] DEBUG com.tngtech.archunit.core.importer.JavaClassProcessor - Processing class 'com/tngtech/archunit/core/domain/JavaMember'
16:43:24.911 [Test worker] DEBUG com.tngtech.archunit.core.importer.JavaClassProcessor - Processing class 'org/assertj/core/api/AbstractZonedDateTimeAssert'
16:43:24.911 [Test worker] DEBUG com.tngtech.archunit.core.importer.JavaClassProcessor - Processing class 'org/assertj/core/api/LongAdderAssert'
16:43:24.911 [Test worker] DEBUG com.tngtech.archunit.core.importer.JavaClassProcessor - Processing class 'org/assertj/core/api/AbstractLocalDateTimeAssert'
16:43:24.919 [Test worker] DEBUG com.tngtech.archunit.core.importer.JavaClassProcessor - Processing class 'java/util/concurrent/atomic/AtomicReferenceArray'
16:43:24.921 [Test worker] DEBUG com.tngtech.archunit.core.importer.JavaClassProcessor - Processing class 'com/tngtech/archunit/Internal'
16:43:24.921 [Test worker] DEBUG com.tngtech.archunit.core.importer.JavaClassProcessor - Processing class 'org/assertj/core/api/OptionalIntAssert'
16:43:24.921 [Test worker] DEBUG com.tngtech.archunit.core.importer.JavaClassProcessor - Processing class 'java/lang/Character'
16:43:24.921 [Test worker] DEBUG com.tngtech.archunit.core.importer.JavaClassProcessor - Processing class 'org/assertj/core/api/AbstractInstantAssert'
16:43:24.921 [Test worker] DEBUG com.tngtech.archunit.core.importer.JavaClassProcessor - Processing class 'java/lang/reflect/Executable'
16:43:24.931 [Test worker] DEBUG com.tngtech.archunit.core.importer.JavaClassProcessor - Processing class 'org/junit/jupiter/api/parallel/ResourceAccessMode'
16:43:24.931 [Test worker] DEBUG com.tngtech.archunit.core.importer.JavaClassProcessor - Processing class 'java/lang/invoke/TypeDescriptor'
16:43:24.931 [Test worker] DEBUG com.tngtech.archunit.core.importer.JavaClassProcessor - Processing class 'org/mockito/MockedConstruction'
16:43:24.931 [Test worker] DEBUG com.tngtech.archunit.core.importer.JavaClassProcessor - Processing class 'com/tngtech/archunit/core/domain/ThrowsDeclaration'
16:43:24.931 [Test worker] DEBUG com.tngtech.archunit.core.importer.JavaClassProcessor - Processing class 'com/tngtech/archunit/core/domain/JavaCodeUnitReference'
16:43:24.931 [Test worker] DEBUG com.tngtech.archunit.core.importer.JavaClassProcessor - Processing class 'com/tngtech/archunit/core/domain/JavaMethodCall'
16:43:24.931 [Test worker] DEBUG com.tngtech.archunit.core.importer.JavaClassProcessor - Processing class 'org/assertj/core/api/ClassAssert'
16:43:24.939 [Test worker] DEBUG com.tngtech.archunit.core.importer.JavaClassProcessor - Processing class 'org/junit/jupiter/api/parallel/ResourceLock'
16:43:24.939 [Test worker] DEBUG com.tngtech.archunit.core.importer.JavaClassProcessor - Processing class 'org/assertj/core/api/Float2DArrayAssert'
16:43:24.941 [Test worker] DEBUG com.tngtech.archunit.core.importer.JavaClassProcessor - Processing class 'java/util/concurrent/atomic/AtomicIntegerFieldUpdater'
16:43:24.941 [Test worker] DEBUG com.tngtech.archunit.core.importer.JavaClassProcessor - Processing class 'org/assertj/core/api/Assert'
16:43:24.941 [Test worker] DEBUG com.tngtech.archunit.core.importer.JavaClassProcessor - Processing class 'com/tngtech/archunit/core/domain/JavaType'
16:43:24.941 [Test worker] DEBUG com.tngtech.archunit.core.importer.JavaClassProcessor - Processing class 'com/tngtech/archunit/base/HasDescription'
16:43:24.941 [Test worker] DEBUG com.tngtech.archunit.core.importer.JavaClassProcessor - Processing class 'org/assertj/core/api/AbstractFloatArrayAssert'
16:43:24.949 [Test worker] DEBUG com.tngtech.archunit.core.importer.JavaClassProcessor - Processing class 'com/tngtech/archunit/core/domain/JavaTypeVariable'
16:43:24.951 [Test worker] DEBUG com.tngtech.archunit.core.importer.JavaClassProcessor - Processing class 'com/tngtech/archunit/core/domain/JavaConstructor'
16:43:24.951 [Test worker] DEBUG com.tngtech.archunit.core.importer.JavaClassProcessor - Processing class 'org/assertj/core/api/AbstractCollectionAssert'
16:43:24.951 [Test worker] DEBUG com.tngtech.archunit.core.importer.JavaClassProcessor - Processing class 'org/junit/jupiter/params/provider/ArgumentsProvider'
16:43:24.951 [Test worker] DEBUG com.tngtech.archunit.core.importer.JavaClassProcessor - Processing class 'org/assertj/core/api/IterableAssert'
16:43:24.959 [Test worker] DEBUG com.tngtech.archunit.core.importer.JavaClassProcessor - Processing class 'org/assertj/core/api/AtomicBooleanAssert'
16:43:24.961 [Test worker] DEBUG com.tngtech.archunit.core.importer.JavaClassProcessor - Processing class 'org/assertj/core/api/AbstractListAssert'
16:43:24.961 [Test worker] DEBUG com.tngtech.archunit.core.importer.JavaClassProcessor - Processing class 'com/tngtech/archunit/core/importer/Location'
16:43:24.961 [Test worker] DEBUG com.tngtech.archunit.core.importer.JavaClassProcessor - Processing class 'java/util/concurrent/atomic/AtomicLongFieldUpdater'
16:43:24.970 [Test worker] DEBUG com.tngtech.archunit.core.importer.JavaClassProcessor - Processing class 'org/assertj/core/api/AtomicLongAssert'
16:43:24.972 [Test worker] DEBUG com.tngtech.archunit.core.importer.JavaClassProcessor - Processing class 'org/assertj/core/api/Long2DArrayAssert'
16:43:24.972 [Test worker] DEBUG com.tngtech.archunit.core.importer.JavaClassProcessor - Processing class 'org/junit/jupiter/api/extension/TestTemplateInvocationContext'
16:43:24.972 [Test worker] DEBUG com.tngtech.archunit.core.importer.JavaClassProcessor - Processing class 'org/assertj/core/api/AbstractDoubleArrayAssert'
16:43:24.980 [Test worker] DEBUG com.tngtech.archunit.core.importer.JavaClassProcessor - Processing class 'org/assertj/core/api/AbstractEnumerableAssert'
16:43:24.982 [Test worker] DEBUG com.tngtech.archunit.core.importer.JavaClassProcessor - Processing class 'org/assertj/core/api/AtomicLongArrayAssert'
16:43:24.982 [Test worker] DEBUG com.tngtech.archunit.core.importer.JavaClassProcessor - Processing class 'java/util/function/IntConsumer'
16:43:24.982 [Test worker] DEBUG com.tngtech.archunit.core.importer.JavaClassProcessor - Processing class 'java/util/function/IntPredicate'
16:43:24.982 [Test worker] DEBUG com.tngtech.archunit.core.importer.JavaClassProcessor - Processing class 'org/junit/jupiter/api/extension/Extension'
16:43:24.982 [Test worker] DEBUG com.tngtech.archunit.core.importer.JavaClassProcessor - Processing class 'org/assertj/core/api/AtomicLongFieldUpdaterAssert'
16:43:24.982 [Test worker] DEBUG com.tngtech.archunit.core.importer.JavaClassProcessor - Processing class 'org/assertj/core/api/Descriptable'
16:43:24.982 [Test worker] DEBUG com.tngtech.archunit.core.importer.JavaClassProcessor - Processing class 'java/time/LocalTime'
16:43:24.982 [Test worker] DEBUG com.tngtech.archunit.core.importer.JavaClassProcessor - Processing class 'java/net/URI'
16:43:24.992 [Test worker] DEBUG com.tngtech.archunit.core.importer.JavaClassProcessor - Processing class 'org/junit/jupiter/params/support/AnnotationConsumer'
16:43:24.992 [Test worker] DEBUG com.tngtech.archunit.core.importer.JavaClassProcessor - Processing class 'org/assertj/core/api/AbstractLongArrayAssert'
16:43:24.992 [Test worker] DEBUG com.tngtech.archunit.core.importer.JavaClassProcessor - Processing class 'java/time/OffsetTime'
16:43:25.000 [Test worker] DEBUG com.tngtech.archunit.core.importer.JavaClassProcessor - Processing class 'java/util/function/Predicate'
16:43:25.002 [Test worker] DEBUG com.tngtech.archunit.core.importer.JavaClassProcessor - Processing class 'java/util/concurrent/atomic/AtomicMarkableReference'
[...]
16:43:25.810 [Test worker] DEBUG com.tngtech.archunit.core.importer.JavaClassProcessor - Processing class 'org/apache/commons/io/filefilter/IOFileFilter'
16:43:25.810 [Test worker] DEBUG com.tngtech.archunit.core.importer.JavaClassProcessor - Processing class 'org/apache/commons/io/LineIterator'
16:43:25.818 [Test worker] DEBUG com.tngtech.archunit.core.importer.JavaClassProcessor - Processing class 'org/apache/commons/io/file/AccumulatorPathVisitor'
16:43:25.818 [Test worker] DEBUG com.tngtech.archunit.core.importer.JavaClassProcessor - Processing class 'org/apache/commons/io/FileExistsException'
16:43:25.818 [Test worker] DEBUG com.tngtech.archunit.core.importer.JavaClassProcessor - Processing class 'java/io/BufferedOutputStream'
16:43:25.818 [Test worker] DEBUG com.tngtech.archunit.core.importer.JavaClassProcessor - Processing class 'org/apache/commons/io/function/IOConsumer'
16:43:25.818 [Test worker] DEBUG com.tngtech.archunit.core.importer.JavaClassProcessor - Processing class 'java/net/HttpURLConnection'
16:43:25.818 [Test worker] DEBUG com.tngtech.archunit.core.importer.JavaClassProcessor - Processing class 'java/nio/channels/Selector'
16:43:25.818 [Test worker] DEBUG com.tngtech.archunit.core.importer.JavaClassProcessor - Processing class 'java/net/ServerSocket'
16:43:25.818 [Test worker] DEBUG com.tngtech.archunit.core.importer.JavaClassProcessor - Processing class 'java/net/Socket'
16:43:25.818 [Test worker] DEBUG com.tngtech.archunit.core.importer.JavaClassProcessor - Processing class 'java/nio/channels/ReadableByteChannel'
16:43:25.828 [Test worker] DEBUG com.tngtech.archunit.core.importer.JavaClassProcessor - Processing class 'org/apache/commons/io/output/UnsynchronizedByteArrayOutputStream'
16:43:25.828 [Test worker] DEBUG com.tngtech.archunit.core.importer.JavaClassProcessor - Processing class 'org/apache/commons/io/output/ThresholdingOutputStream'
16:43:25.830 [Test worker] DEBUG com.tngtech.archunit.core.importer.JavaClassProcessor - Processing class 'org/assertj/core/internal/Objects'
16:43:25.830 [Test worker] DEBUG com.tngtech.archunit.core.importer.JavaClassProcessor - Processing class 'org/assertj/core/internal/Conditions'
16:43:25.830 [Test worker] DEBUG com.tngtech.archunit.core.importer.JavaClassProcessor - Processing class 'org/assertj/core/api/WritableAssertionInfo'
16:43:25.830 [Test worker] DEBUG com.tngtech.archunit.core.importer.JavaClassProcessor - Processing class 'org/assertj/core/presentation/Representation'
16:43:25.830 [Test worker] DEBUG com.tngtech.archunit.core.importer.JavaClassProcessor - Processing class 'org/assertj/core/error/AssertionErrorCreator'
16:43:25.830 [Test worker] DEBUG com.tngtech.archunit.core.importer.JavaClassProcessor - Processing class 'org/assertj/core/error/ErrorMessageFactory'
16:43:25.830 [Test worker] DEBUG com.tngtech.archunit.core.importer.JavaClassProcessor - Processing class 'org/assertj/core/api/InstanceOfAssertFactory'
16:43:25.838 [Test worker] DEBUG com.tngtech.archunit.core.importer.JavaClassProcessor - Processing class 'org/assertj/core/api/ThrowingConsumer'
16:43:25.840 [Test worker] DEBUG com.tngtech.archunit.core.importer.JavaClassProcessor - Processing class 'org/assertj/core/presentation/PredicateDescription'
16:43:25.840 [Test worker] DEBUG com.tngtech.archunit.core.importer.JavaClassProcessor - Processing class 'org/assertj/core/api/RecursiveComparisonAssert'
16:43:25.840 [Test worker] DEBUG com.tngtech.archunit.core.importer.JavaClassProcessor - Processing class 'org/assertj/core/api/recursive/comparison/RecursiveComparisonConfiguration'
16:43:25.840 [Test worker] DEBUG com.tngtech.archunit.core.importer.JavaClassProcessor - Processing class 'org/assertj/core/api/AssertFactory'
16:43:25.848 [Test worker] DEBUG com.tngtech.archunit.core.importer.JavaClassProcessor - Processing class 'org/assertj/core/internal/BigDecimals'
16:43:25.848 [Test worker] DEBUG com.tngtech.archunit.core.importer.JavaClassProcessor - Processing class 'org/assertj/core/data/Offset'
16:43:25.850 [Test worker] DEBUG com.tngtech.archunit.core.importer.JavaClassProcessor - Processing class 'org/assertj/core/data/Percentage'
16:43:25.850 [Test worker] DEBUG com.tngtech.archunit.core.importer.JavaClassProcessor - Processing class 'org/assertj/core/internal/BigIntegers'
16:43:25.850 [Test worker] DEBUG com.tngtech.archunit.core.importer.JavaClassProcessor - Processing class 'org/assertj/core/internal/BooleanArrays'
16:43:25.850 [Test worker] DEBUG com.tngtech.archunit.core.importer.JavaClassProcessor - Processing class 'org/assertj/core/data/Index'
16:43:25.850 [Test worker] DEBUG com.tngtech.archunit.core.importer.JavaClassProcessor - Processing class 'org/assertj/core/internal/Booleans'
16:43:25.850 [Test worker] DEBUG com.tngtech.archunit.core.importer.JavaClassProcessor - Processing class 'org/assertj/core/internal/ByteArrays'
16:43:25.860 [Test worker] DEBUG com.tngtech.archunit.core.importer.JavaClassProcessor - Processing class 'org/assertj/core/internal/Bytes'
16:43:25.860 [Test worker] DEBUG com.tngtech.archunit.core.importer.JavaClassProcessor - Processing class 'org/assertj/core/internal/CharArrays'
16:43:25.860 [Test worker] DEBUG com.tngtech.archunit.core.importer.JavaClassProcessor - Processing class 'org/assertj/core/internal/Strings'
16:43:25.868 [Test worker] DEBUG com.tngtech.archunit.core.importer.JavaClassProcessor - Processing class 'org/assertj/core/internal/Characters'
16:43:25.870 [Test worker] DEBUG com.tngtech.archunit.core.importer.JavaClassProcessor - Processing class 'org/assertj/core/internal/Classes'
16:43:25.870 [Test worker] DEBUG com.tngtech.archunit.core.importer.JavaClassProcessor - Processing class 'java/util/NavigableSet'
16:43:25.870 [Test worker] DEBUG com.tngtech.archunit.core.importer.JavaClassProcessor - Processing class 'org/assertj/core/internal/Comparables'
16:43:25.870 [Test worker] DEBUG com.tngtech.archunit.core.importer.JavaClassProcessor - Processing class 'org/assertj/core/internal/Futures'
16:43:25.878 [Test worker] DEBUG com.tngtech.archunit.core.importer.JavaClassProcessor - Processing class 'org/assertj/core/api/WithThrowable'
16:43:25.878 [Test worker] DEBUG com.tngtech.archunit.core.importer.JavaClassProcessor - Processing class 'org/assertj/core/internal/Dates'
16:43:25.880 [Test worker] DEBUG com.tngtech.archunit.core.importer.JavaClassProcessor - Processing class 'org/assertj/core/internal/DoubleArrays'
16:43:25.880 [Test worker] DEBUG com.tngtech.archunit.core.importer.JavaClassProcessor - Processing class 'org/assertj/core/internal/Doubles'
16:43:25.890 [Test worker] DEBUG com.tngtech.archunit.core.importer.JavaClassProcessor - Processing class 'org/assertj/core/internal/Files'
16:43:25.890 [Test worker] DEBUG com.tngtech.archunit.core.importer.JavaClassProcessor - Processing class 'org/assertj/core/api/AbstractFileSizeAssert'
16:43:25.890 [Test worker] DEBUG com.tngtech.archunit.core.importer.JavaClassProcessor - Processing class 'org/assertj/core/internal/FloatArrays'
16:43:25.890 [Test worker] DEBUG com.tngtech.archunit.core.importer.JavaClassProcessor - Processing class 'org/assertj/core/internal/Floats'
16:43:25.900 [Test worker] DEBUG com.tngtech.archunit.core.importer.JavaClassProcessor - Processing class 'org/assertj/core/internal/InputStreams'
16:43:25.900 [Test worker] DEBUG com.tngtech.archunit.core.importer.JavaClassProcessor - Processing class 'org/assertj/core/api/AssertionInfo'
16:43:25.900 [Test worker] DEBUG com.tngtech.archunit.core.importer.JavaClassProcessor - Processing class 'org/assertj/core/internal/IntArrays'
16:43:25.900 [Test worker] DEBUG com.tngtech.archunit.core.importer.JavaClassProcessor - Processing class 'org/assertj/core/internal/Integers'
16:43:25.908 [Test worker] DEBUG com.tngtech.archunit.core.importer.JavaClassProcessor - Processing class 'org/assertj/core/internal/TypeComparators'
16:43:25.908 [Test worker] DEBUG com.tngtech.archunit.core.importer.JavaClassProcessor - Processing class 'org/assertj/core/internal/Iterables'
16:43:25.910 [Test worker] DEBUG com.tngtech.archunit.core.importer.JavaClassProcessor - Processing class 'org/assertj/core/api/iterable/ThrowingExtractor'
16:43:25.910 [Test worker] DEBUG com.tngtech.archunit.core.importer.JavaClassProcessor - Processing class 'java/util/SortedSet'
16:43:25.910 [Test worker] DEBUG com.tngtech.archunit.core.importer.JavaClassProcessor - Processing class 'org/assertj/core/internal/ComparisonStrategy'
16:43:25.918 [Test worker] DEBUG com.tngtech.archunit.core.importer.JavaClassProcessor - Processing class 'org/assertj/core/api/filter/FilterOperator'
16:43:25.920 [Test worker] DEBUG com.tngtech.archunit.core.importer.JavaClassProcessor - Processing class 'org/assertj/core/api/AbstractIterableSizeAssert'
16:43:25.920 [Test worker] DEBUG com.tngtech.archunit.core.importer.JavaClassProcessor - Processing class 'org/assertj/core/internal/Iterators'
16:43:25.920 [Test worker] DEBUG com.tngtech.archunit.core.importer.JavaClassProcessor - Processing class 'org/assertj/core/internal/Lists'
16:43:25.940 [Test worker] DEBUG com.tngtech.archunit.core.importer.JavaClassProcessor - Processing class 'org/assertj/core/data/TemporalUnitOffset'
16:43:25.940 [Test worker] DEBUG com.tngtech.archunit.core.importer.JavaClassProcessor - Processing class 'org/assertj/core/internal/Longs'
16:43:25.948 [Test worker] DEBUG com.tngtech.archunit.core.importer.JavaClassProcessor - Processing class 'org/assertj/core/internal/LongArrays'
16:43:25.950 [Test worker] DEBUG com.tngtech.archunit.core.importer.JavaClassProcessor - Processing class 'org/assertj/core/internal/Maps'
16:43:25.950 [Test worker] DEBUG com.tngtech.archunit.core.importer.JavaClassProcessor - Processing class 'org/assertj/core/api/AbstractMapSizeAssert'
16:43:25.950 [Test worker] DEBUG com.tngtech.archunit.core.importer.JavaClassProcessor - Processing class 'org/assertj/core/internal/ObjectArrays'
16:43:25.961 [Test worker] DEBUG com.tngtech.archunit.core.importer.JavaClassProcessor - Processing class 'org/assertj/core/internal/Paths'
16:43:25.961 [Test worker] DEBUG com.tngtech.archunit.core.importer.JavaClassProcessor - Processing class 'org/assertj/core/internal/ShortArrays'
16:43:25.971 [Test worker] DEBUG com.tngtech.archunit.core.importer.JavaClassProcessor - Processing class 'org/assertj/core/internal/Shorts'
16:43:25.971 [Test worker] DEBUG com.tngtech.archunit.core.importer.JavaClassProcessor - Processing class 'org/assertj/core/internal/Spliterators'
16:43:25.971 [Test worker] DEBUG com.tngtech.archunit.core.importer.JavaClassProcessor - Processing class 'org/assertj/core/data/TemporalOffset'
16:43:25.971 [Test worker] DEBUG com.tngtech.archunit.core.importer.JavaClassProcessor - Processing class 'org/assertj/core/internal/Throwables'
16:43:25.971 [Test worker] DEBUG com.tngtech.archunit.core.importer.JavaClassProcessor - Processing class 'org/assertj/core/internal/Uris'
16:43:25.971 [Test worker] DEBUG com.tngtech.archunit.core.importer.JavaClassProcessor - Processing class 'org/assertj/core/internal/Urls'
16:43:25.979 [Test worker] DEBUG com.tngtech.archunit.core.importer.JavaClassProcessor - Processing class 'org/assertj/core/api/ClassBasedNavigableIterableAssert'
16:43:25.979 [Test worker] DEBUG com.tngtech.archunit.core.importer.JavaClassProcessor - Processing class 'org/assertj/core/api/ClassBasedNavigableListAssert'
16:43:25.979 [Test worker] DEBUG com.tngtech.archunit.core.importer.JavaClassProcessor - Processing class 'org/assertj/core/api/ThrowableAssert$ThrowingCallable'
16:43:25.979 [Test worker] DEBUG com.tngtech.archunit.core.importer.JavaClassProcessor - Processing class 'org/assertj/core/api/ThrowableTypeAssert'
16:43:25.979 [Test worker] DEBUG com.tngtech.archunit.core.importer.JavaClassProcessor - Processing class 'org/assertj/core/api/NotThrownAssert'
16:43:25.979 [Test worker] DEBUG com.tngtech.archunit.core.importer.JavaClassProcessor - Processing class 'org/assertj/core/groups/Properties'
16:43:25.979 [Test worker] DEBUG com.tngtech.archunit.core.importer.JavaClassProcessor - Processing class 'org/assertj/core/data/MapEntry'
16:43:25.989 [Test worker] DEBUG com.tngtech.archunit.core.importer.JavaClassProcessor - Processing class 'org/assertj/core/condition/DoesNotHave'
16:43:25.989 [Test worker] DEBUG com.tngtech.archunit.core.importer.JavaClassProcessor - Processing class 'org/assertj/core/condition/Not'
16:43:25.989 [Test worker] DEBUG com.tngtech.archunit.core.importer.JavaClassProcessor - Processing class 'org/assertj/core/api/filter/Filters'
16:43:25.991 [Test worker] DEBUG com.tngtech.archunit.core.importer.JavaClassProcessor - Processing class 'org/assertj/core/api/filter/InFilter'
16:43:25.991 [Test worker] DEBUG com.tngtech.archunit.core.importer.JavaClassProcessor - Processing class 'org/assertj/core/api/filter/NotInFilter'
16:43:25.991 [Test worker] DEBUG com.tngtech.archunit.core.importer.JavaClassProcessor - Processing class 'org/assertj/core/api/filter/NotFilter'
16:43:25.991 [Test worker] DEBUG com.tngtech.archunit.core.importer.JavaClassProcessor - Processing class 'org/assertj/core/api/AssertProvider'
16:43:25.991 [Test worker] DEBUG com.tngtech.archunit.core.importer.JavaClassProcessor - Processing class 'org/assertj/core/configuration/ConfigurationProvider'
16:43:26.001 [Test worker] DEBUG com.tngtech.archunit.core.importer.JavaClassProcessor - Processing class 'org/assertj/core/internal/Failures'
16:43:26.001 [Test worker] DEBUG com.tngtech.archunit.core.importer.JavaClassProcessor - Processing class 'org/assertj/core/internal/Boolean2DArrays'
16:43:26.001 [Test worker] DEBUG com.tngtech.archunit.core.importer.JavaClassProcessor - Processing class 'org/assertj/core/internal/Byte2DArrays'
16:43:26.001 [Test worker] DEBUG com.tngtech.archunit.core.importer.JavaClassProcessor - Processing class 'org/assertj/core/internal/Char2DArrays'
16:43:26.001 [Test worker] DEBUG com.tngtech.archunit.core.importer.JavaClassProcessor - Processing class 'org/assertj/core/api/Condition$Status'
16:43:26.001 [Test worker] DEBUG com.tngtech.archunit.core.importer.JavaClassProcessor - Processing class 'org/assertj/core/internal/Double2DArrays'
16:43:26.009 [Test worker] DEBUG com.tngtech.archunit.core.importer.JavaClassProcessor - Processing class 'org/assertj/core/internal/Float2DArrays'
16:43:26.009 [Test worker] DEBUG com.tngtech.archunit.core.importer.JavaClassProcessor - Processing class 'org/assertj/core/internal/Int2DArrays'
16:43:26.011 [Test worker] DEBUG com.tngtech.archunit.core.importer.JavaClassProcessor - Processing class 'org/assertj/core/api/ListAssert$ListFromStream'
16:43:26.011 [Test worker] DEBUG com.tngtech.archunit.core.importer.JavaClassProcessor - Processing class 'org/assertj/core/internal/Long2DArrays'
16:43:26.011 [Test worker] DEBUG com.tngtech.archunit.core.importer.JavaClassProcessor - Processing class 'org/assertj/core/internal/Object2DArrays'
16:43:26.011 [Test worker] DEBUG com.tngtech.archunit.core.importer.JavaClassProcessor - Processing class 'org/assertj/core/internal/Short2DArrays'
16:43:26.011 [Test worker] DEBUG com.tngtech.archunit.core.importer.JavaClassProcessor - Processing class 'org/junit/jupiter/api/extension/ExtensionContext'
16:43:26.021 [Test worker] DEBUG com.tngtech.archunit.core.importer.JavaClassProcessor - Processing class 'org/junit/jupiter/params/ParameterizedTestMethodContext'
16:43:26.021 [Test worker] DEBUG com.tngtech.archunit.core.importer.JavaClassProcessor - Processing class 'org/junit/jupiter/api/extension/ExtensionContext$Store'
16:43:26.021 [Test worker] DEBUG com.tngtech.archunit.core.importer.JavaClassProcessor - Processing class 'org/junit/jupiter/params/ParameterizedTestNameFormatter'
16:43:26.021 [Test worker] DEBUG com.tngtech.archunit.core.importer.JavaClassProcessor - Processing class 'org/junit/platform/commons/JUnitException'
16:43:26.052 [Test worker] DEBUG com.tngtech.archunit.core.importer.JavaClassProcessor - Processing class 'org/junit/jupiter/api/extension/ExtensionContext$Namespace'
16:43:26.052 [Test worker] DEBUG com.tngtech.archunit.core.importer.JavaClassProcessor - Processing class 'org/mockito/ArgumentMatcher'
16:43:26.052 [Test worker] DEBUG com.tngtech.archunit.core.importer.JavaClassProcessor - Processing class 'org/mockito/stubbing/Answer'
16:43:26.052 [Test worker] DEBUG com.tngtech.archunit.core.importer.JavaClassProcessor - Processing class 'org/mockito/mock/SerializableMode'
16:43:26.052 [Test worker] DEBUG com.tngtech.archunit.core.importer.JavaClassProcessor - Processing class 'org/mockito/listeners/StubbingLookupListener'
16:43:26.060 [Test worker] DEBUG com.tngtech.archunit.core.importer.JavaClassProcessor - Processing class 'org/mockito/listeners/InvocationListener'
16:43:26.062 [Test worker] DEBUG com.tngtech.archunit.core.importer.JavaClassProcessor - Processing class 'org/mockito/listeners/VerificationStartedListener'
16:43:26.062 [Test worker] DEBUG com.tngtech.archunit.core.importer.JavaClassProcessor - Processing class 'org/mockito/mock/MockCreationSettings'
16:43:26.062 [Test worker] DEBUG com.tngtech.archunit.core.importer.JavaClassProcessor - Processing class 'org/mockito/internal/MockitoCore'
16:43:26.062 [Test worker] DEBUG com.tngtech.archunit.core.importer.JavaClassProcessor - Processing class 'org/mockito/MockingDetails'
16:43:26.062 [Test worker] DEBUG com.tngtech.archunit.core.importer.JavaClassProcessor - Processing class 'org/mockito/MockedStatic'
16:43:26.062 [Test worker] DEBUG com.tngtech.archunit.core.importer.JavaClassProcessor - Processing class 'org/mockito/MockedConstruction$MockInitializer'
16:43:26.062 [Test worker] DEBUG com.tngtech.archunit.core.importer.JavaClassProcessor - Processing class 'org/mockito/verification/VerificationMode'
16:43:26.062 [Test worker] DEBUG com.tngtech.archunit.core.importer.JavaClassProcessor - Processing class 'org/mockito/stubbing/Stubber'
16:43:26.062 [Test worker] DEBUG com.tngtech.archunit.core.importer.JavaClassProcessor - Processing class 'org/mockito/InOrder'
16:43:26.062 [Test worker] DEBUG com.tngtech.archunit.core.importer.JavaClassProcessor - Processing class 'org/mockito/verification/VerificationWithTimeout'
16:43:26.062 [Test worker] DEBUG com.tngtech.archunit.core.importer.JavaClassProcessor - Processing class 'org/mockito/verification/VerificationAfterDelay'
16:43:26.062 [Test worker] DEBUG com.tngtech.archunit.core.importer.JavaClassProcessor - Processing class 'org/mockito/MockitoFramework'
16:43:26.070 [Test worker] DEBUG com.tngtech.archunit.core.importer.JavaClassProcessor - Processing class 'org/mockito/session/MockitoSessionBuilder'
16:43:26.070 [Test worker] DEBUG com.tngtech.archunit.core.importer.JavaClassProcessor - Processing class 'org/mockito/stubbing/LenientStubber'
16:43:26.070 [Test worker] DEBUG com.tngtech.archunit.core.importer.JavaClassProcessor - Processing class 'org/slf4j/Marker'
16:43:26.072 [Test worker] DEBUG com.tngtech.archunit.core.importer.JavaClassProcessor - Processing class 'org/slf4j/helpers/SubstituteLoggerFactory'
16:43:26.072 [Test worker] DEBUG com.tngtech.archunit.core.importer.JavaClassProcessor - Processing class 'org/slf4j/helpers/NOPLoggerFactory'
16:43:26.072 [Test worker] DEBUG com.tngtech.archunit.core.importer.JavaClassProcessor - Processing class 'org/slf4j/event/SubstituteLoggingEvent'
16:43:26.072 [Test worker] DEBUG com.tngtech.archunit.core.importer.JavaClassProcessor - Processing class 'org/slf4j/ILoggerFactory'
16:43:26.072 [Test worker] DEBUG com.tngtech.archunit.core.importer.JavaClassProcessor - Processing class 'sun/util/locale/LocaleSyntaxException'
16:43:26.072 [Test worker] DEBUG com.tngtech.archunit.core.importer.JavaClassProcessor - Processing class 'sun/util/locale/LanguageTag'
16:43:26.072 [Test worker] DEBUG com.tngtech.archunit.core.importer.JavaClassProcessor - Processing class 'sun/util/locale/UnicodeLocaleExtension'
]]></system-out>
  <system-err><![CDATA[]]></system-err>
</testsuite>
